[0.039s] Invoking command in '/home/lauren/husky_ws/build/husky_base': CMAKE_PREFIX_PATH=/home/lauren/husky_ws/install/husky_msgs:/home/lauren/husky_ws/install/husky_desktop:/home/lauren/husky_ws/install/husky_viz:/home/lauren/husky_ws/install/husky_simulator:/home/lauren/husky_ws/install/husky_robot:/home/lauren/husky_ws/install/husky_bringup:/home/lauren/husky_ws/install/husky_base:/home/lauren/husky_ws/install/husky_gazebo:/home/lauren/husky_ws/install/husky_control:/home/lauren/husky_ws/install/husky_description:/opt/ros/foxy:/home/lauren/catkin_ws/devel:/home/lauren/rbe502_ros/devel:/opt/ros/noetic LD_LIBRARY_PATH=/home/lauren/husky_ws/install/husky_msgs/lib:/home/lauren/husky_ws/install/husky_base/lib:/usr/lib/x86_64-linux-gnu/gazebo-11/plugins:/opt/ros/foxy/opt/yaml_cpp_vendor/lib:/opt/ros/foxy/opt/rviz_ogre_vendor/lib:/opt/ros/foxy/lib/x86_64-linux-gnu:/opt/ros/foxy/lib:/home/lauren/catkin_ws/devel/lib:/home/lauren/rbe502_ros/devel/lib:/opt/ros/noetic/lib /usr/bin/cmake --build /home/lauren/husky_ws/build/husky_base -- -j8 -l8
[0.102s] [100%] Built target husky_hardware
[0.112s] Invoked command in '/home/lauren/husky_ws/build/husky_base' returned '0': CMAKE_PREFIX_PATH=/home/lauren/husky_ws/install/husky_msgs:/home/lauren/husky_ws/install/husky_desktop:/home/lauren/husky_ws/install/husky_viz:/home/lauren/husky_ws/install/husky_simulator:/home/lauren/husky_ws/install/husky_robot:/home/lauren/husky_ws/install/husky_bringup:/home/lauren/husky_ws/install/husky_base:/home/lauren/husky_ws/install/husky_gazebo:/home/lauren/husky_ws/install/husky_control:/home/lauren/husky_ws/install/husky_description:/opt/ros/foxy:/home/lauren/catkin_ws/devel:/home/lauren/rbe502_ros/devel:/opt/ros/noetic LD_LIBRARY_PATH=/home/lauren/husky_ws/install/husky_msgs/lib:/home/lauren/husky_ws/install/husky_base/lib:/usr/lib/x86_64-linux-gnu/gazebo-11/plugins:/opt/ros/foxy/opt/yaml_cpp_vendor/lib:/opt/ros/foxy/opt/rviz_ogre_vendor/lib:/opt/ros/foxy/lib/x86_64-linux-gnu:/opt/ros/foxy/lib:/home/lauren/catkin_ws/devel/lib:/home/lauren/rbe502_ros/devel/lib:/opt/ros/noetic/lib /usr/bin/cmake --build /home/lauren/husky_ws/build/husky_base -- -j8 -l8
[0.165s] Invoking command in '/home/lauren/husky_ws/build/husky_base': CMAKE_PREFIX_PATH=/home/lauren/husky_ws/install/husky_msgs:/home/lauren/husky_ws/install/husky_desktop:/home/lauren/husky_ws/install/husky_viz:/home/lauren/husky_ws/install/husky_simulator:/home/lauren/husky_ws/install/husky_robot:/home/lauren/husky_ws/install/husky_bringup:/home/lauren/husky_ws/install/husky_base:/home/lauren/husky_ws/install/husky_gazebo:/home/lauren/husky_ws/install/husky_control:/home/lauren/husky_ws/install/husky_description:/opt/ros/foxy:/home/lauren/catkin_ws/devel:/home/lauren/rbe502_ros/devel:/opt/ros/noetic LD_LIBRARY_PATH=/home/lauren/husky_ws/install/husky_msgs/lib:/home/lauren/husky_ws/install/husky_base/lib:/usr/lib/x86_64-linux-gnu/gazebo-11/plugins:/opt/ros/foxy/opt/yaml_cpp_vendor/lib:/opt/ros/foxy/opt/rviz_ogre_vendor/lib:/opt/ros/foxy/lib/x86_64-linux-gnu:/opt/ros/foxy/lib:/home/lauren/catkin_ws/devel/lib:/home/lauren/rbe502_ros/devel/lib:/opt/ros/noetic/lib /usr/bin/cmake --install /home/lauren/husky_ws/build/husky_base
[0.172s] -- Install configuration: ""
[0.172s] -- Up-to-date: /home/lauren/husky_ws/install/husky_base/share/husky_base/husky_hardware.xml
[0.172s] -- Up-to-date: /home/lauren/husky_ws/install/husky_base/lib/libhusky_hardware.so
[0.173s] -- Up-to-date: /home/lauren/husky_ws/install/husky_base/include
[0.173s] -- Up-to-date: /home/lauren/husky_ws/install/husky_base/include/husky_base
[0.173s] -- Up-to-date: /home/lauren/husky_ws/install/husky_base/include/husky_base/horizon_legacy
[0.173s] -- Up-to-date: /home/lauren/husky_ws/install/husky_base/include/husky_base/horizon_legacy/crc.h
[0.173s] -- Up-to-date: /home/lauren/husky_ws/install/husky_base/include/husky_base/horizon_legacy/Message.h
[0.173s] -- Up-to-date: /home/lauren/husky_ws/install/husky_base/include/husky_base/horizon_legacy/Message_request.h
[0.174s] -- Up-to-date: /home/lauren/husky_ws/install/husky_base/include/husky_base/horizon_legacy/Message_cmd.h
[0.174s] -- Up-to-date: /home/lauren/husky_ws/install/husky_base/include/husky_base/horizon_legacy/serial.h
[0.174s] -- Up-to-date: /home/lauren/husky_ws/install/husky_base/include/husky_base/horizon_legacy/Logger.h
[0.174s] -- Up-to-date: /home/lauren/husky_ws/install/husky_base/include/husky_base/horizon_legacy/Transport.h
[0.174s] -- Up-to-date: /home/lauren/husky_ws/install/husky_base/include/husky_base/horizon_legacy/clearpath.h
[0.174s] -- Up-to-date: /home/lauren/husky_ws/install/husky_base/include/husky_base/horizon_legacy/Number.h
[0.174s] -- Up-to-date: /home/lauren/husky_ws/install/husky_base/include/husky_base/horizon_legacy/Message_data.h
[0.174s] -- Up-to-date: /home/lauren/husky_ws/install/husky_base/include/husky_base/horizon_legacy/Exception.h
[0.174s] -- Up-to-date: /home/lauren/husky_ws/install/husky_base/include/husky_base/husky_diagnostics.h
[0.174s] -- Up-to-date: /home/lauren/husky_ws/install/husky_base/include/husky_base/husky_hardware.hpp
[0.174s] -- Up-to-date: /home/lauren/husky_ws/install/husky_base/include/husky_base/horizon_legacy_wrapper.h
[0.174s] -- Up-to-date: /home/lauren/husky_ws/install/husky_base/share/husky_base/launch
[0.175s] -- Up-to-date: /home/lauren/husky_ws/install/husky_base/share/husky_base/launch/base.launch
[0.175s] -- Up-to-date: /home/lauren/husky_ws/install/husky_base/share/husky_base/launch/base.launch.py
[0.175s] -- Up-to-date: /home/lauren/husky_ws/install/husky_base/share/husky_base/environment/library_path.sh
[0.175s] -- Up-to-date: /home/lauren/husky_ws/install/husky_base/share/husky_base/environment/library_path.dsv
[0.175s] -- Up-to-date: /home/lauren/husky_ws/install/husky_base/share/ament_index/resource_index/package_run_dependencies/husky_base
[0.175s] -- Up-to-date: /home/lauren/husky_ws/install/husky_base/share/ament_index/resource_index/parent_prefix_path/husky_base
[0.175s] -- Up-to-date: /home/lauren/husky_ws/install/husky_base/share/husky_base/environment/ament_prefix_path.sh
[0.175s] -- Up-to-date: /home/lauren/husky_ws/install/husky_base/share/husky_base/environment/ament_prefix_path.dsv
[0.175s] -- Up-to-date: /home/lauren/husky_ws/install/husky_base/share/husky_base/environment/path.sh
[0.175s] -- Up-to-date: /home/lauren/husky_ws/install/husky_base/share/husky_base/environment/path.dsv
[0.175s] -- Up-to-date: /home/lauren/husky_ws/install/husky_base/share/husky_base/local_setup.bash
[0.175s] -- Up-to-date: /home/lauren/husky_ws/install/husky_base/share/husky_base/local_setup.sh
[0.175s] -- Up-to-date: /home/lauren/husky_ws/install/husky_base/share/husky_base/local_setup.zsh
[0.175s] -- Up-to-date: /home/lauren/husky_ws/install/husky_base/share/husky_base/local_setup.dsv
[0.176s] -- Installing: /home/lauren/husky_ws/install/husky_base/share/husky_base/package.dsv
[0.176s] -- Up-to-date: /home/lauren/husky_ws/install/husky_base/share/ament_index/resource_index/packages/husky_base
[0.176s] -- Up-to-date: /home/lauren/husky_ws/install/husky_base/share/ament_index/resource_index/hardware_interface__pluginlib__plugin/husky_base
[0.180s] -- Up-to-date: /home/lauren/husky_ws/install/husky_base/share/husky_base/cmake/ament_cmake_export_include_directories-extras.cmake
[0.180s] -- Up-to-date: /home/lauren/husky_ws/install/husky_base/share/husky_base/cmake/ament_cmake_export_libraries-extras.cmake
[0.180s] -- Up-to-date: /home/lauren/husky_ws/install/husky_base/share/husky_base/cmake/ament_cmake_export_dependencies-extras.cmake
[0.180s] -- Up-to-date: /home/lauren/husky_ws/install/husky_base/share/husky_base/cmake/husky_baseConfig.cmake
[0.180s] -- Up-to-date: /home/lauren/husky_ws/install/husky_base/share/husky_base/cmake/husky_baseConfig-version.cmake
[0.180s] -- Up-to-date: /home/lauren/husky_ws/install/husky_base/share/husky_base/package.xml
[0.184s] Invoked command in '/home/lauren/husky_ws/build/husky_base' returned '0': CMAKE_PREFIX_PATH=/home/lauren/husky_ws/install/husky_msgs:/home/lauren/husky_ws/install/husky_desktop:/home/lauren/husky_ws/install/husky_viz:/home/lauren/husky_ws/install/husky_simulator:/home/lauren/husky_ws/install/husky_robot:/home/lauren/husky_ws/install/husky_bringup:/home/lauren/husky_ws/install/husky_base:/home/lauren/husky_ws/install/husky_gazebo:/home/lauren/husky_ws/install/husky_control:/home/lauren/husky_ws/install/husky_description:/opt/ros/foxy:/home/lauren/catkin_ws/devel:/home/lauren/rbe502_ros/devel:/opt/ros/noetic LD_LIBRARY_PATH=/home/lauren/husky_ws/install/husky_msgs/lib:/home/lauren/husky_ws/install/husky_base/lib:/usr/lib/x86_64-linux-gnu/gazebo-11/plugins:/opt/ros/foxy/opt/yaml_cpp_vendor/lib:/opt/ros/foxy/opt/rviz_ogre_vendor/lib:/opt/ros/foxy/lib/x86_64-linux-gnu:/opt/ros/foxy/lib:/home/lauren/catkin_ws/devel/lib:/home/lauren/rbe502_ros/devel/lib:/opt/ros/noetic/lib /usr/bin/cmake --install /home/lauren/husky_ws/build/husky_base
