[0.028s] Invoking command in '/home/lauren/husky_ws/build/husky_simulator': CMAKE_PREFIX_PATH=/home/lauren/husky_ws/install/husky_gazebo:/home/lauren/husky_ws/install/husky_control:/home/lauren/husky_ws/install/husky_description:/home/lauren/husky_ws/install/husky_desktop:/home/lauren/husky_ws/install/husky_viz:/home/lauren/husky_ws/install/husky_simulator:/home/lauren/husky_ws/install/husky_robot:/home/lauren/husky_ws/install/husky_bringup:/home/lauren/husky_ws/install/husky_base:/home/lauren/husky_ws/install/husky_msgs:/opt/ros/foxy:/home/lauren/catkin_ws/devel:/home/lauren/rbe502_ros/devel:/opt/ros/noetic /usr/bin/cmake --build /home/lauren/husky_ws/build/husky_simulator -- -j8 -l8
[0.069s] Invoked command in '/home/lauren/husky_ws/build/husky_simulator' returned '0': CMAKE_PREFIX_PATH=/home/lauren/husky_ws/install/husky_gazebo:/home/lauren/husky_ws/install/husky_control:/home/lauren/husky_ws/install/husky_description:/home/lauren/husky_ws/install/husky_desktop:/home/lauren/husky_ws/install/husky_viz:/home/lauren/husky_ws/install/husky_simulator:/home/lauren/husky_ws/install/husky_robot:/home/lauren/husky_ws/install/husky_bringup:/home/lauren/husky_ws/install/husky_base:/home/lauren/husky_ws/install/husky_msgs:/opt/ros/foxy:/home/lauren/catkin_ws/devel:/home/lauren/rbe502_ros/devel:/opt/ros/noetic /usr/bin/cmake --build /home/lauren/husky_ws/build/husky_simulator -- -j8 -l8
[0.107s] Invoking command in '/home/lauren/husky_ws/build/husky_simulator': CMAKE_PREFIX_PATH=/home/lauren/husky_ws/install/husky_gazebo:/home/lauren/husky_ws/install/husky_control:/home/lauren/husky_ws/install/husky_description:/home/lauren/husky_ws/install/husky_desktop:/home/lauren/husky_ws/install/husky_viz:/home/lauren/husky_ws/install/husky_simulator:/home/lauren/husky_ws/install/husky_robot:/home/lauren/husky_ws/install/husky_bringup:/home/lauren/husky_ws/install/husky_base:/home/lauren/husky_ws/install/husky_msgs:/opt/ros/foxy:/home/lauren/catkin_ws/devel:/home/lauren/rbe502_ros/devel:/opt/ros/noetic /usr/bin/cmake --install /home/lauren/husky_ws/build/husky_simulator
[0.124s] -- Install configuration: ""
[0.127s] -- Up-to-date: /home/lauren/husky_ws/install/husky_simulator/share/ament_index/resource_index/package_run_dependencies/husky_simulator
[0.127s] -- Up-to-date: /home/lauren/husky_ws/install/husky_simulator/share/ament_index/resource_index/parent_prefix_path/husky_simulator
[0.127s] -- Up-to-date: /home/lauren/husky_ws/install/husky_simulator/share/husky_simulator/environment/ament_prefix_path.sh
[0.127s] -- Up-to-date: /home/lauren/husky_ws/install/husky_simulator/share/husky_simulator/environment/ament_prefix_path.dsv
[0.127s] -- Up-to-date: /home/lauren/husky_ws/install/husky_simulator/share/husky_simulator/environment/path.sh
[0.128s] -- Up-to-date: /home/lauren/husky_ws/install/husky_simulator/share/husky_simulator/environment/path.dsv
[0.128s] -- Up-to-date: /home/lauren/husky_ws/install/husky_simulator/share/husky_simulator/local_setup.bash
[0.128s] -- Up-to-date: /home/lauren/husky_ws/install/husky_simulator/share/husky_simulator/local_setup.sh
[0.128s] -- Up-to-date: /home/lauren/husky_ws/install/husky_simulator/share/husky_simulator/local_setup.zsh
[0.128s] -- Up-to-date: /home/lauren/husky_ws/install/husky_simulator/share/husky_simulator/local_setup.dsv
[0.128s] -- Installing: /home/lauren/husky_ws/install/husky_simulator/share/husky_simulator/package.dsv
[0.130s] -- Up-to-date: /home/lauren/husky_ws/install/husky_simulator/share/ament_index/resource_index/packages/husky_simulator
[0.131s] -- Up-to-date: /home/lauren/husky_ws/install/husky_simulator/share/husky_simulator/cmake/husky_simulatorConfig.cmake
[0.131s] -- Up-to-date: /home/lauren/husky_ws/install/husky_simulator/share/husky_simulator/cmake/husky_simulatorConfig-version.cmake
[0.131s] -- Up-to-date: /home/lauren/husky_ws/install/husky_simulator/share/husky_simulator/package.xml
[0.132s] Invoked command in '/home/lauren/husky_ws/build/husky_simulator' returned '0': CMAKE_PREFIX_PATH=/home/lauren/husky_ws/install/husky_gazebo:/home/lauren/husky_ws/install/husky_control:/home/lauren/husky_ws/install/husky_description:/home/lauren/husky_ws/install/husky_desktop:/home/lauren/husky_ws/install/husky_viz:/home/lauren/husky_ws/install/husky_simulator:/home/lauren/husky_ws/install/husky_robot:/home/lauren/husky_ws/install/husky_bringup:/home/lauren/husky_ws/install/husky_base:/home/lauren/husky_ws/install/husky_msgs:/opt/ros/foxy:/home/lauren/catkin_ws/devel:/home/lauren/rbe502_ros/devel:/opt/ros/noetic /usr/bin/cmake --install /home/lauren/husky_ws/build/husky_simulator
