[0.018s] Invoking command in '/home/lauren/husky_ws/build/husky_robot': CMAKE_PREFIX_PATH=/home/lauren/husky_ws/install/husky_bringup:/home/lauren/husky_ws/install/husky_control:/home/lauren/husky_ws/install/husky_base:/home/lauren/husky_ws/install/husky_msgs:/home/lauren/husky_ws/install/husky_description:/home/lauren/husky_ws/install/husky_desktop:/home/lauren/husky_ws/install/husky_viz:/home/lauren/husky_ws/install/husky_simulator:/home/lauren/husky_ws/install/husky_robot:/home/lauren/husky_ws/install/husky_gazebo:/opt/ros/foxy:/home/lauren/catkin_ws/devel:/home/lauren/rbe502_ros/devel:/opt/ros/noetic /usr/bin/cmake --build /home/lauren/husky_ws/build/husky_robot -- -j8 -l8
[0.054s] Invoked command in '/home/lauren/husky_ws/build/husky_robot' returned '0': CMAKE_PREFIX_PATH=/home/lauren/husky_ws/install/husky_bringup:/home/lauren/husky_ws/install/husky_control:/home/lauren/husky_ws/install/husky_base:/home/lauren/husky_ws/install/husky_msgs:/home/lauren/husky_ws/install/husky_description:/home/lauren/husky_ws/install/husky_desktop:/home/lauren/husky_ws/install/husky_viz:/home/lauren/husky_ws/install/husky_simulator:/home/lauren/husky_ws/install/husky_robot:/home/lauren/husky_ws/install/husky_gazebo:/opt/ros/foxy:/home/lauren/catkin_ws/devel:/home/lauren/rbe502_ros/devel:/opt/ros/noetic /usr/bin/cmake --build /home/lauren/husky_ws/build/husky_robot -- -j8 -l8
[0.077s] Invoking command in '/home/lauren/husky_ws/build/husky_robot': CMAKE_PREFIX_PATH=/home/lauren/husky_ws/install/husky_bringup:/home/lauren/husky_ws/install/husky_control:/home/lauren/husky_ws/install/husky_base:/home/lauren/husky_ws/install/husky_msgs:/home/lauren/husky_ws/install/husky_description:/home/lauren/husky_ws/install/husky_desktop:/home/lauren/husky_ws/install/husky_viz:/home/lauren/husky_ws/install/husky_simulator:/home/lauren/husky_ws/install/husky_robot:/home/lauren/husky_ws/install/husky_gazebo:/opt/ros/foxy:/home/lauren/catkin_ws/devel:/home/lauren/rbe502_ros/devel:/opt/ros/noetic /usr/bin/cmake --install /home/lauren/husky_ws/build/husky_robot
[0.084s] -- Install configuration: ""
[0.085s] -- Up-to-date: /home/lauren/husky_ws/install/husky_robot/share/ament_index/resource_index/package_run_dependencies/husky_robot
[0.085s] -- Up-to-date: /home/lauren/husky_ws/install/husky_robot/share/ament_index/resource_index/parent_prefix_path/husky_robot
[0.085s] -- Up-to-date: /home/lauren/husky_ws/install/husky_robot/share/husky_robot/environment/ament_prefix_path.sh
[0.085s] -- Up-to-date: /home/lauren/husky_ws/install/husky_robot/share/husky_robot/environment/ament_prefix_path.dsv
[0.085s] -- Up-to-date: /home/lauren/husky_ws/install/husky_robot/share/husky_robot/environment/path.sh
[0.085s] -- Up-to-date: /home/lauren/husky_ws/install/husky_robot/share/husky_robot/environment/path.dsv
[0.085s] -- Up-to-date: /home/lauren/husky_ws/install/husky_robot/share/husky_robot/local_setup.bash
[0.085s] -- Up-to-date: /home/lauren/husky_ws/install/husky_robot/share/husky_robot/local_setup.sh
[0.085s] -- Up-to-date: /home/lauren/husky_ws/install/husky_robot/share/husky_robot/local_setup.zsh
[0.085s] -- Up-to-date: /home/lauren/husky_ws/install/husky_robot/share/husky_robot/local_setup.dsv
[0.085s] -- Installing: /home/lauren/husky_ws/install/husky_robot/share/husky_robot/package.dsv
[0.085s] -- Up-to-date: /home/lauren/husky_ws/install/husky_robot/share/ament_index/resource_index/packages/husky_robot
[0.085s] -- Up-to-date: /home/lauren/husky_ws/install/husky_robot/share/husky_robot/cmake/husky_robotConfig.cmake
[0.086s] -- Up-to-date: /home/lauren/husky_ws/install/husky_robot/share/husky_robot/cmake/husky_robotConfig-version.cmake
[0.086s] -- Up-to-date: /home/lauren/husky_ws/install/husky_robot/share/husky_robot/package.xml
[0.089s] Invoked command in '/home/lauren/husky_ws/build/husky_robot' returned '0': CMAKE_PREFIX_PATH=/home/lauren/husky_ws/install/husky_bringup:/home/lauren/husky_ws/install/husky_control:/home/lauren/husky_ws/install/husky_base:/home/lauren/husky_ws/install/husky_msgs:/home/lauren/husky_ws/install/husky_description:/home/lauren/husky_ws/install/husky_desktop:/home/lauren/husky_ws/install/husky_viz:/home/lauren/husky_ws/install/husky_simulator:/home/lauren/husky_ws/install/husky_robot:/home/lauren/husky_ws/install/husky_gazebo:/opt/ros/foxy:/home/lauren/catkin_ws/devel:/home/lauren/rbe502_ros/devel:/opt/ros/noetic /usr/bin/cmake --install /home/lauren/husky_ws/build/husky_robot
