[0.045s] Invoking command in '/home/lauren/husky_ws/build/husky_base': AMENT_PREFIX_PATH=/home/lauren/husky_ws/install/husky_msgs:${AMENT_PREFIX_PATH} CMAKE_PREFIX_PATH=/home/lauren/husky_ws/install/husky_msgs:/opt/ros/foxy:${CMAKE_PREFIX_PATH} LD_LIBRARY_PATH=/home/lauren/husky_ws/install/husky_msgs/lib:${LD_LIBRARY_PATH} PYTHONPATH=/home/lauren/husky_ws/install/husky_msgs/lib/python3.8/site-packages:${PYTHONPATH} /usr/bin/cmake --build /home/lauren/husky_ws/build/husky_base -- -j8 -l8
[0.109s] [100%] Built target husky_hardware
[0.120s] Invoked command in '/home/lauren/husky_ws/build/husky_base' returned '0': AMENT_PREFIX_PATH=/home/lauren/husky_ws/install/husky_msgs:${AMENT_PREFIX_PATH} CMAKE_PREFIX_PATH=/home/lauren/husky_ws/install/husky_msgs:/opt/ros/foxy:${CMAKE_PREFIX_PATH} LD_LIBRARY_PATH=/home/lauren/husky_ws/install/husky_msgs/lib:${LD_LIBRARY_PATH} PYTHONPATH=/home/lauren/husky_ws/install/husky_msgs/lib/python3.8/site-packages:${PYTHONPATH} /usr/bin/cmake --build /home/lauren/husky_ws/build/husky_base -- -j8 -l8
[0.170s] Invoking command in '/home/lauren/husky_ws/build/husky_base': AMENT_PREFIX_PATH=/home/lauren/husky_ws/install/husky_msgs:${AMENT_PREFIX_PATH} CMAKE_PREFIX_PATH=/home/lauren/husky_ws/install/husky_msgs:/opt/ros/foxy:${CMAKE_PREFIX_PATH} LD_LIBRARY_PATH=/home/lauren/husky_ws/install/husky_msgs/lib:${LD_LIBRARY_PATH} PYTHONPATH=/home/lauren/husky_ws/install/husky_msgs/lib/python3.8/site-packages:${PYTHONPATH} /usr/bin/cmake --install /home/lauren/husky_ws/build/husky_base
[0.181s] -- Install configuration: ""
[0.181s] -- Up-to-date: /home/lauren/husky_ws/install/husky_base/share/husky_base/husky_hardware.xml
[0.182s] -- Up-to-date: /home/lauren/husky_ws/install/husky_base/lib/libhusky_hardware.so
[0.183s] -- Up-to-date: /home/lauren/husky_ws/install/husky_base/include
[0.184s] -- Up-to-date: /home/lauren/husky_ws/install/husky_base/include/husky_base
[0.184s] -- Up-to-date: /home/lauren/husky_ws/install/husky_base/include/husky_base/horizon_legacy
[0.184s] -- Up-to-date: /home/lauren/husky_ws/install/husky_base/include/husky_base/horizon_legacy/crc.h
[0.184s] -- Up-to-date: /home/lauren/husky_ws/install/husky_base/include/husky_base/horizon_legacy/Message.h
[0.184s] -- Up-to-date: /home/lauren/husky_ws/install/husky_base/include/husky_base/horizon_legacy/Message_request.h
[0.184s] -- Up-to-date: /home/lauren/husky_ws/install/husky_base/include/husky_base/horizon_legacy/Message_cmd.h
[0.185s] -- Up-to-date: /home/lauren/husky_ws/install/husky_base/include/husky_base/horizon_legacy/serial.h
[0.185s] -- Up-to-date: /home/lauren/husky_ws/install/husky_base/include/husky_base/horizon_legacy/Logger.h
[0.185s] -- Up-to-date: /home/lauren/husky_ws/install/husky_base/include/husky_base/horizon_legacy/Transport.h
[0.185s] -- Up-to-date: /home/lauren/husky_ws/install/husky_base/include/husky_base/horizon_legacy/clearpath.h
[0.186s] -- Up-to-date: /home/lauren/husky_ws/install/husky_base/include/husky_base/horizon_legacy/Number.h
[0.186s] -- Up-to-date: /home/lauren/husky_ws/install/husky_base/include/husky_base/horizon_legacy/Message_data.h
[0.186s] -- Up-to-date: /home/lauren/husky_ws/install/husky_base/include/husky_base/horizon_legacy/Exception.h
[0.186s] -- Up-to-date: /home/lauren/husky_ws/install/husky_base/include/husky_base/husky_diagnostics.h
[0.186s] -- Up-to-date: /home/lauren/husky_ws/install/husky_base/include/husky_base/husky_hardware.hpp
[0.186s] -- Up-to-date: /home/lauren/husky_ws/install/husky_base/include/husky_base/horizon_legacy_wrapper.h
[0.187s] -- Up-to-date: /home/lauren/husky_ws/install/husky_base/share/husky_base/launch
[0.187s] -- Up-to-date: /home/lauren/husky_ws/install/husky_base/share/husky_base/launch/base.launch
[0.187s] -- Up-to-date: /home/lauren/husky_ws/install/husky_base/share/husky_base/launch/base.launch.py
[0.187s] -- Up-to-date: /home/lauren/husky_ws/install/husky_base/share/husky_base/environment/library_path.sh
[0.187s] -- Up-to-date: /home/lauren/husky_ws/install/husky_base/share/husky_base/environment/library_path.dsv
[0.188s] -- Up-to-date: /home/lauren/husky_ws/install/husky_base/share/ament_index/resource_index/package_run_dependencies/husky_base
[0.188s] -- Up-to-date: /home/lauren/husky_ws/install/husky_base/share/ament_index/resource_index/parent_prefix_path/husky_base
[0.188s] -- Up-to-date: /home/lauren/husky_ws/install/husky_base/share/husky_base/environment/ament_prefix_path.sh
[0.190s] -- Up-to-date: /home/lauren/husky_ws/install/husky_base/share/husky_base/environment/ament_prefix_path.dsv
[0.191s] -- Up-to-date: /home/lauren/husky_ws/install/husky_base/share/husky_base/environment/path.sh
[0.191s] -- Up-to-date: /home/lauren/husky_ws/install/husky_base/share/husky_base/environment/path.dsv
[0.191s] -- Up-to-date: /home/lauren/husky_ws/install/husky_base/share/husky_base/local_setup.bash
[0.191s] -- Up-to-date: /home/lauren/husky_ws/install/husky_base/share/husky_base/local_setup.sh
[0.191s] -- Up-to-date: /home/lauren/husky_ws/install/husky_base/share/husky_base/local_setup.zsh
[0.191s] -- Up-to-date: /home/lauren/husky_ws/install/husky_base/share/husky_base/local_setup.dsv
[0.191s] -- Installing: /home/lauren/husky_ws/install/husky_base/share/husky_base/package.dsv
[0.192s] -- Up-to-date: /home/lauren/husky_ws/install/husky_base/share/ament_index/resource_index/packages/husky_base
[0.192s] -- Up-to-date: /home/lauren/husky_ws/install/husky_base/share/ament_index/resource_index/hardware_interface__pluginlib__plugin/husky_base
[0.192s] -- Up-to-date: /home/lauren/husky_ws/install/husky_base/share/husky_base/cmake/ament_cmake_export_include_directories-extras.cmake
[0.192s] -- Up-to-date: /home/lauren/husky_ws/install/husky_base/share/husky_base/cmake/ament_cmake_export_libraries-extras.cmake
[0.192s] -- Up-to-date: /home/lauren/husky_ws/install/husky_base/share/husky_base/cmake/ament_cmake_export_dependencies-extras.cmake
[0.192s] -- Up-to-date: /home/lauren/husky_ws/install/husky_base/share/husky_base/cmake/husky_baseConfig.cmake
[0.192s] -- Up-to-date: /home/lauren/husky_ws/install/husky_base/share/husky_base/cmake/husky_baseConfig-version.cmake
[0.192s] -- Up-to-date: /home/lauren/husky_ws/install/husky_base/share/husky_base/package.xml
[0.194s] Invoked command in '/home/lauren/husky_ws/build/husky_base' returned '0': AMENT_PREFIX_PATH=/home/lauren/husky_ws/install/husky_msgs:${AMENT_PREFIX_PATH} CMAKE_PREFIX_PATH=/home/lauren/husky_ws/install/husky_msgs:/opt/ros/foxy:${CMAKE_PREFIX_PATH} LD_LIBRARY_PATH=/home/lauren/husky_ws/install/husky_msgs/lib:${LD_LIBRARY_PATH} PYTHONPATH=/home/lauren/husky_ws/install/husky_msgs/lib/python3.8/site-packages:${PYTHONPATH} /usr/bin/cmake --install /home/lauren/husky_ws/build/husky_base
