[0.020s] Invoking command in '/home/lauren/husky_ws/build/husky_desktop': AMENT_PREFIX_PATH=/home/lauren/husky_ws/install/husky_viz:/home/lauren/husky_ws/install/husky_msgs:/home/lauren/husky_ws/install/husky_description:${AMENT_PREFIX_PATH} CMAKE_PREFIX_PATH=/home/lauren/husky_ws/install/husky_viz:/home/lauren/husky_ws/install/husky_msgs:/home/lauren/husky_ws/install/husky_description:/opt/ros/foxy:${CMAKE_PREFIX_PATH} LD_LIBRARY_PATH=/home/lauren/husky_ws/install/husky_msgs/lib:${LD_LIBRARY_PATH} PYTHONPATH=/home/lauren/husky_ws/install/husky_msgs/lib/python3.8/site-packages:${PYTHONPATH} /usr/bin/cmake /home/lauren/husky_ws/src/husky/husky_desktop -DCMAKE_INSTALL_PREFIX=/home/lauren/husky_ws/install/husky_desktop
[0.070s] -- The C compiler identification is GNU 9.4.0
[0.123s] -- The CXX compiler identification is GNU 9.4.0
[0.128s] -- Check for working C compiler: /usr/bin/cc
[0.191s] -- Check for working C compiler: /usr/bin/cc -- works
[0.192s] -- Detecting C compiler ABI info
[0.258s] -- Detecting C compiler ABI info - done
[0.270s] -- Detecting C compile features
[0.270s] -- Detecting C compile features - done
[0.273s] -- Check for working CXX compiler: /usr/bin/c++
[0.350s] -- Check for working CXX compiler: /usr/bin/c++ -- works
[0.351s] -- Detecting CXX compiler ABI info
[0.430s] -- Detecting CXX compiler ABI info - done
[0.442s] -- Detecting CXX compile features
[0.442s] -- Detecting CXX compile features - done
[0.445s] -- Found ament_cmake: 0.9.9 (/opt/ros/foxy/share/ament_cmake/cmake)
[0.470s] -- Found PythonInterp: /usr/bin/python3 (found suitable version "3.8.10", minimum required is "3") 
[0.470s] -- Using PYTHON_EXECUTABLE: /usr/bin/python3
[0.772s] -- Configuring done
[0.773s] -- Generating done
[0.774s] -- Build files have been written to: /home/lauren/husky_ws/build/husky_desktop
[0.778s] Invoked command in '/home/lauren/husky_ws/build/husky_desktop' returned '0': AMENT_PREFIX_PATH=/home/lauren/husky_ws/install/husky_viz:/home/lauren/husky_ws/install/husky_msgs:/home/lauren/husky_ws/install/husky_description:${AMENT_PREFIX_PATH} CMAKE_PREFIX_PATH=/home/lauren/husky_ws/install/husky_viz:/home/lauren/husky_ws/install/husky_msgs:/home/lauren/husky_ws/install/husky_description:/opt/ros/foxy:${CMAKE_PREFIX_PATH} LD_LIBRARY_PATH=/home/lauren/husky_ws/install/husky_msgs/lib:${LD_LIBRARY_PATH} PYTHONPATH=/home/lauren/husky_ws/install/husky_msgs/lib/python3.8/site-packages:${PYTHONPATH} /usr/bin/cmake /home/lauren/husky_ws/src/husky/husky_desktop -DCMAKE_INSTALL_PREFIX=/home/lauren/husky_ws/install/husky_desktop
[0.779s] Invoking command in '/home/lauren/husky_ws/build/husky_desktop': AMENT_PREFIX_PATH=/home/lauren/husky_ws/install/husky_viz:/home/lauren/husky_ws/install/husky_msgs:/home/lauren/husky_ws/install/husky_description:${AMENT_PREFIX_PATH} CMAKE_PREFIX_PATH=/home/lauren/husky_ws/install/husky_viz:/home/lauren/husky_ws/install/husky_msgs:/home/lauren/husky_ws/install/husky_description:/opt/ros/foxy:${CMAKE_PREFIX_PATH} LD_LIBRARY_PATH=/home/lauren/husky_ws/install/husky_msgs/lib:${LD_LIBRARY_PATH} PYTHONPATH=/home/lauren/husky_ws/install/husky_msgs/lib/python3.8/site-packages:${PYTHONPATH} /usr/bin/cmake --build /home/lauren/husky_ws/build/husky_desktop -- -j8 -l8
[0.821s] Invoked command in '/home/lauren/husky_ws/build/husky_desktop' returned '0': AMENT_PREFIX_PATH=/home/lauren/husky_ws/install/husky_viz:/home/lauren/husky_ws/install/husky_msgs:/home/lauren/husky_ws/install/husky_description:${AMENT_PREFIX_PATH} CMAKE_PREFIX_PATH=/home/lauren/husky_ws/install/husky_viz:/home/lauren/husky_ws/install/husky_msgs:/home/lauren/husky_ws/install/husky_description:/opt/ros/foxy:${CMAKE_PREFIX_PATH} LD_LIBRARY_PATH=/home/lauren/husky_ws/install/husky_msgs/lib:${LD_LIBRARY_PATH} PYTHONPATH=/home/lauren/husky_ws/install/husky_msgs/lib/python3.8/site-packages:${PYTHONPATH} /usr/bin/cmake --build /home/lauren/husky_ws/build/husky_desktop -- -j8 -l8
[0.843s] Invoking command in '/home/lauren/husky_ws/build/husky_desktop': AMENT_PREFIX_PATH=/home/lauren/husky_ws/install/husky_viz:/home/lauren/husky_ws/install/husky_msgs:/home/lauren/husky_ws/install/husky_description:${AMENT_PREFIX_PATH} CMAKE_PREFIX_PATH=/home/lauren/husky_ws/install/husky_viz:/home/lauren/husky_ws/install/husky_msgs:/home/lauren/husky_ws/install/husky_description:/opt/ros/foxy:${CMAKE_PREFIX_PATH} LD_LIBRARY_PATH=/home/lauren/husky_ws/install/husky_msgs/lib:${LD_LIBRARY_PATH} PYTHONPATH=/home/lauren/husky_ws/install/husky_msgs/lib/python3.8/site-packages:${PYTHONPATH} /usr/bin/cmake --install /home/lauren/husky_ws/build/husky_desktop
[0.851s] -- Install configuration: ""
[0.851s] -- Installing: /home/lauren/husky_ws/install/husky_desktop/share/ament_index/resource_index/package_run_dependencies/husky_desktop
[0.851s] -- Installing: /home/lauren/husky_ws/install/husky_desktop/share/ament_index/resource_index/parent_prefix_path/husky_desktop
[0.852s] -- Installing: /home/lauren/husky_ws/install/husky_desktop/share/husky_desktop/environment/ament_prefix_path.sh
[0.852s] -- Installing: /home/lauren/husky_ws/install/husky_desktop/share/husky_desktop/environment/ament_prefix_path.dsv
[0.852s] -- Installing: /home/lauren/husky_ws/install/husky_desktop/share/husky_desktop/environment/path.sh
[0.852s] -- Installing: /home/lauren/husky_ws/install/husky_desktop/share/husky_desktop/environment/path.dsv
[0.852s] -- Installing: /home/lauren/husky_ws/install/husky_desktop/share/husky_desktop/local_setup.bash
[0.852s] -- Installing: /home/lauren/husky_ws/install/husky_desktop/share/husky_desktop/local_setup.sh
[0.852s] -- Installing: /home/lauren/husky_ws/install/husky_desktop/share/husky_desktop/local_setup.zsh
[0.852s] -- Installing: /home/lauren/husky_ws/install/husky_desktop/share/husky_desktop/local_setup.dsv
[0.853s] -- Installing: /home/lauren/husky_ws/install/husky_desktop/share/husky_desktop/package.dsv
[0.853s] -- Installing: /home/lauren/husky_ws/install/husky_desktop/share/ament_index/resource_index/packages/husky_desktop
[0.853s] -- Installing: /home/lauren/husky_ws/install/husky_desktop/share/husky_desktop/cmake/husky_desktopConfig.cmake
[0.853s] -- Installing: /home/lauren/husky_ws/install/husky_desktop/share/husky_desktop/cmake/husky_desktopConfig-version.cmake
[0.853s] -- Installing: /home/lauren/husky_ws/install/husky_desktop/share/husky_desktop/package.xml
[0.858s] Invoked command in '/home/lauren/husky_ws/build/husky_desktop' returned '0': AMENT_PREFIX_PATH=/home/lauren/husky_ws/install/husky_viz:/home/lauren/husky_ws/install/husky_msgs:/home/lauren/husky_ws/install/husky_description:${AMENT_PREFIX_PATH} CMAKE_PREFIX_PATH=/home/lauren/husky_ws/install/husky_viz:/home/lauren/husky_ws/install/husky_msgs:/home/lauren/husky_ws/install/husky_description:/opt/ros/foxy:${CMAKE_PREFIX_PATH} LD_LIBRARY_PATH=/home/lauren/husky_ws/install/husky_msgs/lib:${LD_LIBRARY_PATH} PYTHONPATH=/home/lauren/husky_ws/install/husky_msgs/lib/python3.8/site-packages:${PYTHONPATH} /usr/bin/cmake --install /home/lauren/husky_ws/build/husky_desktop
