[0.028s] Invoking command in '/home/lauren/husky_ws/build/husky_control': CMAKE_PREFIX_PATH=/home/lauren/husky_ws/install/husky_description:/home/lauren/husky_ws/install/husky_desktop:/home/lauren/husky_ws/install/husky_viz:/home/lauren/husky_ws/install/husky_simulator:/home/lauren/husky_ws/install/husky_robot:/home/lauren/husky_ws/install/husky_bringup:/home/lauren/husky_ws/install/husky_base:/home/lauren/husky_ws/install/husky_msgs:/home/lauren/husky_ws/install/husky_gazebo:/home/lauren/husky_ws/install/husky_control:/opt/ros/foxy:/home/lauren/catkin_ws/devel:/home/lauren/rbe502_ros/devel:/opt/ros/noetic /usr/bin/cmake --build /home/lauren/husky_ws/build/husky_control -- -j8 -l8
[0.073s] Invoked command in '/home/lauren/husky_ws/build/husky_control' returned '0': CMAKE_PREFIX_PATH=/home/lauren/husky_ws/install/husky_description:/home/lauren/husky_ws/install/husky_desktop:/home/lauren/husky_ws/install/husky_viz:/home/lauren/husky_ws/install/husky_simulator:/home/lauren/husky_ws/install/husky_robot:/home/lauren/husky_ws/install/husky_bringup:/home/lauren/husky_ws/install/husky_base:/home/lauren/husky_ws/install/husky_msgs:/home/lauren/husky_ws/install/husky_gazebo:/home/lauren/husky_ws/install/husky_control:/opt/ros/foxy:/home/lauren/catkin_ws/devel:/home/lauren/rbe502_ros/devel:/opt/ros/noetic /usr/bin/cmake --build /home/lauren/husky_ws/build/husky_control -- -j8 -l8
[0.101s] Invoking command in '/home/lauren/husky_ws/build/husky_control': CMAKE_PREFIX_PATH=/home/lauren/husky_ws/install/husky_description:/home/lauren/husky_ws/install/husky_desktop:/home/lauren/husky_ws/install/husky_viz:/home/lauren/husky_ws/install/husky_simulator:/home/lauren/husky_ws/install/husky_robot:/home/lauren/husky_ws/install/husky_bringup:/home/lauren/husky_ws/install/husky_base:/home/lauren/husky_ws/install/husky_msgs:/home/lauren/husky_ws/install/husky_gazebo:/home/lauren/husky_ws/install/husky_control:/opt/ros/foxy:/home/lauren/catkin_ws/devel:/home/lauren/rbe502_ros/devel:/opt/ros/noetic /usr/bin/cmake --install /home/lauren/husky_ws/build/husky_control
[0.111s] -- Install configuration: ""
[0.111s] -- Up-to-date: /home/lauren/husky_ws/install/husky_control/share/husky_control/config
[0.111s] -- Up-to-date: /home/lauren/husky_ws/install/husky_control/share/husky_control/config/teleop_interactive_markers.yaml
[0.111s] -- Up-to-date: /home/lauren/husky_ws/install/husky_control/share/husky_control/config/teleop_logitech.yaml
[0.112s] -- Up-to-date: /home/lauren/husky_ws/install/husky_control/share/husky_control/config/teleop_ps4.yaml
[0.112s] -- Up-to-date: /home/lauren/husky_ws/install/husky_control/share/husky_control/config/gazebo_interface.yaml
[0.112s] -- Up-to-date: /home/lauren/husky_ws/install/husky_control/share/husky_control/config/public_interface.yaml
[0.112s] -- Up-to-date: /home/lauren/husky_ws/install/husky_control/share/husky_control/config/imu_filter.yaml
[0.112s] -- Up-to-date: /home/lauren/husky_ws/install/husky_control/share/husky_control/config/empty.yaml
[0.112s] -- Up-to-date: /home/lauren/husky_ws/install/husky_control/share/husky_control/config/control.yaml
[0.112s] -- Up-to-date: /home/lauren/husky_ws/install/husky_control/share/husky_control/config/twist_mux.yaml
[0.112s] -- Up-to-date: /home/lauren/husky_ws/install/husky_control/share/husky_control/config/localization.yaml
[0.113s] -- Up-to-date: /home/lauren/husky_ws/install/husky_control/share/husky_control/launch
[0.113s] -- Up-to-date: /home/lauren/husky_ws/install/husky_control/share/husky_control/launch/control.launch
[0.113s] -- Up-to-date: /home/lauren/husky_ws/install/husky_control/share/husky_control/launch/control.launch.py
[0.113s] -- Up-to-date: /home/lauren/husky_ws/install/husky_control/share/husky_control/launch/teleop_joy.launch.py
[0.113s] -- Up-to-date: /home/lauren/husky_ws/install/husky_control/share/husky_control/launch/teleop_base.launch.py
[0.113s] -- Up-to-date: /home/lauren/husky_ws/install/husky_control/share/husky_control/launch/teleop.launch
[0.113s] -- Up-to-date: /home/lauren/husky_ws/install/husky_control/share/ament_index/resource_index/package_run_dependencies/husky_control
[0.114s] -- Up-to-date: /home/lauren/husky_ws/install/husky_control/share/ament_index/resource_index/parent_prefix_path/husky_control
[0.114s] -- Up-to-date: /home/lauren/husky_ws/install/husky_control/share/husky_control/environment/ament_prefix_path.sh
[0.117s] -- Up-to-date: /home/lauren/husky_ws/install/husky_control/share/husky_control/environment/ament_prefix_path.dsv
[0.117s] -- Up-to-date: /home/lauren/husky_ws/install/husky_control/share/husky_control/environment/path.sh
[0.117s] -- Up-to-date: /home/lauren/husky_ws/install/husky_control/share/husky_control/environment/path.dsv
[0.117s] -- Up-to-date: /home/lauren/husky_ws/install/husky_control/share/husky_control/local_setup.bash
[0.118s] -- Up-to-date: /home/lauren/husky_ws/install/husky_control/share/husky_control/local_setup.sh
[0.118s] -- Up-to-date: /home/lauren/husky_ws/install/husky_control/share/husky_control/local_setup.zsh
[0.118s] -- Up-to-date: /home/lauren/husky_ws/install/husky_control/share/husky_control/local_setup.dsv
[0.118s] -- Installing: /home/lauren/husky_ws/install/husky_control/share/husky_control/package.dsv
[0.118s] -- Up-to-date: /home/lauren/husky_ws/install/husky_control/share/ament_index/resource_index/packages/husky_control
[0.118s] -- Up-to-date: /home/lauren/husky_ws/install/husky_control/share/husky_control/cmake/husky_controlConfig.cmake
[0.118s] -- Up-to-date: /home/lauren/husky_ws/install/husky_control/share/husky_control/cmake/husky_controlConfig-version.cmake
[0.119s] -- Up-to-date: /home/lauren/husky_ws/install/husky_control/share/husky_control/package.xml
[0.122s] Invoked command in '/home/lauren/husky_ws/build/husky_control' returned '0': CMAKE_PREFIX_PATH=/home/lauren/husky_ws/install/husky_description:/home/lauren/husky_ws/install/husky_desktop:/home/lauren/husky_ws/install/husky_viz:/home/lauren/husky_ws/install/husky_simulator:/home/lauren/husky_ws/install/husky_robot:/home/lauren/husky_ws/install/husky_bringup:/home/lauren/husky_ws/install/husky_base:/home/lauren/husky_ws/install/husky_msgs:/home/lauren/husky_ws/install/husky_gazebo:/home/lauren/husky_ws/install/husky_control:/opt/ros/foxy:/home/lauren/catkin_ws/devel:/home/lauren/rbe502_ros/devel:/opt/ros/noetic /usr/bin/cmake --install /home/lauren/husky_ws/build/husky_control
