[0.020s] Invoking command in '/home/lauren/husky_ws/build/husky_viz': AMENT_PREFIX_PATH=/home/lauren/husky_ws/install/husky_description:${AMENT_PREFIX_PATH} CMAKE_PREFIX_PATH=/home/lauren/husky_ws/install/husky_description:/opt/ros/foxy:${CMAKE_PREFIX_PATH} /usr/bin/cmake --build /home/lauren/husky_ws/build/husky_viz -- -j8 -l8
[0.057s] Invoked command in '/home/lauren/husky_ws/build/husky_viz' returned '0': AMENT_PREFIX_PATH=/home/lauren/husky_ws/install/husky_description:${AMENT_PREFIX_PATH} CMAKE_PREFIX_PATH=/home/lauren/husky_ws/install/husky_description:/opt/ros/foxy:${CMAKE_PREFIX_PATH} /usr/bin/cmake --build /home/lauren/husky_ws/build/husky_viz -- -j8 -l8
[0.085s] Invoking command in '/home/lauren/husky_ws/build/husky_viz': AMENT_PREFIX_PATH=/home/lauren/husky_ws/install/husky_description:${AMENT_PREFIX_PATH} CMAKE_PREFIX_PATH=/home/lauren/husky_ws/install/husky_description:/opt/ros/foxy:${CMAKE_PREFIX_PATH} /usr/bin/cmake --install /home/lauren/husky_ws/build/husky_viz
[0.095s] -- Install configuration: ""
[0.095s] -- Up-to-date: /home/lauren/husky_ws/install/husky_viz/share/husky_viz/launch
[0.095s] -- Up-to-date: /home/lauren/husky_ws/install/husky_viz/share/husky_viz/launch/view_robot.launch
[0.095s] -- Up-to-date: /home/lauren/husky_ws/install/husky_viz/share/husky_viz/launch/view_robot.launch.py
[0.096s] -- Up-to-date: /home/lauren/husky_ws/install/husky_viz/share/husky_viz/launch/view_model.launch
[0.096s] -- Up-to-date: /home/lauren/husky_ws/install/husky_viz/share/husky_viz/launch/view_model.launch.py
[0.096s] -- Up-to-date: /home/lauren/husky_ws/install/husky_viz/share/husky_viz/rviz
[0.097s] -- Up-to-date: /home/lauren/husky_ws/install/husky_viz/share/husky_viz/rviz/test.rviz
[0.098s] -- Up-to-date: /home/lauren/husky_ws/install/husky_viz/share/husky_viz/rviz/model.rviz
[0.098s] -- Up-to-date: /home/lauren/husky_ws/install/husky_viz/share/husky_viz/rviz/robot.rviz
[0.098s] -- Up-to-date: /home/lauren/husky_ws/install/husky_viz/share/ament_index/resource_index/package_run_dependencies/husky_viz
[0.098s] -- Up-to-date: /home/lauren/husky_ws/install/husky_viz/share/ament_index/resource_index/parent_prefix_path/husky_viz
[0.098s] -- Up-to-date: /home/lauren/husky_ws/install/husky_viz/share/husky_viz/environment/ament_prefix_path.sh
[0.098s] -- Up-to-date: /home/lauren/husky_ws/install/husky_viz/share/husky_viz/environment/ament_prefix_path.dsv
[0.099s] -- Up-to-date: /home/lauren/husky_ws/install/husky_viz/share/husky_viz/environment/path.sh
[0.099s] -- Up-to-date: /home/lauren/husky_ws/install/husky_viz/share/husky_viz/environment/path.dsv
[0.099s] -- Up-to-date: /home/lauren/husky_ws/install/husky_viz/share/husky_viz/local_setup.bash
[0.099s] -- Up-to-date: /home/lauren/husky_ws/install/husky_viz/share/husky_viz/local_setup.sh
[0.099s] -- Up-to-date: /home/lauren/husky_ws/install/husky_viz/share/husky_viz/local_setup.zsh
[0.100s] -- Up-to-date: /home/lauren/husky_ws/install/husky_viz/share/husky_viz/local_setup.dsv
[0.102s] -- Installing: /home/lauren/husky_ws/install/husky_viz/share/husky_viz/package.dsv
[0.102s] -- Up-to-date: /home/lauren/husky_ws/install/husky_viz/share/ament_index/resource_index/packages/husky_viz
[0.103s] -- Up-to-date: /home/lauren/husky_ws/install/husky_viz/share/husky_viz/cmake/husky_vizConfig.cmake
[0.103s] -- Up-to-date: /home/lauren/husky_ws/install/husky_viz/share/husky_viz/cmake/husky_vizConfig-version.cmake
[0.103s] -- Up-to-date: /home/lauren/husky_ws/install/husky_viz/share/husky_viz/package.xml
[0.110s] Invoked command in '/home/lauren/husky_ws/build/husky_viz' returned '0': AMENT_PREFIX_PATH=/home/lauren/husky_ws/install/husky_description:${AMENT_PREFIX_PATH} CMAKE_PREFIX_PATH=/home/lauren/husky_ws/install/husky_description:/opt/ros/foxy:${CMAKE_PREFIX_PATH} /usr/bin/cmake --install /home/lauren/husky_ws/build/husky_viz
