[0.021s] Invoking command in '/home/lauren/husky_ws/build/husky_base': AMENT_PREFIX_PATH=/home/lauren/husky_ws/install/husky_msgs:${AMENT_PREFIX_PATH} CMAKE_PREFIX_PATH=/home/lauren/husky_ws/install/husky_msgs:/opt/ros/foxy:${CMAKE_PREFIX_PATH} LD_LIBRARY_PATH=/home/lauren/husky_ws/install/husky_msgs/lib:${LD_LIBRARY_PATH} PYTHONPATH=/home/lauren/husky_ws/install/husky_msgs/lib/python3.8/site-packages:${PYTHONPATH} /usr/bin/cmake /home/lauren/husky_ws/src/husky/husky_base -DCMAKE_INSTALL_PREFIX=/home/lauren/husky_ws/install/husky_base
[0.074s] -- The C compiler identification is GNU 9.4.0
[0.127s] -- The CXX compiler identification is GNU 9.4.0
[0.131s] -- Check for working C compiler: /usr/bin/cc
[0.198s] -- Check for working C compiler: /usr/bin/cc -- works
[0.199s] -- Detecting C compiler ABI info
[0.265s] -- Detecting C compiler ABI info - done
[0.276s] -- Detecting C compile features
[0.277s] -- Detecting C compile features - done
[0.279s] -- Check for working CXX compiler: /usr/bin/c++
[0.356s] -- Check for working CXX compiler: /usr/bin/c++ -- works
[0.357s] -- Detecting CXX compiler ABI info
[0.436s] -- Detecting CXX compiler ABI info - done
[0.447s] -- Detecting CXX compile features
[0.448s] -- Detecting CXX compile features - done
[0.450s] -- Found ament_cmake: 0.9.9 (/opt/ros/foxy/share/ament_cmake/cmake)
[0.477s] -- Found PythonInterp: /usr/bin/python3 (found suitable version "3.8.10", minimum required is "3") 
[0.477s] -- Using PYTHON_EXECUTABLE: /usr/bin/python3
[0.716s] -- Found controller_interface: 0.10.1 (/opt/ros/foxy/share/controller_interface/cmake)
[0.754s] -- Using all available rosidl_typesupport_c: rosidl_typesupport_fastrtps_c;rosidl_typesupport_introspection_c
[0.762s] -- Found rosidl_adapter: 1.2.1 (/opt/ros/foxy/share/rosidl_adapter/cmake)
[0.864s] -- Found OpenSSL: /usr/lib/x86_64-linux-gnu/libcrypto.so (found version "1.1.1f")  
[0.896s] -- Found FastRTPS: /opt/ros/foxy/include  
[0.976s] -- Using all available rosidl_typesupport_cpp: rosidl_typesupport_fastrtps_cpp;rosidl_typesupport_introspection_cpp
[1.549s] -- Found rmw_implementation_cmake: 1.0.3 (/opt/ros/foxy/share/rmw_implementation_cmake/cmake)
[1.550s] -- Using RMW implementation 'rmw_fastrtps_cpp' as default
[1.551s] -- Looking for pthread.h
[1.628s] -- Looking for pthread.h - found
[1.628s] -- Performing Test CMAKE_HAVE_LIBC_PTHREAD
[1.706s] -- Performing Test CMAKE_HAVE_LIBC_PTHREAD - Failed
[1.706s] -- Looking for pthread_create in pthreads
[1.763s] -- Looking for pthread_create in pthreads - not found
[1.763s] -- Looking for pthread_create in pthread
[1.831s] -- Looking for pthread_create in pthread - found
[1.832s] -- Found Threads: TRUE  
[2.109s] -- Found controller_manager: 0.10.1 (/opt/ros/foxy/share/controller_manager/cmake)
[2.181s] -- Found husky_msgs: 1.0.8 (/home/lauren/husky_ws/install/husky_msgs/share/husky_msgs/cmake)
[2.219s] -- Found nav_msgs: 2.0.5 (/opt/ros/foxy/share/nav_msgs/cmake)
[2.296s] -- Found std_srvs: 2.0.5 (/opt/ros/foxy/share/std_srvs/cmake)
[2.306s] -- Found tf2: 0.13.13 (/opt/ros/foxy/share/tf2/cmake)
[2.317s] -- Found tf2_ros: 0.13.13 (/opt/ros/foxy/share/tf2_ros/cmake)
[2.665s] -- Configuring done
[2.686s] -- Generating done
[2.688s] -- Build files have been written to: /home/lauren/husky_ws/build/husky_base
[2.698s] Invoked command in '/home/lauren/husky_ws/build/husky_base' returned '0': AMENT_PREFIX_PATH=/home/lauren/husky_ws/install/husky_msgs:${AMENT_PREFIX_PATH} CMAKE_PREFIX_PATH=/home/lauren/husky_ws/install/husky_msgs:/opt/ros/foxy:${CMAKE_PREFIX_PATH} LD_LIBRARY_PATH=/home/lauren/husky_ws/install/husky_msgs/lib:${LD_LIBRARY_PATH} PYTHONPATH=/home/lauren/husky_ws/install/husky_msgs/lib/python3.8/site-packages:${PYTHONPATH} /usr/bin/cmake /home/lauren/husky_ws/src/husky/husky_base -DCMAKE_INSTALL_PREFIX=/home/lauren/husky_ws/install/husky_base
[2.701s] Invoking command in '/home/lauren/husky_ws/build/husky_base': AMENT_PREFIX_PATH=/home/lauren/husky_ws/install/husky_msgs:${AMENT_PREFIX_PATH} CMAKE_PREFIX_PATH=/home/lauren/husky_ws/install/husky_msgs:/opt/ros/foxy:${CMAKE_PREFIX_PATH} LD_LIBRARY_PATH=/home/lauren/husky_ws/install/husky_msgs/lib:${LD_LIBRARY_PATH} PYTHONPATH=/home/lauren/husky_ws/install/husky_msgs/lib/python3.8/site-packages:${PYTHONPATH} /usr/bin/cmake --build /home/lauren/husky_ws/build/husky_base -- -j8 -l8
[2.743s] [35m[1mScanning dependencies of target husky_hardware[0m
[2.785s] [  8%] [32mBuilding CXX object CMakeFiles/husky_hardware.dir/src/horizon_legacy_wrapper.cpp.o[0m
[2.785s] [ 16%] [32mBuilding CXX object CMakeFiles/husky_hardware.dir/src/horizon_legacy/Message.cpp.o[0m
[2.785s] [ 25%] [32mBuilding CXX object CMakeFiles/husky_hardware.dir/src/horizon_legacy/Message_request.cpp.o[0m
[2.786s] [ 41%] [32mBuilding CXX object CMakeFiles/husky_hardware.dir/src/horizon_legacy/Logger.cpp.o[0m
[2.786s] [ 41%] [32mBuilding CXX object CMakeFiles/husky_hardware.dir/src/husky_hardware.cpp.o[0m
[2.788s] [ 50%] [32mBuilding CXX object CMakeFiles/husky_hardware.dir/src/horizon_legacy/crc.cpp.o[0m
[2.788s] [ 58%] [32mBuilding CXX object CMakeFiles/husky_hardware.dir/src/horizon_legacy/Message_data.cpp.o[0m
[2.791s] [ 66%] [32mBuilding CXX object CMakeFiles/husky_hardware.dir/src/horizon_legacy/Message_cmd.cpp.o[0m
[2.834s] [ 75%] [32mBuilding CXX object CMakeFiles/husky_hardware.dir/src/horizon_legacy/Transport.cpp.o[0m
[3.196s] [ 83%] [32mBuilding CXX object CMakeFiles/husky_hardware.dir/src/horizon_legacy/Number.cpp.o[0m
[3.219s] [ 91%] [32mBuilding CXX object CMakeFiles/husky_hardware.dir/src/horizon_legacy/linux_serial.cpp.o[0m
[5.517s] [100%] [32m[1mLinking CXX shared library libhusky_hardware.so[0m
[5.705s] [100%] Built target husky_hardware
[5.717s] Invoked command in '/home/lauren/husky_ws/build/husky_base' returned '0': AMENT_PREFIX_PATH=/home/lauren/husky_ws/install/husky_msgs:${AMENT_PREFIX_PATH} CMAKE_PREFIX_PATH=/home/lauren/husky_ws/install/husky_msgs:/opt/ros/foxy:${CMAKE_PREFIX_PATH} LD_LIBRARY_PATH=/home/lauren/husky_ws/install/husky_msgs/lib:${LD_LIBRARY_PATH} PYTHONPATH=/home/lauren/husky_ws/install/husky_msgs/lib/python3.8/site-packages:${PYTHONPATH} /usr/bin/cmake --build /home/lauren/husky_ws/build/husky_base -- -j8 -l8
[5.760s] Invoking command in '/home/lauren/husky_ws/build/husky_base': AMENT_PREFIX_PATH=/home/lauren/husky_ws/install/husky_msgs:${AMENT_PREFIX_PATH} CMAKE_PREFIX_PATH=/home/lauren/husky_ws/install/husky_msgs:/opt/ros/foxy:${CMAKE_PREFIX_PATH} LD_LIBRARY_PATH=/home/lauren/husky_ws/install/husky_msgs/lib:${LD_LIBRARY_PATH} PYTHONPATH=/home/lauren/husky_ws/install/husky_msgs/lib/python3.8/site-packages:${PYTHONPATH} /usr/bin/cmake --install /home/lauren/husky_ws/build/husky_base
[5.769s] -- Install configuration: ""
[5.770s] -- Installing: /home/lauren/husky_ws/install/husky_base/share/husky_base/husky_hardware.xml
[5.770s] -- Installing: /home/lauren/husky_ws/install/husky_base/lib/libhusky_hardware.so
[5.771s] -- Set runtime path of "/home/lauren/husky_ws/install/husky_base/lib/libhusky_hardware.so" to ""
[5.771s] -- Installing: /home/lauren/husky_ws/install/husky_base/include
[5.771s] -- Installing: /home/lauren/husky_ws/install/husky_base/include/husky_base
[5.771s] -- Installing: /home/lauren/husky_ws/install/husky_base/include/husky_base/horizon_legacy
[5.771s] -- Installing: /home/lauren/husky_ws/install/husky_base/include/husky_base/horizon_legacy/crc.h
[5.771s] -- Installing: /home/lauren/husky_ws/install/husky_base/include/husky_base/horizon_legacy/Message.h
[5.772s] -- Installing: /home/lauren/husky_ws/install/husky_base/include/husky_base/horizon_legacy/Message_request.h
[5.772s] -- Installing: /home/lauren/husky_ws/install/husky_base/include/husky_base/horizon_legacy/Message_cmd.h
[5.772s] -- Installing: /home/lauren/husky_ws/install/husky_base/include/husky_base/horizon_legacy/serial.h
[5.772s] -- Installing: /home/lauren/husky_ws/install/husky_base/include/husky_base/horizon_legacy/Logger.h
[5.772s] -- Installing: /home/lauren/husky_ws/install/husky_base/include/husky_base/horizon_legacy/Transport.h
[5.772s] -- Installing: /home/lauren/husky_ws/install/husky_base/include/husky_base/horizon_legacy/clearpath.h
[5.772s] -- Installing: /home/lauren/husky_ws/install/husky_base/include/husky_base/horizon_legacy/Number.h
[5.772s] -- Installing: /home/lauren/husky_ws/install/husky_base/include/husky_base/horizon_legacy/Message_data.h
[5.772s] -- Installing: /home/lauren/husky_ws/install/husky_base/include/husky_base/horizon_legacy/Exception.h
[5.772s] -- Installing: /home/lauren/husky_ws/install/husky_base/include/husky_base/husky_diagnostics.h
[5.772s] -- Installing: /home/lauren/husky_ws/install/husky_base/include/husky_base/husky_hardware.hpp
[5.773s] -- Installing: /home/lauren/husky_ws/install/husky_base/include/husky_base/horizon_legacy_wrapper.h
[5.773s] -- Installing: /home/lauren/husky_ws/install/husky_base/share/husky_base/launch
[5.773s] -- Installing: /home/lauren/husky_ws/install/husky_base/share/husky_base/launch/base.launch
[5.773s] -- Installing: /home/lauren/husky_ws/install/husky_base/share/husky_base/launch/base.launch.py
[5.773s] -- Installing: /home/lauren/husky_ws/install/husky_base/share/husky_base/environment/library_path.sh
[5.773s] -- Installing: /home/lauren/husky_ws/install/husky_base/share/husky_base/environment/library_path.dsv
[5.773s] -- Installing: /home/lauren/husky_ws/install/husky_base/share/ament_index/resource_index/package_run_dependencies/husky_base
[5.773s] -- Installing: /home/lauren/husky_ws/install/husky_base/share/ament_index/resource_index/parent_prefix_path/husky_base
[5.773s] -- Installing: /home/lauren/husky_ws/install/husky_base/share/husky_base/environment/ament_prefix_path.sh
[5.773s] -- Installing: /home/lauren/husky_ws/install/husky_base/share/husky_base/environment/ament_prefix_path.dsv
[5.774s] -- Installing: /home/lauren/husky_ws/install/husky_base/share/husky_base/environment/path.sh
[5.774s] -- Installing: /home/lauren/husky_ws/install/husky_base/share/husky_base/environment/path.dsv
[5.774s] -- Installing: /home/lauren/husky_ws/install/husky_base/share/husky_base/local_setup.bash
[5.774s] -- Installing: /home/lauren/husky_ws/install/husky_base/share/husky_base/local_setup.sh
[5.774s] -- Installing: /home/lauren/husky_ws/install/husky_base/share/husky_base/local_setup.zsh
[5.774s] -- Installing: /home/lauren/husky_ws/install/husky_base/share/husky_base/local_setup.dsv
[5.774s] -- Installing: /home/lauren/husky_ws/install/husky_base/share/husky_base/package.dsv
[5.774s] -- Installing: /home/lauren/husky_ws/install/husky_base/share/ament_index/resource_index/packages/husky_base
[5.775s] -- Installing: /home/lauren/husky_ws/install/husky_base/share/ament_index/resource_index/hardware_interface__pluginlib__plugin/husky_base
[5.775s] -- Installing: /home/lauren/husky_ws/install/husky_base/share/husky_base/cmake/ament_cmake_export_include_directories-extras.cmake
[5.775s] -- Installing: /home/lauren/husky_ws/install/husky_base/share/husky_base/cmake/ament_cmake_export_libraries-extras.cmake
[5.775s] -- Installing: /home/lauren/husky_ws/install/husky_base/share/husky_base/cmake/ament_cmake_export_dependencies-extras.cmake
[5.775s] -- Installing: /home/lauren/husky_ws/install/husky_base/share/husky_base/cmake/husky_baseConfig.cmake
[5.775s] -- Installing: /home/lauren/husky_ws/install/husky_base/share/husky_base/cmake/husky_baseConfig-version.cmake
[5.775s] -- Installing: /home/lauren/husky_ws/install/husky_base/share/husky_base/package.xml
[5.780s] Invoked command in '/home/lauren/husky_ws/build/husky_base' returned '0': AMENT_PREFIX_PATH=/home/lauren/husky_ws/install/husky_msgs:${AMENT_PREFIX_PATH} CMAKE_PREFIX_PATH=/home/lauren/husky_ws/install/husky_msgs:/opt/ros/foxy:${CMAKE_PREFIX_PATH} LD_LIBRARY_PATH=/home/lauren/husky_ws/install/husky_msgs/lib:${LD_LIBRARY_PATH} PYTHONPATH=/home/lauren/husky_ws/install/husky_msgs/lib/python3.8/site-packages:${PYTHONPATH} /usr/bin/cmake --install /home/lauren/husky_ws/build/husky_base
