[0.043s] Invoking command in '/home/lauren/husky_ws/build/husky_desktop': AMENT_PREFIX_PATH=/home/lauren/husky_ws/install/husky_viz:/home/lauren/husky_ws/install/husky_msgs:/home/lauren/husky_ws/install/husky_description:${AMENT_PREFIX_PATH} CMAKE_PREFIX_PATH=/home/lauren/husky_ws/install/husky_viz:/home/lauren/husky_ws/install/husky_msgs:/home/lauren/husky_ws/install/husky_description:/opt/ros/foxy:${CMAKE_PREFIX_PATH} LD_LIBRARY_PATH=/home/lauren/husky_ws/install/husky_msgs/lib:${LD_LIBRARY_PATH} PYTHONPATH=/home/lauren/husky_ws/install/husky_msgs/lib/python3.8/site-packages:${PYTHONPATH} /usr/bin/cmake --build /home/lauren/husky_ws/build/husky_desktop -- -j8 -l8
[0.083s] Invoked command in '/home/lauren/husky_ws/build/husky_desktop' returned '0': AMENT_PREFIX_PATH=/home/lauren/husky_ws/install/husky_viz:/home/lauren/husky_ws/install/husky_msgs:/home/lauren/husky_ws/install/husky_description:${AMENT_PREFIX_PATH} CMAKE_PREFIX_PATH=/home/lauren/husky_ws/install/husky_viz:/home/lauren/husky_ws/install/husky_msgs:/home/lauren/husky_ws/install/husky_description:/opt/ros/foxy:${CMAKE_PREFIX_PATH} LD_LIBRARY_PATH=/home/lauren/husky_ws/install/husky_msgs/lib:${LD_LIBRARY_PATH} PYTHONPATH=/home/lauren/husky_ws/install/husky_msgs/lib/python3.8/site-packages:${PYTHONPATH} /usr/bin/cmake --build /home/lauren/husky_ws/build/husky_desktop -- -j8 -l8
[0.117s] Invoking command in '/home/lauren/husky_ws/build/husky_desktop': AMENT_PREFIX_PATH=/home/lauren/husky_ws/install/husky_viz:/home/lauren/husky_ws/install/husky_msgs:/home/lauren/husky_ws/install/husky_description:${AMENT_PREFIX_PATH} CMAKE_PREFIX_PATH=/home/lauren/husky_ws/install/husky_viz:/home/lauren/husky_ws/install/husky_msgs:/home/lauren/husky_ws/install/husky_description:/opt/ros/foxy:${CMAKE_PREFIX_PATH} LD_LIBRARY_PATH=/home/lauren/husky_ws/install/husky_msgs/lib:${LD_LIBRARY_PATH} PYTHONPATH=/home/lauren/husky_ws/install/husky_msgs/lib/python3.8/site-packages:${PYTHONPATH} /usr/bin/cmake --install /home/lauren/husky_ws/build/husky_desktop
[0.126s] -- Install configuration: ""
[0.126s] -- Up-to-date: /home/lauren/husky_ws/install/husky_desktop/share/ament_index/resource_index/package_run_dependencies/husky_desktop
[0.126s] -- Up-to-date: /home/lauren/husky_ws/install/husky_desktop/share/ament_index/resource_index/parent_prefix_path/husky_desktop
[0.126s] -- Up-to-date: /home/lauren/husky_ws/install/husky_desktop/share/husky_desktop/environment/ament_prefix_path.sh
[0.126s] -- Up-to-date: /home/lauren/husky_ws/install/husky_desktop/share/husky_desktop/environment/ament_prefix_path.dsv
[0.126s] -- Up-to-date: /home/lauren/husky_ws/install/husky_desktop/share/husky_desktop/environment/path.sh
[0.126s] -- Up-to-date: /home/lauren/husky_ws/install/husky_desktop/share/husky_desktop/environment/path.dsv
[0.126s] -- Up-to-date: /home/lauren/husky_ws/install/husky_desktop/share/husky_desktop/local_setup.bash
[0.126s] -- Up-to-date: /home/lauren/husky_ws/install/husky_desktop/share/husky_desktop/local_setup.sh
[0.126s] -- Up-to-date: /home/lauren/husky_ws/install/husky_desktop/share/husky_desktop/local_setup.zsh
[0.127s] -- Up-to-date: /home/lauren/husky_ws/install/husky_desktop/share/husky_desktop/local_setup.dsv
[0.127s] -- Up-to-date: /home/lauren/husky_ws/install/husky_desktop/share/husky_desktop/package.dsv
[0.127s] -- Up-to-date: /home/lauren/husky_ws/install/husky_desktop/share/ament_index/resource_index/packages/husky_desktop
[0.127s] -- Up-to-date: /home/lauren/husky_ws/install/husky_desktop/share/husky_desktop/cmake/husky_desktopConfig.cmake
[0.127s] -- Up-to-date: /home/lauren/husky_ws/install/husky_desktop/share/husky_desktop/cmake/husky_desktopConfig-version.cmake
[0.127s] -- Up-to-date: /home/lauren/husky_ws/install/husky_desktop/share/husky_desktop/package.xml
[0.131s] Invoked command in '/home/lauren/husky_ws/build/husky_desktop' returned '0': AMENT_PREFIX_PATH=/home/lauren/husky_ws/install/husky_viz:/home/lauren/husky_ws/install/husky_msgs:/home/lauren/husky_ws/install/husky_description:${AMENT_PREFIX_PATH} CMAKE_PREFIX_PATH=/home/lauren/husky_ws/install/husky_viz:/home/lauren/husky_ws/install/husky_msgs:/home/lauren/husky_ws/install/husky_description:/opt/ros/foxy:${CMAKE_PREFIX_PATH} LD_LIBRARY_PATH=/home/lauren/husky_ws/install/husky_msgs/lib:${LD_LIBRARY_PATH} PYTHONPATH=/home/lauren/husky_ws/install/husky_msgs/lib/python3.8/site-packages:${PYTHONPATH} /usr/bin/cmake --install /home/lauren/husky_ws/build/husky_desktop
