[0.017s] Invoking command in '/home/lauren/husky_ws/build/husky_robot': AMENT_PREFIX_PATH=/home/lauren/husky_ws/install/husky_bringup:/home/lauren/husky_ws/install/husky_control:/home/lauren/husky_ws/install/husky_base:/home/lauren/husky_ws/install/husky_msgs:/home/lauren/husky_ws/install/husky_description:${AMENT_PREFIX_PATH} CMAKE_PREFIX_PATH=/home/lauren/husky_ws/install/husky_bringup:/home/lauren/husky_ws/install/husky_control:/home/lauren/husky_ws/install/husky_base:/home/lauren/husky_ws/install/husky_msgs:/home/lauren/husky_ws/install/husky_description:/opt/ros/foxy:${CMAKE_PREFIX_PATH} LD_LIBRARY_PATH=/home/lauren/husky_ws/install/husky_base/lib:/home/lauren/husky_ws/install/husky_msgs/lib:${LD_LIBRARY_PATH} PYTHONPATH=/home/lauren/husky_ws/install/husky_msgs/lib/python3.8/site-packages:${PYTHONPATH} /usr/bin/cmake /home/lauren/husky_ws/src/husky/husky_robot -DCMAKE_INSTALL_PREFIX=/home/lauren/husky_ws/install/husky_robot
[0.070s] -- The C compiler identification is GNU 9.4.0
[0.119s] -- The CXX compiler identification is GNU 9.4.0
[0.124s] -- Check for working C compiler: /usr/bin/cc
[0.189s] -- Check for working C compiler: /usr/bin/cc -- works
[0.190s] -- Detecting C compiler ABI info
[0.255s] -- Detecting C compiler ABI info - done
[0.270s] -- Detecting C compile features
[0.270s] -- Detecting C compile features - done
[0.272s] -- Check for working CXX compiler: /usr/bin/c++
[0.351s] -- Check for working CXX compiler: /usr/bin/c++ -- works
[0.352s] -- Detecting CXX compiler ABI info
[0.427s] -- Detecting CXX compiler ABI info - done
[0.439s] -- Detecting CXX compile features
[0.439s] -- Detecting CXX compile features - done
[0.443s] -- Found ament_cmake: 0.9.9 (/opt/ros/foxy/share/ament_cmake/cmake)
[0.467s] -- Found PythonInterp: /usr/bin/python3 (found suitable version "3.8.10", minimum required is "3") 
[0.467s] -- Using PYTHON_EXECUTABLE: /usr/bin/python3
[0.742s] -- Configuring done
[0.743s] -- Generating done
[0.744s] -- Build files have been written to: /home/lauren/husky_ws/build/husky_robot
[0.747s] Invoked command in '/home/lauren/husky_ws/build/husky_robot' returned '0': AMENT_PREFIX_PATH=/home/lauren/husky_ws/install/husky_bringup:/home/lauren/husky_ws/install/husky_control:/home/lauren/husky_ws/install/husky_base:/home/lauren/husky_ws/install/husky_msgs:/home/lauren/husky_ws/install/husky_description:${AMENT_PREFIX_PATH} CMAKE_PREFIX_PATH=/home/lauren/husky_ws/install/husky_bringup:/home/lauren/husky_ws/install/husky_control:/home/lauren/husky_ws/install/husky_base:/home/lauren/husky_ws/install/husky_msgs:/home/lauren/husky_ws/install/husky_description:/opt/ros/foxy:${CMAKE_PREFIX_PATH} LD_LIBRARY_PATH=/home/lauren/husky_ws/install/husky_base/lib:/home/lauren/husky_ws/install/husky_msgs/lib:${LD_LIBRARY_PATH} PYTHONPATH=/home/lauren/husky_ws/install/husky_msgs/lib/python3.8/site-packages:${PYTHONPATH} /usr/bin/cmake /home/lauren/husky_ws/src/husky/husky_robot -DCMAKE_INSTALL_PREFIX=/home/lauren/husky_ws/install/husky_robot
[0.750s] Invoking command in '/home/lauren/husky_ws/build/husky_robot': AMENT_PREFIX_PATH=/home/lauren/husky_ws/install/husky_bringup:/home/lauren/husky_ws/install/husky_control:/home/lauren/husky_ws/install/husky_base:/home/lauren/husky_ws/install/husky_msgs:/home/lauren/husky_ws/install/husky_description:${AMENT_PREFIX_PATH} CMAKE_PREFIX_PATH=/home/lauren/husky_ws/install/husky_bringup:/home/lauren/husky_ws/install/husky_control:/home/lauren/husky_ws/install/husky_base:/home/lauren/husky_ws/install/husky_msgs:/home/lauren/husky_ws/install/husky_description:/opt/ros/foxy:${CMAKE_PREFIX_PATH} LD_LIBRARY_PATH=/home/lauren/husky_ws/install/husky_base/lib:/home/lauren/husky_ws/install/husky_msgs/lib:${LD_LIBRARY_PATH} PYTHONPATH=/home/lauren/husky_ws/install/husky_msgs/lib/python3.8/site-packages:${PYTHONPATH} /usr/bin/cmake --build /home/lauren/husky_ws/build/husky_robot -- -j8 -l8
[0.790s] Invoked command in '/home/lauren/husky_ws/build/husky_robot' returned '0': AMENT_PREFIX_PATH=/home/lauren/husky_ws/install/husky_bringup:/home/lauren/husky_ws/install/husky_control:/home/lauren/husky_ws/install/husky_base:/home/lauren/husky_ws/install/husky_msgs:/home/lauren/husky_ws/install/husky_description:${AMENT_PREFIX_PATH} CMAKE_PREFIX_PATH=/home/lauren/husky_ws/install/husky_bringup:/home/lauren/husky_ws/install/husky_control:/home/lauren/husky_ws/install/husky_base:/home/lauren/husky_ws/install/husky_msgs:/home/lauren/husky_ws/install/husky_description:/opt/ros/foxy:${CMAKE_PREFIX_PATH} LD_LIBRARY_PATH=/home/lauren/husky_ws/install/husky_base/lib:/home/lauren/husky_ws/install/husky_msgs/lib:${LD_LIBRARY_PATH} PYTHONPATH=/home/lauren/husky_ws/install/husky_msgs/lib/python3.8/site-packages:${PYTHONPATH} /usr/bin/cmake --build /home/lauren/husky_ws/build/husky_robot -- -j8 -l8
[0.810s] Invoking command in '/home/lauren/husky_ws/build/husky_robot': AMENT_PREFIX_PATH=/home/lauren/husky_ws/install/husky_bringup:/home/lauren/husky_ws/install/husky_control:/home/lauren/husky_ws/install/husky_base:/home/lauren/husky_ws/install/husky_msgs:/home/lauren/husky_ws/install/husky_description:${AMENT_PREFIX_PATH} CMAKE_PREFIX_PATH=/home/lauren/husky_ws/install/husky_bringup:/home/lauren/husky_ws/install/husky_control:/home/lauren/husky_ws/install/husky_base:/home/lauren/husky_ws/install/husky_msgs:/home/lauren/husky_ws/install/husky_description:/opt/ros/foxy:${CMAKE_PREFIX_PATH} LD_LIBRARY_PATH=/home/lauren/husky_ws/install/husky_base/lib:/home/lauren/husky_ws/install/husky_msgs/lib:${LD_LIBRARY_PATH} PYTHONPATH=/home/lauren/husky_ws/install/husky_msgs/lib/python3.8/site-packages:${PYTHONPATH} /usr/bin/cmake --install /home/lauren/husky_ws/build/husky_robot
[0.818s] -- Install configuration: ""
[0.818s] -- Installing: /home/lauren/husky_ws/install/husky_robot/share/ament_index/resource_index/package_run_dependencies/husky_robot
[0.819s] -- Installing: /home/lauren/husky_ws/install/husky_robot/share/ament_index/resource_index/parent_prefix_path/husky_robot
[0.819s] -- Installing: /home/lauren/husky_ws/install/husky_robot/share/husky_robot/environment/ament_prefix_path.sh
[0.819s] -- Installing: /home/lauren/husky_ws/install/husky_robot/share/husky_robot/environment/ament_prefix_path.dsv
[0.819s] -- Installing: /home/lauren/husky_ws/install/husky_robot/share/husky_robot/environment/path.sh
[0.819s] -- Installing: /home/lauren/husky_ws/install/husky_robot/share/husky_robot/environment/path.dsv
[0.819s] -- Installing: /home/lauren/husky_ws/install/husky_robot/share/husky_robot/local_setup.bash
[0.819s] -- Installing: /home/lauren/husky_ws/install/husky_robot/share/husky_robot/local_setup.sh
[0.819s] -- Installing: /home/lauren/husky_ws/install/husky_robot/share/husky_robot/local_setup.zsh
[0.819s] -- Installing: /home/lauren/husky_ws/install/husky_robot/share/husky_robot/local_setup.dsv
[0.820s] -- Installing: /home/lauren/husky_ws/install/husky_robot/share/husky_robot/package.dsv
[0.820s] -- Installing: /home/lauren/husky_ws/install/husky_robot/share/ament_index/resource_index/packages/husky_robot
[0.820s] -- Installing: /home/lauren/husky_ws/install/husky_robot/share/husky_robot/cmake/husky_robotConfig.cmake
[0.820s] -- Installing: /home/lauren/husky_ws/install/husky_robot/share/husky_robot/cmake/husky_robotConfig-version.cmake
[0.820s] -- Installing: /home/lauren/husky_ws/install/husky_robot/share/husky_robot/package.xml
[0.824s] Invoked command in '/home/lauren/husky_ws/build/husky_robot' returned '0': AMENT_PREFIX_PATH=/home/lauren/husky_ws/install/husky_bringup:/home/lauren/husky_ws/install/husky_control:/home/lauren/husky_ws/install/husky_base:/home/lauren/husky_ws/install/husky_msgs:/home/lauren/husky_ws/install/husky_description:${AMENT_PREFIX_PATH} CMAKE_PREFIX_PATH=/home/lauren/husky_ws/install/husky_bringup:/home/lauren/husky_ws/install/husky_control:/home/lauren/husky_ws/install/husky_base:/home/lauren/husky_ws/install/husky_msgs:/home/lauren/husky_ws/install/husky_description:/opt/ros/foxy:${CMAKE_PREFIX_PATH} LD_LIBRARY_PATH=/home/lauren/husky_ws/install/husky_base/lib:/home/lauren/husky_ws/install/husky_msgs/lib:${LD_LIBRARY_PATH} PYTHONPATH=/home/lauren/husky_ws/install/husky_msgs/lib/python3.8/site-packages:${PYTHONPATH} /usr/bin/cmake --install /home/lauren/husky_ws/build/husky_robot
