[0.025s] Invoking command in '/home/lauren/husky_ws/build/husky_gazebo': AMENT_PREFIX_PATH=/home/lauren/husky_ws/install/husky_control:/home/lauren/husky_ws/install/husky_description:${AMENT_PREFIX_PATH} CMAKE_PREFIX_PATH=/home/lauren/husky_ws/install/husky_control:/home/lauren/husky_ws/install/husky_description:/opt/ros/foxy:${CMAKE_PREFIX_PATH} /usr/bin/cmake /home/lauren/husky_ws/src/husky/husky_gazebo -DCMAKE_INSTALL_PREFIX=/home/lauren/husky_ws/install/husky_gazebo
[0.078s] -- The C compiler identification is GNU 9.4.0
[0.131s] -- The CXX compiler identification is GNU 9.4.0
[0.136s] -- Check for working C compiler: /usr/bin/cc
[0.221s] -- Check for working C compiler: /usr/bin/cc -- works
[0.223s] -- Detecting C compiler ABI info
[0.297s] -- Detecting C compiler ABI info - done
[0.309s] -- Detecting C compile features
[0.309s] -- Detecting C compile features - done
[0.311s] -- Check for working CXX compiler: /usr/bin/c++
[0.390s] -- Check for working CXX compiler: /usr/bin/c++ -- works
[0.392s] -- Detecting CXX compiler ABI info
[0.473s] -- Detecting CXX compiler ABI info - done
[0.485s] -- Detecting CXX compile features
[0.485s] -- Detecting CXX compile features - done
[0.488s] -- Found ament_cmake: 0.9.9 (/opt/ros/foxy/share/ament_cmake/cmake)
[0.517s] -- Found PythonInterp: /usr/bin/python3 (found suitable version "3.8.10", minimum required is "3") 
[0.517s] -- Using PYTHON_EXECUTABLE: /usr/bin/python3
[0.845s] -- Found urdf: 2.4.0 (/opt/ros/foxy/share/urdf/cmake)
[0.880s] -- Found xacro: 2.0.7 (/opt/ros/foxy/share/xacro/cmake)
[0.941s] -- Configuring done
[0.943s] -- Generating done
[0.943s] -- Build files have been written to: /home/lauren/husky_ws/build/husky_gazebo
[0.949s] Invoked command in '/home/lauren/husky_ws/build/husky_gazebo' returned '0': AMENT_PREFIX_PATH=/home/lauren/husky_ws/install/husky_control:/home/lauren/husky_ws/install/husky_description:${AMENT_PREFIX_PATH} CMAKE_PREFIX_PATH=/home/lauren/husky_ws/install/husky_control:/home/lauren/husky_ws/install/husky_description:/opt/ros/foxy:${CMAKE_PREFIX_PATH} /usr/bin/cmake /home/lauren/husky_ws/src/husky/husky_gazebo -DCMAKE_INSTALL_PREFIX=/home/lauren/husky_ws/install/husky_gazebo
[0.951s] Invoking command in '/home/lauren/husky_ws/build/husky_gazebo': AMENT_PREFIX_PATH=/home/lauren/husky_ws/install/husky_control:/home/lauren/husky_ws/install/husky_description:${AMENT_PREFIX_PATH} CMAKE_PREFIX_PATH=/home/lauren/husky_ws/install/husky_control:/home/lauren/husky_ws/install/husky_description:/opt/ros/foxy:${CMAKE_PREFIX_PATH} /usr/bin/cmake --build /home/lauren/husky_ws/build/husky_gazebo -- -j8 -l8
[0.991s] Invoked command in '/home/lauren/husky_ws/build/husky_gazebo' returned '0': AMENT_PREFIX_PATH=/home/lauren/husky_ws/install/husky_control:/home/lauren/husky_ws/install/husky_description:${AMENT_PREFIX_PATH} CMAKE_PREFIX_PATH=/home/lauren/husky_ws/install/husky_control:/home/lauren/husky_ws/install/husky_description:/opt/ros/foxy:${CMAKE_PREFIX_PATH} /usr/bin/cmake --build /home/lauren/husky_ws/build/husky_gazebo -- -j8 -l8
[1.015s] Invoking command in '/home/lauren/husky_ws/build/husky_gazebo': AMENT_PREFIX_PATH=/home/lauren/husky_ws/install/husky_control:/home/lauren/husky_ws/install/husky_description:${AMENT_PREFIX_PATH} CMAKE_PREFIX_PATH=/home/lauren/husky_ws/install/husky_control:/home/lauren/husky_ws/install/husky_description:/opt/ros/foxy:${CMAKE_PREFIX_PATH} /usr/bin/cmake --install /home/lauren/husky_ws/build/husky_gazebo
[1.024s] -- Install configuration: ""
[1.025s] -- Installing: /home/lauren/husky_ws/install/husky_gazebo/share/husky_gazebo/launch
[1.025s] -- Installing: /home/lauren/husky_ws/install/husky_gazebo/share/husky_gazebo/launch/gazebo.launch.py
[1.025s] -- Installing: /home/lauren/husky_ws/install/husky_gazebo/share/husky_gazebo/launch/realsense.launch
[1.025s] -- Installing: /home/lauren/husky_ws/install/husky_gazebo/share/husky_gazebo/launch/playpen.launch
[1.025s] -- Installing: /home/lauren/husky_ws/install/husky_gazebo/share/husky_gazebo/launch/husky_playpen.launch
[1.025s] -- Installing: /home/lauren/husky_ws/install/husky_gazebo/share/husky_gazebo/launch/multi_husky_playpen.launch
[1.025s] -- Installing: /home/lauren/husky_ws/install/husky_gazebo/share/husky_gazebo/launch/husky_empty_world.launch
[1.025s] -- Installing: /home/lauren/husky_ws/install/husky_gazebo/share/husky_gazebo/launch/husky_playpen.launch.py
[1.025s] -- Installing: /home/lauren/husky_ws/install/husky_gazebo/share/husky_gazebo/launch/spawn_husky.launch
[1.025s] -- Installing: /home/lauren/husky_ws/install/husky_gazebo/share/husky_gazebo/worlds
[1.025s] -- Installing: /home/lauren/husky_ws/install/husky_gazebo/share/husky_gazebo/worlds/clearpath_playpen.world
[1.025s] -- Installing: /home/lauren/husky_ws/install/husky_gazebo/share/ament_index/resource_index/package_run_dependencies/husky_gazebo
[1.026s] -- Installing: /home/lauren/husky_ws/install/husky_gazebo/share/ament_index/resource_index/parent_prefix_path/husky_gazebo
[1.026s] -- Installing: /home/lauren/husky_ws/install/husky_gazebo/share/husky_gazebo/environment/ament_prefix_path.sh
[1.026s] -- Installing: /home/lauren/husky_ws/install/husky_gazebo/share/husky_gazebo/environment/ament_prefix_path.dsv
[1.026s] -- Installing: /home/lauren/husky_ws/install/husky_gazebo/share/husky_gazebo/environment/path.sh
[1.026s] -- Installing: /home/lauren/husky_ws/install/husky_gazebo/share/husky_gazebo/environment/path.dsv
[1.026s] -- Installing: /home/lauren/husky_ws/install/husky_gazebo/share/husky_gazebo/local_setup.bash
[1.026s] -- Installing: /home/lauren/husky_ws/install/husky_gazebo/share/husky_gazebo/local_setup.sh
[1.026s] -- Installing: /home/lauren/husky_ws/install/husky_gazebo/share/husky_gazebo/local_setup.zsh
[1.026s] -- Installing: /home/lauren/husky_ws/install/husky_gazebo/share/husky_gazebo/local_setup.dsv
[1.027s] -- Installing: /home/lauren/husky_ws/install/husky_gazebo/share/husky_gazebo/package.dsv
[1.027s] -- Installing: /home/lauren/husky_ws/install/husky_gazebo/share/ament_index/resource_index/packages/husky_gazebo
[1.027s] -- Installing: /home/lauren/husky_ws/install/husky_gazebo/share/husky_gazebo/cmake/husky_gazeboConfig.cmake
[1.027s] -- Installing: /home/lauren/husky_ws/install/husky_gazebo/share/husky_gazebo/cmake/husky_gazeboConfig-version.cmake
[1.027s] -- Installing: /home/lauren/husky_ws/install/husky_gazebo/share/husky_gazebo/package.xml
[1.032s] Invoked command in '/home/lauren/husky_ws/build/husky_gazebo' returned '0': AMENT_PREFIX_PATH=/home/lauren/husky_ws/install/husky_control:/home/lauren/husky_ws/install/husky_description:${AMENT_PREFIX_PATH} CMAKE_PREFIX_PATH=/home/lauren/husky_ws/install/husky_control:/home/lauren/husky_ws/install/husky_description:/opt/ros/foxy:${CMAKE_PREFIX_PATH} /usr/bin/cmake --install /home/lauren/husky_ws/build/husky_gazebo
