[0.019s] Invoking command in '/home/lauren/husky_ws/build/husky_msgs': CMAKE_PREFIX_PATH=/opt/ros/foxy:${CMAKE_PREFIX_PATH} /usr/bin/cmake /home/lauren/husky_ws/src/husky/husky_msgs -DCMAKE_INSTALL_PREFIX=/home/lauren/husky_ws/install/husky_msgs
[0.073s] -- The C compiler identification is GNU 9.4.0
[0.126s] -- The CXX compiler identification is GNU 9.4.0
[0.130s] -- Check for working C compiler: /usr/bin/cc
[0.193s] -- Check for working C compiler: /usr/bin/cc -- works
[0.194s] -- Detecting C compiler ABI info
[0.260s] -- Detecting C compiler ABI info - done
[0.278s] -- Detecting C compile features
[0.278s] -- Detecting C compile features - done
[0.281s] -- Check for working CXX compiler: /usr/bin/c++
[0.356s] -- Check for working CXX compiler: /usr/bin/c++ -- works
[0.357s] -- Detecting CXX compiler ABI info
[0.436s] -- Detecting CXX compiler ABI info - done
[0.456s] -- Detecting CXX compile features
[0.457s] -- Detecting CXX compile features - done
[0.460s] -- Found ament_cmake: 0.9.9 (/opt/ros/foxy/share/ament_cmake/cmake)
[0.483s] -- Found PythonInterp: /usr/bin/python3 (found suitable version "3.8.10", minimum required is "3") 
[0.483s] -- Using PYTHON_EXECUTABLE: /usr/bin/python3
[0.718s] -- Found std_msgs: 2.0.5 (/opt/ros/foxy/share/std_msgs/cmake)
[0.749s] -- Using all available rosidl_typesupport_c: rosidl_typesupport_fastrtps_c;rosidl_typesupport_introspection_c
[0.755s] -- Found rosidl_adapter: 1.2.1 (/opt/ros/foxy/share/rosidl_adapter/cmake)
[0.850s] -- Found OpenSSL: /usr/lib/x86_64-linux-gnu/libcrypto.so (found version "1.1.1f")  
[0.883s] -- Found FastRTPS: /opt/ros/foxy/include  
[0.977s] -- Using all available rosidl_typesupport_cpp: rosidl_typesupport_fastrtps_cpp;rosidl_typesupport_introspection_cpp
[1.028s] -- Found rosidl_default_generators: 1.0.1 (/opt/ros/foxy/share/rosidl_default_generators/cmake)
[1.062s] -- Found PythonInterp: /usr/bin/python3 (found version "3.8.10") 
[1.220s] -- Found ament_cmake_ros: 0.9.2 (/opt/ros/foxy/share/ament_cmake_ros/cmake)
[1.427s] -- Using all available rosidl_typesupport_c: rosidl_typesupport_fastrtps_c;rosidl_typesupport_introspection_c
[1.496s] -- Using all available rosidl_typesupport_cpp: rosidl_typesupport_fastrtps_cpp;rosidl_typesupport_introspection_cpp
[1.521s] -- Found PythonInterp: /usr/bin/python3 (found suitable version "3.8.10", minimum required is "3.5") 
[1.523s] -- Found python_cmake_module: 0.8.1 (/opt/ros/foxy/share/python_cmake_module/cmake)
[1.551s] -- Found PythonLibs: /usr/lib/x86_64-linux-gnu/libpython3.8.so (found suitable version "3.8.10", minimum required is "3.5") 
[1.551s] -- Using PYTHON_EXECUTABLE: /usr/bin/python3
[1.551s] -- Using PYTHON_INCLUDE_DIRS: /usr/include/python3.8
[1.551s] -- Using PYTHON_LIBRARIES: /usr/lib/x86_64-linux-gnu/libpython3.8.so
[1.572s] -- Found PythonExtra: .so  
[1.640s] -- Configuring done
[1.683s] -- Generating done
[1.685s] -- Build files have been written to: /home/lauren/husky_ws/build/husky_msgs
[1.692s] Invoked command in '/home/lauren/husky_ws/build/husky_msgs' returned '0': CMAKE_PREFIX_PATH=/opt/ros/foxy:${CMAKE_PREFIX_PATH} /usr/bin/cmake /home/lauren/husky_ws/src/husky/husky_msgs -DCMAKE_INSTALL_PREFIX=/home/lauren/husky_ws/install/husky_msgs
[1.694s] Invoking command in '/home/lauren/husky_ws/build/husky_msgs': CMAKE_PREFIX_PATH=/opt/ros/foxy:${CMAKE_PREFIX_PATH} /usr/bin/cmake --build /home/lauren/husky_ws/build/husky_msgs -- -j8 -l8
[1.736s] [  3%] [34m[1mGenerating C code for ROS interfaces[0m
[1.736s] [35m[1mScanning dependencies of target husky_msgs__cpp[0m
[1.747s] [  6%] [34m[1mGenerating C++ code for ROS interfaces[0m
[2.051s] [35m[1mScanning dependencies of target husky_msgs__rosidl_generator_c[0m
[2.065s] [  9%] [32mBuilding C object CMakeFiles/husky_msgs__rosidl_generator_c.dir/rosidl_generator_c/husky_msgs/msg/detail/husky_status__functions.c.o[0m
[2.067s] [  9%] Built target husky_msgs__cpp
[2.078s] [ 19%] [34m[1mGenerating C++ type support for eProsima Fast-RTPS[0m
[2.078s] [ 19%] [34m[1mGenerating C++ introspection for ROS interfaces[0m
[2.078s] [ 19%] [34m[1mGenerating C++ type support dispatch for ROS interfaces[0m
[2.111s] [ 22%] [32m[1mLinking C shared library libhusky_msgs__rosidl_generator_c.so[0m
[2.161s] [ 22%] Built target husky_msgs__rosidl_generator_c
[2.175s] [ 29%] [34m[1mGenerating C introspection for ROS interfaces[0m
[2.176s] [ 29%] [34m[1mGenerating C type support dispatch for ROS interfaces[0m
[2.385s] [35m[1mScanning dependencies of target husky_msgs__rosidl_typesupport_introspection_cpp[0m
[2.401s] [ 32%] [32mBuilding CXX object CMakeFiles/husky_msgs__rosidl_typesupport_introspection_cpp.dir/rosidl_typesupport_introspection_cpp/husky_msgs/msg/detail/husky_status__type_support.cpp.o[0m
[2.503s] [35m[1mScanning dependencies of target husky_msgs__rosidl_typesupport_cpp[0m
[2.521s] [ 35%] [32mBuilding CXX object CMakeFiles/husky_msgs__rosidl_typesupport_cpp.dir/rosidl_typesupport_cpp/husky_msgs/msg/husky_status__type_support.cpp.o[0m
[2.552s] [35m[1mScanning dependencies of target husky_msgs__rosidl_typesupport_fastrtps_cpp[0m
[2.574s] [ 38%] [32mBuilding CXX object CMakeFiles/husky_msgs__rosidl_typesupport_fastrtps_cpp.dir/rosidl_typesupport_fastrtps_cpp/husky_msgs/msg/detail/dds_fastrtps/husky_status__type_support.cpp.o[0m
[2.622s] [35m[1mScanning dependencies of target husky_msgs__rosidl_typesupport_introspection_c[0m
[2.633s] [35m[1mScanning dependencies of target husky_msgs__rosidl_typesupport_c[0m
[2.643s] [ 41%] [32mBuilding C object CMakeFiles/husky_msgs__rosidl_typesupport_introspection_c.dir/rosidl_typesupport_introspection_c/husky_msgs/msg/detail/husky_status__type_support.c.o[0m
[2.649s] [ 45%] [32mBuilding CXX object CMakeFiles/husky_msgs__rosidl_typesupport_c.dir/rosidl_typesupport_c/husky_msgs/msg/husky_status__type_support.cpp.o[0m
[2.685s] [ 48%] [32m[1mLinking C shared library libhusky_msgs__rosidl_typesupport_introspection_c.so[0m
[2.691s] [ 51%] [32m[1mLinking CXX shared library libhusky_msgs__rosidl_typesupport_c.so[0m
[2.718s] [ 54%] [32m[1mLinking CXX shared library libhusky_msgs__rosidl_typesupport_introspection_cpp.so[0m
[2.729s] [ 54%] Built target husky_msgs__rosidl_typesupport_introspection_c
[2.745s] [ 54%] Built target husky_msgs__rosidl_typesupport_c
[2.788s] [ 54%] Built target husky_msgs__rosidl_typesupport_introspection_cpp
[2.878s] [ 58%] [32m[1mLinking CXX shared library libhusky_msgs__rosidl_typesupport_cpp.so[0m
[2.924s] [ 58%] Built target husky_msgs__rosidl_typesupport_cpp
[3.035s] [ 61%] [32m[1mLinking CXX shared library libhusky_msgs__rosidl_typesupport_fastrtps_cpp.so[0m
[3.125s] [ 61%] Built target husky_msgs__rosidl_typesupport_fastrtps_cpp
[3.136s] [ 64%] [34m[1mGenerating C type support for eProsima Fast-RTPS[0m
[3.427s] [35m[1mScanning dependencies of target husky_msgs__rosidl_typesupport_fastrtps_c[0m
[3.442s] [ 67%] [32mBuilding CXX object CMakeFiles/husky_msgs__rosidl_typesupport_fastrtps_c.dir/rosidl_typesupport_fastrtps_c/husky_msgs/msg/detail/husky_status__type_support_c.cpp.o[0m
[3.808s] [ 70%] [32m[1mLinking CXX shared library libhusky_msgs__rosidl_typesupport_fastrtps_c.so[0m
[3.894s] [ 70%] Built target husky_msgs__rosidl_typesupport_fastrtps_c
[3.903s] [35m[1mScanning dependencies of target husky_msgs[0m
[3.914s] [ 70%] Built target husky_msgs
[3.924s] [35m[1mScanning dependencies of target husky_msgs__py[0m
[3.935s] [ 74%] [34m[1mGenerating Python code for ROS interfaces[0m
[4.461s] [ 74%] Built target husky_msgs__py
[4.470s] [35m[1mScanning dependencies of target husky_msgs__python[0m
[4.487s] [ 77%] [32mBuilding C object CMakeFiles/husky_msgs__python.dir/rosidl_generator_py/husky_msgs/msg/_husky_status_s.c.o[0m
[4.581s] [ 80%] [32m[1mLinking C shared library rosidl_generator_py/husky_msgs/libhusky_msgs__python.so[0m
[4.622s] [ 80%] Built target husky_msgs__python
[4.632s] [35m[1mScanning dependencies of target husky_msgs__rosidl_typesupport_introspection_c__pyext[0m
[4.632s] [35m[1mScanning dependencies of target husky_msgs__rosidl_typesupport_c__pyext[0m
[4.632s] [35m[1mScanning dependencies of target husky_msgs__rosidl_typesupport_fastrtps_c__pyext[0m
[4.651s] [ 83%] [32mBuilding C object CMakeFiles/husky_msgs__rosidl_typesupport_introspection_c__pyext.dir/rosidl_generator_py/husky_msgs/_husky_msgs_s.ep.rosidl_typesupport_introspection_c.c.o[0m
[4.652s] [ 87%] [32mBuilding C object CMakeFiles/husky_msgs__rosidl_typesupport_c__pyext.dir/rosidl_generator_py/husky_msgs/_husky_msgs_s.ep.rosidl_typesupport_c.c.o[0m
[4.653s] [ 90%] [32mBuilding C object CMakeFiles/husky_msgs__rosidl_typesupport_fastrtps_c__pyext.dir/rosidl_generator_py/husky_msgs/_husky_msgs_s.ep.rosidl_typesupport_fastrtps_c.c.o[0m
[4.729s] [100%] [32m[1mLinking C shared library rosidl_generator_py/husky_msgs/husky_msgs_s__rosidl_typesupport_introspection_c.cpython-38-x86_64-linux-gnu.so[0m
[4.729s] [100%] [32m[1mLinking CXX shared library rosidl_generator_py/husky_msgs/husky_msgs_s__rosidl_typesupport_fastrtps_c.cpython-38-x86_64-linux-gnu.so[0m
[4.729s] [100%] [32m[1mLinking C shared library rosidl_generator_py/husky_msgs/husky_msgs_s__rosidl_typesupport_c.cpython-38-x86_64-linux-gnu.so[0m
[4.767s] [100%] Built target husky_msgs__rosidl_typesupport_c__pyext
[4.767s] [100%] Built target husky_msgs__rosidl_typesupport_introspection_c__pyext
[4.795s] [100%] Built target husky_msgs__rosidl_typesupport_fastrtps_c__pyext
[4.805s] Invoked command in '/home/lauren/husky_ws/build/husky_msgs' returned '0': CMAKE_PREFIX_PATH=/opt/ros/foxy:${CMAKE_PREFIX_PATH} /usr/bin/cmake --build /home/lauren/husky_ws/build/husky_msgs -- -j8 -l8
[4.856s] Invoking command in '/home/lauren/husky_ws/build/husky_msgs': CMAKE_PREFIX_PATH=/opt/ros/foxy:${CMAKE_PREFIX_PATH} /usr/bin/cmake --install /home/lauren/husky_ws/build/husky_msgs
[4.864s] -- Install configuration: ""
[4.864s] -- Installing: /home/lauren/husky_ws/install/husky_msgs/share/ament_index/resource_index/rosidl_interfaces/husky_msgs
[4.864s] -- Installing: /home/lauren/husky_ws/install/husky_msgs/include/husky_msgs
[4.865s] -- Installing: /home/lauren/husky_ws/install/husky_msgs/include/husky_msgs/msg
[4.865s] -- Installing: /home/lauren/husky_ws/install/husky_msgs/include/husky_msgs/msg/rosidl_generator_c__visibility_control.h
[4.865s] -- Installing: /home/lauren/husky_ws/install/husky_msgs/include/husky_msgs/msg/detail
[4.865s] -- Installing: /home/lauren/husky_ws/install/husky_msgs/include/husky_msgs/msg/detail/husky_status__functions.h
[4.865s] -- Installing: /home/lauren/husky_ws/install/husky_msgs/include/husky_msgs/msg/detail/husky_status__functions.c
[4.865s] -- Installing: /home/lauren/husky_ws/install/husky_msgs/include/husky_msgs/msg/detail/husky_status__struct.h
[4.865s] -- Installing: /home/lauren/husky_ws/install/husky_msgs/include/husky_msgs/msg/detail/husky_status__type_support.h
[4.865s] -- Installing: /home/lauren/husky_ws/install/husky_msgs/include/husky_msgs/msg/husky_status.h
[4.865s] -- Installing: /home/lauren/husky_ws/install/husky_msgs/share/husky_msgs/environment/library_path.sh
[4.865s] -- Installing: /home/lauren/husky_ws/install/husky_msgs/share/husky_msgs/environment/library_path.dsv
[4.865s] -- Installing: /home/lauren/husky_ws/install/husky_msgs/lib/libhusky_msgs__rosidl_generator_c.so
[4.866s] -- Set runtime path of "/home/lauren/husky_ws/install/husky_msgs/lib/libhusky_msgs__rosidl_generator_c.so" to ""
[4.866s] -- Up-to-date: /home/lauren/husky_ws/install/husky_msgs/include/husky_msgs
[4.866s] -- Up-to-date: /home/lauren/husky_ws/install/husky_msgs/include/husky_msgs/msg
[4.866s] -- Installing: /home/lauren/husky_ws/install/husky_msgs/include/husky_msgs/msg/rosidl_typesupport_fastrtps_c__visibility_control.h
[4.866s] -- Up-to-date: /home/lauren/husky_ws/install/husky_msgs/include/husky_msgs/msg/detail
[4.866s] -- Installing: /home/lauren/husky_ws/install/husky_msgs/include/husky_msgs/msg/detail/husky_status__rosidl_typesupport_fastrtps_c.h
[4.866s] -- Installing: /home/lauren/husky_ws/install/husky_msgs/lib/libhusky_msgs__rosidl_typesupport_fastrtps_c.so
[4.867s] -- Set runtime path of "/home/lauren/husky_ws/install/husky_msgs/lib/libhusky_msgs__rosidl_typesupport_fastrtps_c.so" to ""
[4.867s] -- Up-to-date: /home/lauren/husky_ws/install/husky_msgs/include/husky_msgs
[4.867s] -- Up-to-date: /home/lauren/husky_ws/install/husky_msgs/include/husky_msgs/msg
[4.867s] -- Installing: /home/lauren/husky_ws/install/husky_msgs/include/husky_msgs/msg/rosidl_typesupport_fastrtps_cpp__visibility_control.h
[4.867s] -- Up-to-date: /home/lauren/husky_ws/install/husky_msgs/include/husky_msgs/msg/detail
[4.867s] -- Installing: /home/lauren/husky_ws/install/husky_msgs/include/husky_msgs/msg/detail/dds_fastrtps
[4.867s] -- Installing: /home/lauren/husky_ws/install/husky_msgs/include/husky_msgs/msg/detail/husky_status__rosidl_typesupport_fastrtps_cpp.hpp
[4.867s] -- Installing: /home/lauren/husky_ws/install/husky_msgs/lib/libhusky_msgs__rosidl_typesupport_fastrtps_cpp.so
[4.867s] -- Set runtime path of "/home/lauren/husky_ws/install/husky_msgs/lib/libhusky_msgs__rosidl_typesupport_fastrtps_cpp.so" to ""
[4.868s] -- Up-to-date: /home/lauren/husky_ws/install/husky_msgs/include/husky_msgs
[4.868s] -- Up-to-date: /home/lauren/husky_ws/install/husky_msgs/include/husky_msgs/msg
[4.868s] -- Installing: /home/lauren/husky_ws/install/husky_msgs/include/husky_msgs/msg/rosidl_typesupport_introspection_c__visibility_control.h
[4.868s] -- Up-to-date: /home/lauren/husky_ws/install/husky_msgs/include/husky_msgs/msg/detail
[4.868s] -- Installing: /home/lauren/husky_ws/install/husky_msgs/include/husky_msgs/msg/detail/husky_status__type_support.c
[4.868s] -- Installing: /home/lauren/husky_ws/install/husky_msgs/include/husky_msgs/msg/detail/husky_status__rosidl_typesupport_introspection_c.h
[4.868s] -- Installing: /home/lauren/husky_ws/install/husky_msgs/lib/libhusky_msgs__rosidl_typesupport_introspection_c.so
[4.868s] -- Set runtime path of "/home/lauren/husky_ws/install/husky_msgs/lib/libhusky_msgs__rosidl_typesupport_introspection_c.so" to ""
[4.868s] -- Installing: /home/lauren/husky_ws/install/husky_msgs/lib/libhusky_msgs__rosidl_typesupport_c.so
[4.869s] -- Set runtime path of "/home/lauren/husky_ws/install/husky_msgs/lib/libhusky_msgs__rosidl_typesupport_c.so" to ""
[4.869s] -- Up-to-date: /home/lauren/husky_ws/install/husky_msgs/include/husky_msgs
[4.869s] -- Up-to-date: /home/lauren/husky_ws/install/husky_msgs/include/husky_msgs/msg
[4.869s] -- Up-to-date: /home/lauren/husky_ws/install/husky_msgs/include/husky_msgs/msg/detail
[4.869s] -- Installing: /home/lauren/husky_ws/install/husky_msgs/include/husky_msgs/msg/detail/husky_status__builder.hpp
[4.869s] -- Installing: /home/lauren/husky_ws/install/husky_msgs/include/husky_msgs/msg/detail/husky_status__struct.hpp
[4.869s] -- Installing: /home/lauren/husky_ws/install/husky_msgs/include/husky_msgs/msg/detail/husky_status__traits.hpp
[4.869s] -- Installing: /home/lauren/husky_ws/install/husky_msgs/include/husky_msgs/msg/husky_status.hpp
[4.869s] -- Up-to-date: /home/lauren/husky_ws/install/husky_msgs/include/husky_msgs
[4.870s] -- Up-to-date: /home/lauren/husky_ws/install/husky_msgs/include/husky_msgs/msg
[4.870s] -- Up-to-date: /home/lauren/husky_ws/install/husky_msgs/include/husky_msgs/msg/detail
[4.870s] -- Installing: /home/lauren/husky_ws/install/husky_msgs/include/husky_msgs/msg/detail/husky_status__type_support.cpp
[4.870s] -- Installing: /home/lauren/husky_ws/install/husky_msgs/include/husky_msgs/msg/detail/husky_status__rosidl_typesupport_introspection_cpp.hpp
[4.870s] -- Installing: /home/lauren/husky_ws/install/husky_msgs/lib/libhusky_msgs__rosidl_typesupport_introspection_cpp.so
[4.870s] -- Set runtime path of "/home/lauren/husky_ws/install/husky_msgs/lib/libhusky_msgs__rosidl_typesupport_introspection_cpp.so" to ""
[4.870s] -- Installing: /home/lauren/husky_ws/install/husky_msgs/lib/libhusky_msgs__rosidl_typesupport_cpp.so
[4.870s] -- Set runtime path of "/home/lauren/husky_ws/install/husky_msgs/lib/libhusky_msgs__rosidl_typesupport_cpp.so" to ""
[4.871s] -- Installing: /home/lauren/husky_ws/install/husky_msgs/share/husky_msgs/environment/pythonpath.sh
[4.871s] -- Installing: /home/lauren/husky_ws/install/husky_msgs/share/husky_msgs/environment/pythonpath.dsv
[4.871s] -- Installing: /home/lauren/husky_ws/install/husky_msgs/lib/python3.8/site-packages/husky_msgs/__init__.py
[4.899s] Compiling '/home/lauren/husky_ws/install/husky_msgs/lib/python3.8/site-packages/husky_msgs/__init__.py'...
[4.904s] -- Installing: /home/lauren/husky_ws/install/husky_msgs/lib/python3.8/site-packages/husky_msgs/msg
[4.904s] -- Installing: /home/lauren/husky_ws/install/husky_msgs/lib/python3.8/site-packages/husky_msgs/msg/_husky_status_s.c
[4.904s] -- Installing: /home/lauren/husky_ws/install/husky_msgs/lib/python3.8/site-packages/husky_msgs/msg/_husky_status.py
[4.904s] -- Installing: /home/lauren/husky_ws/install/husky_msgs/lib/python3.8/site-packages/husky_msgs/msg/__init__.py
[4.904s] -- Installing: /home/lauren/husky_ws/install/husky_msgs/lib/python3.8/site-packages/husky_msgs/husky_msgs_s__rosidl_typesupport_fastrtps_c.cpython-38-x86_64-linux-gnu.so
[4.905s] -- Set runtime path of "/home/lauren/husky_ws/install/husky_msgs/lib/python3.8/site-packages/husky_msgs/husky_msgs_s__rosidl_typesupport_fastrtps_c.cpython-38-x86_64-linux-gnu.so" to ""
[4.905s] -- Installing: /home/lauren/husky_ws/install/husky_msgs/lib/python3.8/site-packages/husky_msgs/husky_msgs_s__rosidl_typesupport_introspection_c.cpython-38-x86_64-linux-gnu.so
[4.905s] -- Set runtime path of "/home/lauren/husky_ws/install/husky_msgs/lib/python3.8/site-packages/husky_msgs/husky_msgs_s__rosidl_typesupport_introspection_c.cpython-38-x86_64-linux-gnu.so" to ""
[4.906s] -- Installing: /home/lauren/husky_ws/install/husky_msgs/lib/python3.8/site-packages/husky_msgs/husky_msgs_s__rosidl_typesupport_c.cpython-38-x86_64-linux-gnu.so
[4.906s] -- Set runtime path of "/home/lauren/husky_ws/install/husky_msgs/lib/python3.8/site-packages/husky_msgs/husky_msgs_s__rosidl_typesupport_c.cpython-38-x86_64-linux-gnu.so" to ""
[4.906s] -- Installing: /home/lauren/husky_ws/install/husky_msgs/lib/libhusky_msgs__python.so
[4.907s] -- Set runtime path of "/home/lauren/husky_ws/install/husky_msgs/lib/libhusky_msgs__python.so" to ""
[4.907s] -- Installing: /home/lauren/husky_ws/install/husky_msgs/share/husky_msgs/msg/HuskyStatus.idl
[4.907s] -- Installing: /home/lauren/husky_ws/install/husky_msgs/share/husky_msgs/msg/HuskyStatus.msg
[4.907s] -- Installing: /home/lauren/husky_ws/install/husky_msgs/share/ament_index/resource_index/package_run_dependencies/husky_msgs
[4.907s] -- Installing: /home/lauren/husky_ws/install/husky_msgs/share/ament_index/resource_index/parent_prefix_path/husky_msgs
[4.907s] -- Installing: /home/lauren/husky_ws/install/husky_msgs/share/husky_msgs/environment/ament_prefix_path.sh
[4.907s] -- Installing: /home/lauren/husky_ws/install/husky_msgs/share/husky_msgs/environment/ament_prefix_path.dsv
[4.908s] -- Installing: /home/lauren/husky_ws/install/husky_msgs/share/husky_msgs/environment/path.sh
[4.908s] -- Installing: /home/lauren/husky_ws/install/husky_msgs/share/husky_msgs/environment/path.dsv
[4.908s] -- Installing: /home/lauren/husky_ws/install/husky_msgs/share/husky_msgs/local_setup.bash
[4.908s] -- Installing: /home/lauren/husky_ws/install/husky_msgs/share/husky_msgs/local_setup.sh
[4.908s] -- Installing: /home/lauren/husky_ws/install/husky_msgs/share/husky_msgs/local_setup.zsh
[4.908s] -- Installing: /home/lauren/husky_ws/install/husky_msgs/share/husky_msgs/local_setup.dsv
[4.908s] -- Installing: /home/lauren/husky_ws/install/husky_msgs/share/husky_msgs/package.dsv
[4.908s] -- Installing: /home/lauren/husky_ws/install/husky_msgs/share/ament_index/resource_index/packages/husky_msgs
[4.908s] -- Installing: /home/lauren/husky_ws/install/husky_msgs/share/husky_msgs/cmake/husky_msgs__rosidl_generator_cExport.cmake
[4.909s] -- Installing: /home/lauren/husky_ws/install/husky_msgs/share/husky_msgs/cmake/husky_msgs__rosidl_generator_cExport-noconfig.cmake
[4.909s] -- Installing: /home/lauren/husky_ws/install/husky_msgs/share/husky_msgs/cmake/husky_msgs__rosidl_typesupport_introspection_cExport.cmake
[4.909s] -- Installing: /home/lauren/husky_ws/install/husky_msgs/share/husky_msgs/cmake/husky_msgs__rosidl_typesupport_introspection_cExport-noconfig.cmake
[4.909s] -- Installing: /home/lauren/husky_ws/install/husky_msgs/share/husky_msgs/cmake/husky_msgs__rosidl_typesupport_cExport.cmake
[4.909s] -- Installing: /home/lauren/husky_ws/install/husky_msgs/share/husky_msgs/cmake/husky_msgs__rosidl_typesupport_cExport-noconfig.cmake
[4.910s] -- Installing: /home/lauren/husky_ws/install/husky_msgs/share/husky_msgs/cmake/husky_msgs__rosidl_generator_cppExport.cmake
[4.910s] -- Installing: /home/lauren/husky_ws/install/husky_msgs/share/husky_msgs/cmake/husky_msgs__rosidl_typesupport_introspection_cppExport.cmake
[4.910s] -- Installing: /home/lauren/husky_ws/install/husky_msgs/share/husky_msgs/cmake/husky_msgs__rosidl_typesupport_introspection_cppExport-noconfig.cmake
[4.910s] -- Installing: /home/lauren/husky_ws/install/husky_msgs/share/husky_msgs/cmake/husky_msgs__rosidl_typesupport_cppExport.cmake
[4.910s] -- Installing: /home/lauren/husky_ws/install/husky_msgs/share/husky_msgs/cmake/husky_msgs__rosidl_typesupport_cppExport-noconfig.cmake
[4.910s] -- Installing: /home/lauren/husky_ws/install/husky_msgs/share/husky_msgs/cmake/rosidl_cmake-extras.cmake
[4.910s] -- Installing: /home/lauren/husky_ws/install/husky_msgs/share/husky_msgs/cmake/ament_cmake_export_dependencies-extras.cmake
[4.910s] -- Installing: /home/lauren/husky_ws/install/husky_msgs/share/husky_msgs/cmake/ament_cmake_export_libraries-extras.cmake
[4.911s] -- Installing: /home/lauren/husky_ws/install/husky_msgs/share/husky_msgs/cmake/ament_cmake_export_targets-extras.cmake
[4.911s] -- Installing: /home/lauren/husky_ws/install/husky_msgs/share/husky_msgs/cmake/ament_cmake_export_include_directories-extras.cmake
[4.911s] -- Installing: /home/lauren/husky_ws/install/husky_msgs/share/husky_msgs/cmake/rosidl_cmake_export_typesupport_libraries-extras.cmake
[4.911s] -- Installing: /home/lauren/husky_ws/install/husky_msgs/share/husky_msgs/cmake/rosidl_cmake_export_typesupport_targets-extras.cmake
[4.911s] -- Installing: /home/lauren/husky_ws/install/husky_msgs/share/husky_msgs/cmake/husky_msgsConfig.cmake
[4.911s] -- Installing: /home/lauren/husky_ws/install/husky_msgs/share/husky_msgs/cmake/husky_msgsConfig-version.cmake
[4.911s] -- Installing: /home/lauren/husky_ws/install/husky_msgs/share/husky_msgs/package.xml
[4.913s] Invoked command in '/home/lauren/husky_ws/build/husky_msgs' returned '0': CMAKE_PREFIX_PATH=/opt/ros/foxy:${CMAKE_PREFIX_PATH} /usr/bin/cmake --install /home/lauren/husky_ws/build/husky_msgs
