[0.021s] Invoking command in '/home/lauren/husky_ws/build/husky_gazebo': AMENT_PREFIX_PATH=/home/lauren/husky_ws/install/husky_control:/home/lauren/husky_ws/install/husky_description:${AMENT_PREFIX_PATH} CMAKE_PREFIX_PATH=/home/lauren/husky_ws/install/husky_control:/home/lauren/husky_ws/install/husky_description:/opt/ros/foxy:${CMAKE_PREFIX_PATH} /usr/bin/cmake --build /home/lauren/husky_ws/build/husky_gazebo -- -j8 -l8
[0.060s] Invoked command in '/home/lauren/husky_ws/build/husky_gazebo' returned '0': AMENT_PREFIX_PATH=/home/lauren/husky_ws/install/husky_control:/home/lauren/husky_ws/install/husky_description:${AMENT_PREFIX_PATH} CMAKE_PREFIX_PATH=/home/lauren/husky_ws/install/husky_control:/home/lauren/husky_ws/install/husky_description:/opt/ros/foxy:${CMAKE_PREFIX_PATH} /usr/bin/cmake --build /home/lauren/husky_ws/build/husky_gazebo -- -j8 -l8
[0.080s] Invoking command in '/home/lauren/husky_ws/build/husky_gazebo': AMENT_PREFIX_PATH=/home/lauren/husky_ws/install/husky_control:/home/lauren/husky_ws/install/husky_description:${AMENT_PREFIX_PATH} CMAKE_PREFIX_PATH=/home/lauren/husky_ws/install/husky_control:/home/lauren/husky_ws/install/husky_description:/opt/ros/foxy:${CMAKE_PREFIX_PATH} /usr/bin/cmake --install /home/lauren/husky_ws/build/husky_gazebo
[0.093s] -- Install configuration: ""
[0.094s] -- Up-to-date: /home/lauren/husky_ws/install/husky_gazebo/share/husky_gazebo/launch
[0.094s] -- Up-to-date: /home/lauren/husky_ws/install/husky_gazebo/share/husky_gazebo/launch/gazebo.launch.py
[0.094s] -- Up-to-date: /home/lauren/husky_ws/install/husky_gazebo/share/husky_gazebo/launch/realsense.launch
[0.094s] -- Up-to-date: /home/lauren/husky_ws/install/husky_gazebo/share/husky_gazebo/launch/playpen.launch
[0.094s] -- Up-to-date: /home/lauren/husky_ws/install/husky_gazebo/share/husky_gazebo/launch/husky_playpen.launch
[0.095s] -- Up-to-date: /home/lauren/husky_ws/install/husky_gazebo/share/husky_gazebo/launch/multi_husky_playpen.launch
[0.095s] -- Up-to-date: /home/lauren/husky_ws/install/husky_gazebo/share/husky_gazebo/launch/husky_empty_world.launch
[0.095s] -- Up-to-date: /home/lauren/husky_ws/install/husky_gazebo/share/husky_gazebo/launch/husky_playpen.launch.py
[0.095s] -- Up-to-date: /home/lauren/husky_ws/install/husky_gazebo/share/husky_gazebo/launch/spawn_husky.launch
[0.095s] -- Up-to-date: /home/lauren/husky_ws/install/husky_gazebo/share/husky_gazebo/worlds
[0.095s] -- Up-to-date: /home/lauren/husky_ws/install/husky_gazebo/share/husky_gazebo/worlds/clearpath_playpen.world
[0.095s] -- Up-to-date: /home/lauren/husky_ws/install/husky_gazebo/share/ament_index/resource_index/package_run_dependencies/husky_gazebo
[0.097s] -- Up-to-date: /home/lauren/husky_ws/install/husky_gazebo/share/ament_index/resource_index/parent_prefix_path/husky_gazebo
[0.097s] -- Up-to-date: /home/lauren/husky_ws/install/husky_gazebo/share/husky_gazebo/environment/ament_prefix_path.sh
[0.098s] -- Up-to-date: /home/lauren/husky_ws/install/husky_gazebo/share/husky_gazebo/environment/ament_prefix_path.dsv
[0.098s] -- Up-to-date: /home/lauren/husky_ws/install/husky_gazebo/share/husky_gazebo/environment/path.sh
[0.098s] -- Up-to-date: /home/lauren/husky_ws/install/husky_gazebo/share/husky_gazebo/environment/path.dsv
[0.098s] -- Up-to-date: /home/lauren/husky_ws/install/husky_gazebo/share/husky_gazebo/local_setup.bash
[0.098s] -- Up-to-date: /home/lauren/husky_ws/install/husky_gazebo/share/husky_gazebo/local_setup.sh
[0.098s] -- Up-to-date: /home/lauren/husky_ws/install/husky_gazebo/share/husky_gazebo/local_setup.zsh
[0.099s] -- Up-to-date: /home/lauren/husky_ws/install/husky_gazebo/share/husky_gazebo/local_setup.dsv
[0.101s] -- Installing: /home/lauren/husky_ws/install/husky_gazebo/share/husky_gazebo/package.dsv
[0.101s] -- Up-to-date: /home/lauren/husky_ws/install/husky_gazebo/share/ament_index/resource_index/packages/husky_gazebo
[0.101s] -- Up-to-date: /home/lauren/husky_ws/install/husky_gazebo/share/husky_gazebo/cmake/husky_gazeboConfig.cmake
[0.101s] -- Up-to-date: /home/lauren/husky_ws/install/husky_gazebo/share/husky_gazebo/cmake/husky_gazeboConfig-version.cmake
[0.101s] -- Up-to-date: /home/lauren/husky_ws/install/husky_gazebo/share/husky_gazebo/package.xml
[0.132s] Invoked command in '/home/lauren/husky_ws/build/husky_gazebo' returned '0': AMENT_PREFIX_PATH=/home/lauren/husky_ws/install/husky_control:/home/lauren/husky_ws/install/husky_description:${AMENT_PREFIX_PATH} CMAKE_PREFIX_PATH=/home/lauren/husky_ws/install/husky_control:/home/lauren/husky_ws/install/husky_description:/opt/ros/foxy:${CMAKE_PREFIX_PATH} /usr/bin/cmake --install /home/lauren/husky_ws/build/husky_gazebo
