[0.025s] Invoking command in '/home/lauren/husky_ws/build/husky_msgs': CMAKE_PREFIX_PATH=/home/lauren/husky_ws/install/husky_desktop:/home/lauren/husky_ws/install/husky_viz:/home/lauren/husky_ws/install/husky_simulator:/home/lauren/husky_ws/install/husky_robot:/home/lauren/husky_ws/install/husky_bringup:/home/lauren/husky_ws/install/husky_base:/home/lauren/husky_ws/install/husky_msgs:/home/lauren/husky_ws/install/husky_gazebo:/home/lauren/husky_ws/install/husky_control:/home/lauren/husky_ws/install/husky_description:/opt/ros/foxy:/home/lauren/catkin_ws/devel:/home/lauren/rbe502_ros/devel:/opt/ros/noetic /usr/bin/cmake --build /home/lauren/husky_ws/build/husky_msgs -- -j8 -l8
[0.076s] [  3%] Built target husky_msgs__cpp
[0.078s] [ 12%] Built target husky_msgs__rosidl_generator_c
[0.106s] [ 22%] Built target husky_msgs__rosidl_typesupport_introspection_cpp
[0.107s] [ 32%] Built target husky_msgs__rosidl_typesupport_cpp
[0.108s] [ 41%] Built target husky_msgs__rosidl_typesupport_introspection_c
[0.118s] [ 51%] Built target husky_msgs__rosidl_typesupport_c
[0.119s] [ 61%] Built target husky_msgs__rosidl_typesupport_fastrtps_cpp
[0.140s] [ 70%] Built target husky_msgs__rosidl_typesupport_fastrtps_c
[0.162s] [ 70%] Built target husky_msgs
[0.183s] [ 74%] Built target husky_msgs__py
[0.212s] [ 80%] Built target husky_msgs__python
[0.240s] [ 87%] Built target husky_msgs__rosidl_typesupport_introspection_c__pyext
[0.244s] [ 93%] Built target husky_msgs__rosidl_typesupport_c__pyext
[0.246s] [100%] Built target husky_msgs__rosidl_typesupport_fastrtps_c__pyext
[0.259s] Invoked command in '/home/lauren/husky_ws/build/husky_msgs' returned '0': CMAKE_PREFIX_PATH=/home/lauren/husky_ws/install/husky_desktop:/home/lauren/husky_ws/install/husky_viz:/home/lauren/husky_ws/install/husky_simulator:/home/lauren/husky_ws/install/husky_robot:/home/lauren/husky_ws/install/husky_bringup:/home/lauren/husky_ws/install/husky_base:/home/lauren/husky_ws/install/husky_msgs:/home/lauren/husky_ws/install/husky_gazebo:/home/lauren/husky_ws/install/husky_control:/home/lauren/husky_ws/install/husky_description:/opt/ros/foxy:/home/lauren/catkin_ws/devel:/home/lauren/rbe502_ros/devel:/opt/ros/noetic /usr/bin/cmake --build /home/lauren/husky_ws/build/husky_msgs -- -j8 -l8
[0.309s] Invoking command in '/home/lauren/husky_ws/build/husky_msgs': CMAKE_PREFIX_PATH=/home/lauren/husky_ws/install/husky_desktop:/home/lauren/husky_ws/install/husky_viz:/home/lauren/husky_ws/install/husky_simulator:/home/lauren/husky_ws/install/husky_robot:/home/lauren/husky_ws/install/husky_bringup:/home/lauren/husky_ws/install/husky_base:/home/lauren/husky_ws/install/husky_msgs:/home/lauren/husky_ws/install/husky_gazebo:/home/lauren/husky_ws/install/husky_control:/home/lauren/husky_ws/install/husky_description:/opt/ros/foxy:/home/lauren/catkin_ws/devel:/home/lauren/rbe502_ros/devel:/opt/ros/noetic /usr/bin/cmake --install /home/lauren/husky_ws/build/husky_msgs
[0.321s] -- Install configuration: ""
[0.321s] -- Up-to-date: /home/lauren/husky_ws/install/husky_msgs/share/ament_index/resource_index/rosidl_interfaces/husky_msgs
[0.322s] -- Up-to-date: /home/lauren/husky_ws/install/husky_msgs/include/husky_msgs
[0.322s] -- Up-to-date: /home/lauren/husky_ws/install/husky_msgs/include/husky_msgs/msg
[0.322s] -- Up-to-date: /home/lauren/husky_ws/install/husky_msgs/include/husky_msgs/msg/rosidl_generator_c__visibility_control.h
[0.322s] -- Up-to-date: /home/lauren/husky_ws/install/husky_msgs/include/husky_msgs/msg/detail
[0.323s] -- Up-to-date: /home/lauren/husky_ws/install/husky_msgs/include/husky_msgs/msg/detail/husky_status__functions.h
[0.323s] -- Up-to-date: /home/lauren/husky_ws/install/husky_msgs/include/husky_msgs/msg/detail/husky_status__functions.c
[0.323s] -- Up-to-date: /home/lauren/husky_ws/install/husky_msgs/include/husky_msgs/msg/detail/husky_status__struct.h
[0.323s] -- Up-to-date: /home/lauren/husky_ws/install/husky_msgs/include/husky_msgs/msg/detail/husky_status__type_support.h
[0.324s] -- Up-to-date: /home/lauren/husky_ws/install/husky_msgs/include/husky_msgs/msg/husky_status.h
[0.324s] -- Up-to-date: /home/lauren/husky_ws/install/husky_msgs/share/husky_msgs/environment/library_path.sh
[0.324s] -- Up-to-date: /home/lauren/husky_ws/install/husky_msgs/share/husky_msgs/environment/library_path.dsv
[0.324s] -- Up-to-date: /home/lauren/husky_ws/install/husky_msgs/lib/libhusky_msgs__rosidl_generator_c.so
[0.324s] -- Up-to-date: /home/lauren/husky_ws/install/husky_msgs/include/husky_msgs
[0.325s] -- Up-to-date: /home/lauren/husky_ws/install/husky_msgs/include/husky_msgs/msg
[0.325s] -- Up-to-date: /home/lauren/husky_ws/install/husky_msgs/include/husky_msgs/msg/rosidl_typesupport_fastrtps_c__visibility_control.h
[0.325s] -- Up-to-date: /home/lauren/husky_ws/install/husky_msgs/include/husky_msgs/msg/detail
[0.326s] -- Up-to-date: /home/lauren/husky_ws/install/husky_msgs/include/husky_msgs/msg/detail/husky_status__rosidl_typesupport_fastrtps_c.h
[0.326s] -- Up-to-date: /home/lauren/husky_ws/install/husky_msgs/lib/libhusky_msgs__rosidl_typesupport_fastrtps_c.so
[0.326s] -- Up-to-date: /home/lauren/husky_ws/install/husky_msgs/include/husky_msgs
[0.330s] -- Up-to-date: /home/lauren/husky_ws/install/husky_msgs/include/husky_msgs/msg
[0.330s] -- Up-to-date: /home/lauren/husky_ws/install/husky_msgs/include/husky_msgs/msg/rosidl_typesupport_fastrtps_cpp__visibility_control.h
[0.330s] -- Up-to-date: /home/lauren/husky_ws/install/husky_msgs/include/husky_msgs/msg/detail
[0.330s] -- Up-to-date: /home/lauren/husky_ws/install/husky_msgs/include/husky_msgs/msg/detail/dds_fastrtps
[0.330s] -- Up-to-date: /home/lauren/husky_ws/install/husky_msgs/include/husky_msgs/msg/detail/husky_status__rosidl_typesupport_fastrtps_cpp.hpp
[0.331s] -- Up-to-date: /home/lauren/husky_ws/install/husky_msgs/lib/libhusky_msgs__rosidl_typesupport_fastrtps_cpp.so
[0.331s] -- Up-to-date: /home/lauren/husky_ws/install/husky_msgs/include/husky_msgs
[0.331s] -- Up-to-date: /home/lauren/husky_ws/install/husky_msgs/include/husky_msgs/msg
[0.331s] -- Up-to-date: /home/lauren/husky_ws/install/husky_msgs/include/husky_msgs/msg/rosidl_typesupport_introspection_c__visibility_control.h
[0.331s] -- Up-to-date: /home/lauren/husky_ws/install/husky_msgs/include/husky_msgs/msg/detail
[0.331s] -- Up-to-date: /home/lauren/husky_ws/install/husky_msgs/include/husky_msgs/msg/detail/husky_status__type_support.c
[0.331s] -- Up-to-date: /home/lauren/husky_ws/install/husky_msgs/include/husky_msgs/msg/detail/husky_status__rosidl_typesupport_introspection_c.h
[0.332s] -- Up-to-date: /home/lauren/husky_ws/install/husky_msgs/lib/libhusky_msgs__rosidl_typesupport_introspection_c.so
[0.332s] -- Up-to-date: /home/lauren/husky_ws/install/husky_msgs/lib/libhusky_msgs__rosidl_typesupport_c.so
[0.332s] -- Up-to-date: /home/lauren/husky_ws/install/husky_msgs/include/husky_msgs
[0.332s] -- Up-to-date: /home/lauren/husky_ws/install/husky_msgs/include/husky_msgs/msg
[0.332s] -- Up-to-date: /home/lauren/husky_ws/install/husky_msgs/include/husky_msgs/msg/detail
[0.332s] -- Up-to-date: /home/lauren/husky_ws/install/husky_msgs/include/husky_msgs/msg/detail/husky_status__builder.hpp
[0.333s] -- Up-to-date: /home/lauren/husky_ws/install/husky_msgs/include/husky_msgs/msg/detail/husky_status__struct.hpp
[0.333s] -- Up-to-date: /home/lauren/husky_ws/install/husky_msgs/include/husky_msgs/msg/detail/husky_status__traits.hpp
[0.333s] -- Up-to-date: /home/lauren/husky_ws/install/husky_msgs/include/husky_msgs/msg/husky_status.hpp
[0.333s] -- Up-to-date: /home/lauren/husky_ws/install/husky_msgs/include/husky_msgs
[0.333s] -- Up-to-date: /home/lauren/husky_ws/install/husky_msgs/include/husky_msgs/msg
[0.333s] -- Up-to-date: /home/lauren/husky_ws/install/husky_msgs/include/husky_msgs/msg/detail
[0.333s] -- Up-to-date: /home/lauren/husky_ws/install/husky_msgs/include/husky_msgs/msg/detail/husky_status__type_support.cpp
[0.333s] -- Up-to-date: /home/lauren/husky_ws/install/husky_msgs/include/husky_msgs/msg/detail/husky_status__rosidl_typesupport_introspection_cpp.hpp
[0.335s] -- Up-to-date: /home/lauren/husky_ws/install/husky_msgs/lib/libhusky_msgs__rosidl_typesupport_introspection_cpp.so
[0.335s] -- Up-to-date: /home/lauren/husky_ws/install/husky_msgs/lib/libhusky_msgs__rosidl_typesupport_cpp.so
[0.335s] -- Up-to-date: /home/lauren/husky_ws/install/husky_msgs/share/husky_msgs/environment/pythonpath.sh
[0.336s] -- Up-to-date: /home/lauren/husky_ws/install/husky_msgs/share/husky_msgs/environment/pythonpath.dsv
[0.336s] -- Up-to-date: /home/lauren/husky_ws/install/husky_msgs/lib/python3.8/site-packages/husky_msgs/__init__.py
[0.356s] -- Up-to-date: /home/lauren/husky_ws/install/husky_msgs/lib/python3.8/site-packages/husky_msgs/msg
[0.357s] -- Up-to-date: /home/lauren/husky_ws/install/husky_msgs/lib/python3.8/site-packages/husky_msgs/msg/_husky_status_s.c
[0.357s] -- Up-to-date: /home/lauren/husky_ws/install/husky_msgs/lib/python3.8/site-packages/husky_msgs/msg/_husky_status.py
[0.357s] -- Up-to-date: /home/lauren/husky_ws/install/husky_msgs/lib/python3.8/site-packages/husky_msgs/msg/__init__.py
[0.357s] -- Up-to-date: /home/lauren/husky_ws/install/husky_msgs/lib/python3.8/site-packages/husky_msgs/husky_msgs_s__rosidl_typesupport_fastrtps_c.cpython-38-x86_64-linux-gnu.so
[0.358s] -- Up-to-date: /home/lauren/husky_ws/install/husky_msgs/lib/python3.8/site-packages/husky_msgs/husky_msgs_s__rosidl_typesupport_introspection_c.cpython-38-x86_64-linux-gnu.so
[0.358s] -- Up-to-date: /home/lauren/husky_ws/install/husky_msgs/lib/python3.8/site-packages/husky_msgs/husky_msgs_s__rosidl_typesupport_c.cpython-38-x86_64-linux-gnu.so
[0.362s] -- Up-to-date: /home/lauren/husky_ws/install/husky_msgs/lib/libhusky_msgs__python.so
[0.363s] -- Up-to-date: /home/lauren/husky_ws/install/husky_msgs/share/husky_msgs/msg/HuskyStatus.idl
[0.363s] -- Up-to-date: /home/lauren/husky_ws/install/husky_msgs/share/husky_msgs/msg/HuskyStatus.msg
[0.363s] -- Up-to-date: /home/lauren/husky_ws/install/husky_msgs/share/ament_index/resource_index/package_run_dependencies/husky_msgs
[0.363s] -- Up-to-date: /home/lauren/husky_ws/install/husky_msgs/share/ament_index/resource_index/parent_prefix_path/husky_msgs
[0.363s] -- Up-to-date: /home/lauren/husky_ws/install/husky_msgs/share/husky_msgs/environment/ament_prefix_path.sh
[0.363s] -- Up-to-date: /home/lauren/husky_ws/install/husky_msgs/share/husky_msgs/environment/ament_prefix_path.dsv
[0.363s] -- Up-to-date: /home/lauren/husky_ws/install/husky_msgs/share/husky_msgs/environment/path.sh
[0.363s] -- Up-to-date: /home/lauren/husky_ws/install/husky_msgs/share/husky_msgs/environment/path.dsv
[0.364s] -- Up-to-date: /home/lauren/husky_ws/install/husky_msgs/share/husky_msgs/local_setup.bash
[0.364s] -- Up-to-date: /home/lauren/husky_ws/install/husky_msgs/share/husky_msgs/local_setup.sh
[0.364s] -- Up-to-date: /home/lauren/husky_ws/install/husky_msgs/share/husky_msgs/local_setup.zsh
[0.367s] -- Up-to-date: /home/lauren/husky_ws/install/husky_msgs/share/husky_msgs/local_setup.dsv
[0.367s] -- Installing: /home/lauren/husky_ws/install/husky_msgs/share/husky_msgs/package.dsv
[0.367s] -- Up-to-date: /home/lauren/husky_ws/install/husky_msgs/share/ament_index/resource_index/packages/husky_msgs
[0.367s] -- Up-to-date: /home/lauren/husky_ws/install/husky_msgs/share/husky_msgs/cmake/husky_msgs__rosidl_generator_cExport.cmake
[0.367s] -- Up-to-date: /home/lauren/husky_ws/install/husky_msgs/share/husky_msgs/cmake/husky_msgs__rosidl_generator_cExport-noconfig.cmake
[0.367s] -- Up-to-date: /home/lauren/husky_ws/install/husky_msgs/share/husky_msgs/cmake/husky_msgs__rosidl_typesupport_introspection_cExport.cmake
[0.367s] -- Up-to-date: /home/lauren/husky_ws/install/husky_msgs/share/husky_msgs/cmake/husky_msgs__rosidl_typesupport_introspection_cExport-noconfig.cmake
[0.368s] -- Up-to-date: /home/lauren/husky_ws/install/husky_msgs/share/husky_msgs/cmake/husky_msgs__rosidl_typesupport_cExport.cmake
[0.368s] -- Up-to-date: /home/lauren/husky_ws/install/husky_msgs/share/husky_msgs/cmake/husky_msgs__rosidl_typesupport_cExport-noconfig.cmake
[0.368s] -- Up-to-date: /home/lauren/husky_ws/install/husky_msgs/share/husky_msgs/cmake/husky_msgs__rosidl_generator_cppExport.cmake
[0.368s] -- Up-to-date: /home/lauren/husky_ws/install/husky_msgs/share/husky_msgs/cmake/husky_msgs__rosidl_typesupport_introspection_cppExport.cmake
[0.368s] -- Up-to-date: /home/lauren/husky_ws/install/husky_msgs/share/husky_msgs/cmake/husky_msgs__rosidl_typesupport_introspection_cppExport-noconfig.cmake
[0.368s] -- Up-to-date: /home/lauren/husky_ws/install/husky_msgs/share/husky_msgs/cmake/husky_msgs__rosidl_typesupport_cppExport.cmake
[0.368s] -- Up-to-date: /home/lauren/husky_ws/install/husky_msgs/share/husky_msgs/cmake/husky_msgs__rosidl_typesupport_cppExport-noconfig.cmake
[0.368s] -- Up-to-date: /home/lauren/husky_ws/install/husky_msgs/share/husky_msgs/cmake/rosidl_cmake-extras.cmake
[0.369s] -- Up-to-date: /home/lauren/husky_ws/install/husky_msgs/share/husky_msgs/cmake/ament_cmake_export_dependencies-extras.cmake
[0.370s] -- Up-to-date: /home/lauren/husky_ws/install/husky_msgs/share/husky_msgs/cmake/ament_cmake_export_libraries-extras.cmake
[0.371s] -- Up-to-date: /home/lauren/husky_ws/install/husky_msgs/share/husky_msgs/cmake/ament_cmake_export_targets-extras.cmake
[0.371s] -- Up-to-date: /home/lauren/husky_ws/install/husky_msgs/share/husky_msgs/cmake/ament_cmake_export_include_directories-extras.cmake
[0.371s] -- Up-to-date: /home/lauren/husky_ws/install/husky_msgs/share/husky_msgs/cmake/rosidl_cmake_export_typesupport_libraries-extras.cmake
[0.371s] -- Up-to-date: /home/lauren/husky_ws/install/husky_msgs/share/husky_msgs/cmake/rosidl_cmake_export_typesupport_targets-extras.cmake
[0.372s] -- Up-to-date: /home/lauren/husky_ws/install/husky_msgs/share/husky_msgs/cmake/husky_msgsConfig.cmake
[0.372s] -- Up-to-date: /home/lauren/husky_ws/install/husky_msgs/share/husky_msgs/cmake/husky_msgsConfig-version.cmake
[0.372s] -- Up-to-date: /home/lauren/husky_ws/install/husky_msgs/share/husky_msgs/package.xml
[0.372s] Invoked command in '/home/lauren/husky_ws/build/husky_msgs' returned '0': CMAKE_PREFIX_PATH=/home/lauren/husky_ws/install/husky_desktop:/home/lauren/husky_ws/install/husky_viz:/home/lauren/husky_ws/install/husky_simulator:/home/lauren/husky_ws/install/husky_robot:/home/lauren/husky_ws/install/husky_bringup:/home/lauren/husky_ws/install/husky_base:/home/lauren/husky_ws/install/husky_msgs:/home/lauren/husky_ws/install/husky_gazebo:/home/lauren/husky_ws/install/husky_control:/home/lauren/husky_ws/install/husky_description:/opt/ros/foxy:/home/lauren/catkin_ws/devel:/home/lauren/rbe502_ros/devel:/opt/ros/noetic /usr/bin/cmake --install /home/lauren/husky_ws/build/husky_msgs
