[0.014s] Invoking command in '/home/lauren/husky_ws/build/husky_simulator': AMENT_PREFIX_PATH=/home/lauren/husky_ws/install/husky_gazebo:/home/lauren/husky_ws/install/husky_control:/home/lauren/husky_ws/install/husky_description:${AMENT_PREFIX_PATH} CMAKE_PREFIX_PATH=/home/lauren/husky_ws/install/husky_gazebo:/home/lauren/husky_ws/install/husky_control:/home/lauren/husky_ws/install/husky_description:/opt/ros/foxy:${CMAKE_PREFIX_PATH} /usr/bin/cmake --build /home/lauren/husky_ws/build/husky_simulator -- -j8 -l8
[0.065s] Invoked command in '/home/lauren/husky_ws/build/husky_simulator' returned '0': AMENT_PREFIX_PATH=/home/lauren/husky_ws/install/husky_gazebo:/home/lauren/husky_ws/install/husky_control:/home/lauren/husky_ws/install/husky_description:${AMENT_PREFIX_PATH} CMAKE_PREFIX_PATH=/home/lauren/husky_ws/install/husky_gazebo:/home/lauren/husky_ws/install/husky_control:/home/lauren/husky_ws/install/husky_description:/opt/ros/foxy:${CMAKE_PREFIX_PATH} /usr/bin/cmake --build /home/lauren/husky_ws/build/husky_simulator -- -j8 -l8
[0.091s] Invoking command in '/home/lauren/husky_ws/build/husky_simulator': AMENT_PREFIX_PATH=/home/lauren/husky_ws/install/husky_gazebo:/home/lauren/husky_ws/install/husky_control:/home/lauren/husky_ws/install/husky_description:${AMENT_PREFIX_PATH} CMAKE_PREFIX_PATH=/home/lauren/husky_ws/install/husky_gazebo:/home/lauren/husky_ws/install/husky_control:/home/lauren/husky_ws/install/husky_description:/opt/ros/foxy:${CMAKE_PREFIX_PATH} /usr/bin/cmake --install /home/lauren/husky_ws/build/husky_simulator
[0.100s] -- Install configuration: ""
[0.100s] -- Up-to-date: /home/lauren/husky_ws/install/husky_simulator/share/ament_index/resource_index/package_run_dependencies/husky_simulator
[0.100s] -- Up-to-date: /home/lauren/husky_ws/install/husky_simulator/share/ament_index/resource_index/parent_prefix_path/husky_simulator
[0.100s] -- Up-to-date: /home/lauren/husky_ws/install/husky_simulator/share/husky_simulator/environment/ament_prefix_path.sh
[0.100s] -- Up-to-date: /home/lauren/husky_ws/install/husky_simulator/share/husky_simulator/environment/ament_prefix_path.dsv
[0.100s] -- Up-to-date: /home/lauren/husky_ws/install/husky_simulator/share/husky_simulator/environment/path.sh
[0.100s] -- Up-to-date: /home/lauren/husky_ws/install/husky_simulator/share/husky_simulator/environment/path.dsv
[0.100s] -- Up-to-date: /home/lauren/husky_ws/install/husky_simulator/share/husky_simulator/local_setup.bash
[0.101s] -- Up-to-date: /home/lauren/husky_ws/install/husky_simulator/share/husky_simulator/local_setup.sh
[0.101s] -- Up-to-date: /home/lauren/husky_ws/install/husky_simulator/share/husky_simulator/local_setup.zsh
[0.101s] -- Up-to-date: /home/lauren/husky_ws/install/husky_simulator/share/husky_simulator/local_setup.dsv
[0.101s] -- Installing: /home/lauren/husky_ws/install/husky_simulator/share/husky_simulator/package.dsv
[0.101s] -- Up-to-date: /home/lauren/husky_ws/install/husky_simulator/share/ament_index/resource_index/packages/husky_simulator
[0.104s] -- Up-to-date: /home/lauren/husky_ws/install/husky_simulator/share/husky_simulator/cmake/husky_simulatorConfig.cmake
[0.104s] -- Up-to-date: /home/lauren/husky_ws/install/husky_simulator/share/husky_simulator/cmake/husky_simulatorConfig-version.cmake
[0.104s] -- Up-to-date: /home/lauren/husky_ws/install/husky_simulator/share/husky_simulator/package.xml
[0.105s] Invoked command in '/home/lauren/husky_ws/build/husky_simulator' returned '0': AMENT_PREFIX_PATH=/home/lauren/husky_ws/install/husky_gazebo:/home/lauren/husky_ws/install/husky_control:/home/lauren/husky_ws/install/husky_description:${AMENT_PREFIX_PATH} CMAKE_PREFIX_PATH=/home/lauren/husky_ws/install/husky_gazebo:/home/lauren/husky_ws/install/husky_control:/home/lauren/husky_ws/install/husky_description:/opt/ros/foxy:${CMAKE_PREFIX_PATH} /usr/bin/cmake --install /home/lauren/husky_ws/build/husky_simulator
