[0.013s] Invoking command in '/home/lauren/husky_ws/build/husky_simulator': AMENT_PREFIX_PATH=/home/lauren/husky_ws/install/husky_gazebo:/home/lauren/husky_ws/install/husky_control:/home/lauren/husky_ws/install/husky_description:${AMENT_PREFIX_PATH} CMAKE_PREFIX_PATH=/home/lauren/husky_ws/install/husky_gazebo:/home/lauren/husky_ws/install/husky_control:/home/lauren/husky_ws/install/husky_description:/opt/ros/foxy:${CMAKE_PREFIX_PATH} /usr/bin/cmake /home/lauren/husky_ws/src/husky/husky_simulator -DCMAKE_INSTALL_PREFIX=/home/lauren/husky_ws/install/husky_simulator
[0.069s] -- The C compiler identification is GNU 9.4.0
[0.122s] -- The CXX compiler identification is GNU 9.4.0
[0.126s] -- Check for working C compiler: /usr/bin/cc
[0.192s] -- Check for working C compiler: /usr/bin/cc -- works
[0.193s] -- Detecting C compiler ABI info
[0.259s] -- Detecting C compiler ABI info - done
[0.271s] -- Detecting C compile features
[0.271s] -- Detecting C compile features - done
[0.273s] -- Check for working CXX compiler: /usr/bin/c++
[0.349s] -- Check for working CXX compiler: /usr/bin/c++ -- works
[0.350s] -- Detecting CXX compiler ABI info
[0.424s] -- Detecting CXX compiler ABI info - done
[0.439s] -- Detecting CXX compile features
[0.440s] -- Detecting CXX compile features - done
[0.442s] -- Found ament_cmake: 0.9.9 (/opt/ros/foxy/share/ament_cmake/cmake)
[0.468s] -- Found PythonInterp: /usr/bin/python3 (found suitable version "3.8.10", minimum required is "3") 
[0.468s] -- Using PYTHON_EXECUTABLE: /usr/bin/python3
[0.753s] -- Configuring done
[0.755s] -- Generating done
[0.756s] -- Build files have been written to: /home/lauren/husky_ws/build/husky_simulator
[0.762s] Invoked command in '/home/lauren/husky_ws/build/husky_simulator' returned '0': AMENT_PREFIX_PATH=/home/lauren/husky_ws/install/husky_gazebo:/home/lauren/husky_ws/install/husky_control:/home/lauren/husky_ws/install/husky_description:${AMENT_PREFIX_PATH} CMAKE_PREFIX_PATH=/home/lauren/husky_ws/install/husky_gazebo:/home/lauren/husky_ws/install/husky_control:/home/lauren/husky_ws/install/husky_description:/opt/ros/foxy:${CMAKE_PREFIX_PATH} /usr/bin/cmake /home/lauren/husky_ws/src/husky/husky_simulator -DCMAKE_INSTALL_PREFIX=/home/lauren/husky_ws/install/husky_simulator
[0.763s] Invoking command in '/home/lauren/husky_ws/build/husky_simulator': AMENT_PREFIX_PATH=/home/lauren/husky_ws/install/husky_gazebo:/home/lauren/husky_ws/install/husky_control:/home/lauren/husky_ws/install/husky_description:${AMENT_PREFIX_PATH} CMAKE_PREFIX_PATH=/home/lauren/husky_ws/install/husky_gazebo:/home/lauren/husky_ws/install/husky_control:/home/lauren/husky_ws/install/husky_description:/opt/ros/foxy:${CMAKE_PREFIX_PATH} /usr/bin/cmake --build /home/lauren/husky_ws/build/husky_simulator -- -j8 -l8
[0.800s] Invoked command in '/home/lauren/husky_ws/build/husky_simulator' returned '0': AMENT_PREFIX_PATH=/home/lauren/husky_ws/install/husky_gazebo:/home/lauren/husky_ws/install/husky_control:/home/lauren/husky_ws/install/husky_description:${AMENT_PREFIX_PATH} CMAKE_PREFIX_PATH=/home/lauren/husky_ws/install/husky_gazebo:/home/lauren/husky_ws/install/husky_control:/home/lauren/husky_ws/install/husky_description:/opt/ros/foxy:${CMAKE_PREFIX_PATH} /usr/bin/cmake --build /home/lauren/husky_ws/build/husky_simulator -- -j8 -l8
[0.823s] Invoking command in '/home/lauren/husky_ws/build/husky_simulator': AMENT_PREFIX_PATH=/home/lauren/husky_ws/install/husky_gazebo:/home/lauren/husky_ws/install/husky_control:/home/lauren/husky_ws/install/husky_description:${AMENT_PREFIX_PATH} CMAKE_PREFIX_PATH=/home/lauren/husky_ws/install/husky_gazebo:/home/lauren/husky_ws/install/husky_control:/home/lauren/husky_ws/install/husky_description:/opt/ros/foxy:${CMAKE_PREFIX_PATH} /usr/bin/cmake --install /home/lauren/husky_ws/build/husky_simulator
[0.832s] -- Install configuration: ""
[0.832s] -- Installing: /home/lauren/husky_ws/install/husky_simulator/share/ament_index/resource_index/package_run_dependencies/husky_simulator
[0.832s] -- Installing: /home/lauren/husky_ws/install/husky_simulator/share/ament_index/resource_index/parent_prefix_path/husky_simulator
[0.832s] -- Installing: /home/lauren/husky_ws/install/husky_simulator/share/husky_simulator/environment/ament_prefix_path.sh
[0.833s] -- Installing: /home/lauren/husky_ws/install/husky_simulator/share/husky_simulator/environment/ament_prefix_path.dsv
[0.833s] -- Installing: /home/lauren/husky_ws/install/husky_simulator/share/husky_simulator/environment/path.sh
[0.833s] -- Installing: /home/lauren/husky_ws/install/husky_simulator/share/husky_simulator/environment/path.dsv
[0.833s] -- Installing: /home/lauren/husky_ws/install/husky_simulator/share/husky_simulator/local_setup.bash
[0.833s] -- Installing: /home/lauren/husky_ws/install/husky_simulator/share/husky_simulator/local_setup.sh
[0.833s] -- Installing: /home/lauren/husky_ws/install/husky_simulator/share/husky_simulator/local_setup.zsh
[0.833s] -- Installing: /home/lauren/husky_ws/install/husky_simulator/share/husky_simulator/local_setup.dsv
[0.833s] -- Installing: /home/lauren/husky_ws/install/husky_simulator/share/husky_simulator/package.dsv
[0.834s] -- Installing: /home/lauren/husky_ws/install/husky_simulator/share/ament_index/resource_index/packages/husky_simulator
[0.834s] -- Installing: /home/lauren/husky_ws/install/husky_simulator/share/husky_simulator/cmake/husky_simulatorConfig.cmake
[0.834s] -- Installing: /home/lauren/husky_ws/install/husky_simulator/share/husky_simulator/cmake/husky_simulatorConfig-version.cmake
[0.834s] -- Installing: /home/lauren/husky_ws/install/husky_simulator/share/husky_simulator/package.xml
[0.838s] Invoked command in '/home/lauren/husky_ws/build/husky_simulator' returned '0': AMENT_PREFIX_PATH=/home/lauren/husky_ws/install/husky_gazebo:/home/lauren/husky_ws/install/husky_control:/home/lauren/husky_ws/install/husky_description:${AMENT_PREFIX_PATH} CMAKE_PREFIX_PATH=/home/lauren/husky_ws/install/husky_gazebo:/home/lauren/husky_ws/install/husky_control:/home/lauren/husky_ws/install/husky_description:/opt/ros/foxy:${CMAKE_PREFIX_PATH} /usr/bin/cmake --install /home/lauren/husky_ws/build/husky_simulator
