[0.020s] Invoking command in '/home/lauren/husky_ws/build/husky_bringup': CMAKE_PREFIX_PATH=/home/lauren/husky_ws/install/husky_control:/home/lauren/husky_ws/install/husky_base:/home/lauren/husky_ws/install/husky_msgs:/home/lauren/husky_ws/install/husky_description:/home/lauren/husky_ws/install/husky_desktop:/home/lauren/husky_ws/install/husky_viz:/home/lauren/husky_ws/install/husky_simulator:/home/lauren/husky_ws/install/husky_robot:/home/lauren/husky_ws/install/husky_bringup:/home/lauren/husky_ws/install/husky_gazebo:/opt/ros/foxy:/home/lauren/catkin_ws/devel:/home/lauren/rbe502_ros/devel:/opt/ros/noetic /usr/bin/cmake --build /home/lauren/husky_ws/build/husky_bringup -- -j8 -l8
[0.055s] Invoked command in '/home/lauren/husky_ws/build/husky_bringup' returned '0': CMAKE_PREFIX_PATH=/home/lauren/husky_ws/install/husky_control:/home/lauren/husky_ws/install/husky_base:/home/lauren/husky_ws/install/husky_msgs:/home/lauren/husky_ws/install/husky_description:/home/lauren/husky_ws/install/husky_desktop:/home/lauren/husky_ws/install/husky_viz:/home/lauren/husky_ws/install/husky_simulator:/home/lauren/husky_ws/install/husky_robot:/home/lauren/husky_ws/install/husky_bringup:/home/lauren/husky_ws/install/husky_gazebo:/opt/ros/foxy:/home/lauren/catkin_ws/devel:/home/lauren/rbe502_ros/devel:/opt/ros/noetic /usr/bin/cmake --build /home/lauren/husky_ws/build/husky_bringup -- -j8 -l8
[0.078s] Invoking command in '/home/lauren/husky_ws/build/husky_bringup': CMAKE_PREFIX_PATH=/home/lauren/husky_ws/install/husky_control:/home/lauren/husky_ws/install/husky_base:/home/lauren/husky_ws/install/husky_msgs:/home/lauren/husky_ws/install/husky_description:/home/lauren/husky_ws/install/husky_desktop:/home/lauren/husky_ws/install/husky_viz:/home/lauren/husky_ws/install/husky_simulator:/home/lauren/husky_ws/install/husky_robot:/home/lauren/husky_ws/install/husky_bringup:/home/lauren/husky_ws/install/husky_gazebo:/opt/ros/foxy:/home/lauren/catkin_ws/devel:/home/lauren/rbe502_ros/devel:/opt/ros/noetic /usr/bin/cmake --install /home/lauren/husky_ws/build/husky_bringup
[0.087s] -- Install configuration: ""
[0.088s] -- Up-to-date: /home/lauren/husky_ws/install/husky_bringup/share/husky_bringup/config
[0.088s] -- Up-to-date: /home/lauren/husky_ws/install/husky_bringup/share/husky_bringup/config/mag_config_default.yaml
[0.088s] -- Up-to-date: /home/lauren/husky_ws/install/husky_bringup/share/husky_bringup/launch
[0.088s] -- Up-to-date: /home/lauren/husky_ws/install/husky_bringup/share/husky_bringup/launch/accessories.launch.py
[0.088s] -- Up-to-date: /home/lauren/husky_ws/install/husky_bringup/share/husky_bringup/udev
[0.089s] -- Up-to-date: /home/lauren/husky_ws/install/husky_bringup/share/husky_bringup/udev/41-hokuyo.rules
[0.089s] -- Up-to-date: /home/lauren/husky_ws/install/husky_bringup/share/husky_bringup/udev/10-microstrain.rules
[0.089s] -- Up-to-date: /home/lauren/husky_ws/install/husky_bringup/share/husky_bringup/udev/41-clearpath.rules
[0.089s] -- Up-to-date: /home/lauren/husky_ws/install/husky_bringup/share/husky_bringup/udev/README.md
[0.089s] -- Up-to-date: /home/lauren/husky_ws/install/husky_bringup/share/husky_bringup/udev/41-logitech.rules
[0.089s] -- Up-to-date: /home/lauren/husky_ws/install/husky_bringup/share/husky_bringup/udev/52-ftdi.rules
[0.089s] -- Up-to-date: /home/lauren/husky_ws/install/husky_bringup/lib/husky_bringup/install
[0.089s] -- Up-to-date: /home/lauren/husky_ws/install/husky_bringup/share/ament_index/resource_index/package_run_dependencies/husky_bringup
[0.089s] -- Up-to-date: /home/lauren/husky_ws/install/husky_bringup/share/ament_index/resource_index/parent_prefix_path/husky_bringup
[0.089s] -- Up-to-date: /home/lauren/husky_ws/install/husky_bringup/share/husky_bringup/environment/ament_prefix_path.sh
[0.089s] -- Up-to-date: /home/lauren/husky_ws/install/husky_bringup/share/husky_bringup/environment/ament_prefix_path.dsv
[0.089s] -- Up-to-date: /home/lauren/husky_ws/install/husky_bringup/share/husky_bringup/environment/path.sh
[0.089s] -- Up-to-date: /home/lauren/husky_ws/install/husky_bringup/share/husky_bringup/environment/path.dsv
[0.089s] -- Up-to-date: /home/lauren/husky_ws/install/husky_bringup/share/husky_bringup/local_setup.bash
[0.089s] -- Up-to-date: /home/lauren/husky_ws/install/husky_bringup/share/husky_bringup/local_setup.sh
[0.089s] -- Up-to-date: /home/lauren/husky_ws/install/husky_bringup/share/husky_bringup/local_setup.zsh
[0.090s] -- Up-to-date: /home/lauren/husky_ws/install/husky_bringup/share/husky_bringup/local_setup.dsv
[0.090s] -- Installing: /home/lauren/husky_ws/install/husky_bringup/share/husky_bringup/package.dsv
[0.090s] -- Up-to-date: /home/lauren/husky_ws/install/husky_bringup/share/ament_index/resource_index/packages/husky_bringup
[0.090s] -- Up-to-date: /home/lauren/husky_ws/install/husky_bringup/share/husky_bringup/cmake/husky_bringupConfig.cmake
[0.090s] -- Up-to-date: /home/lauren/husky_ws/install/husky_bringup/share/husky_bringup/cmake/husky_bringupConfig-version.cmake
[0.093s] -- Up-to-date: /home/lauren/husky_ws/install/husky_bringup/share/husky_bringup/package.xml
[0.093s] Invoked command in '/home/lauren/husky_ws/build/husky_bringup' returned '0': CMAKE_PREFIX_PATH=/home/lauren/husky_ws/install/husky_control:/home/lauren/husky_ws/install/husky_base:/home/lauren/husky_ws/install/husky_msgs:/home/lauren/husky_ws/install/husky_description:/home/lauren/husky_ws/install/husky_desktop:/home/lauren/husky_ws/install/husky_viz:/home/lauren/husky_ws/install/husky_simulator:/home/lauren/husky_ws/install/husky_robot:/home/lauren/husky_ws/install/husky_bringup:/home/lauren/husky_ws/install/husky_gazebo:/opt/ros/foxy:/home/lauren/catkin_ws/devel:/home/lauren/rbe502_ros/devel:/opt/ros/noetic /usr/bin/cmake --install /home/lauren/husky_ws/build/husky_bringup
