[0.024s] Invoking command in '/home/lauren/husky_ws/build/husky_description': CMAKE_PREFIX_PATH=/opt/ros/foxy:${CMAKE_PREFIX_PATH} /usr/bin/cmake --build /home/lauren/husky_ws/build/husky_description -- -j8 -l8
[0.050s] -- Found ament_cmake: 0.9.9 (/opt/ros/foxy/share/ament_cmake/cmake)
[0.072s] -- Using PYTHON_EXECUTABLE: /usr/bin/python3
[0.289s] -- Found urdf: 2.4.0 (/opt/ros/foxy/share/urdf/cmake)
[0.372s] -- Configuring done
[0.372s] -- Generating done
[0.373s] -- Build files have been written to: /home/lauren/husky_ws/build/husky_description
[0.394s] Invoked command in '/home/lauren/husky_ws/build/husky_description' returned '0': CMAKE_PREFIX_PATH=/opt/ros/foxy:${CMAKE_PREFIX_PATH} /usr/bin/cmake --build /home/lauren/husky_ws/build/husky_description -- -j8 -l8
[0.416s] Invoking command in '/home/lauren/husky_ws/build/husky_description': CMAKE_PREFIX_PATH=/opt/ros/foxy:${CMAKE_PREFIX_PATH} /usr/bin/cmake --install /home/lauren/husky_ws/build/husky_description
[0.429s] -- Install configuration: ""
[0.429s] -- Up-to-date: /home/lauren/husky_ws/install/husky_description/share/husky_description/launch
[0.429s] -- Installing: /home/lauren/husky_ws/install/husky_description/share/husky_description/launch/description.launch.py
[0.429s] CMake Error at cmake_install.cmake:49 (file):
[0.429s]   file INSTALL cannot find
[0.429s]   "/home/lauren/husky_ws/src/husky/husky_description/src": No such file or
[0.429s]   directory.
[0.430s] 
[0.430s] 
[0.430s] -- Up-to-date: /home/lauren/husky_ws/install/husky_description/share/husky_description/launch/description.launch
[0.430s] -- Up-to-date: /home/lauren/husky_ws/install/husky_description/share/husky_description/meshes
[0.430s] -- Up-to-date: /home/lauren/husky_ws/install/husky_description/share/husky_description/meshes/base_link.dae
[0.430s] -- Up-to-date: /home/lauren/husky_ws/install/husky_description/share/husky_description/meshes/wheel.stl
[0.430s] -- Up-to-date: /home/lauren/husky_ws/install/husky_description/share/husky_description/meshes/user_rail.stl
[0.430s] -- Up-to-date: /home/lauren/husky_ws/install/husky_description/share/husky_description/meshes/top_plate.dae
[0.430s] -- Up-to-date: /home/lauren/husky_ws/install/husky_description/share/husky_description/meshes/top_chassis.dae
[0.430s] -- Up-to-date: /home/lauren/husky_ws/install/husky_description/share/husky_description/meshes/user_rail.dae
[0.431s] -- Up-to-date: /home/lauren/husky_ws/install/husky_description/share/husky_description/meshes/bumper_extension.dae
[0.431s] -- Up-to-date: /home/lauren/husky_ws/install/husky_description/share/husky_description/meshes/large_top_plate.dae
[0.431s] -- Up-to-date: /home/lauren/husky_ws/install/husky_description/share/husky_description/meshes/top_plate.stl
[0.431s] -- Up-to-date: /home/lauren/husky_ws/install/husky_description/share/husky_description/meshes/bumper.dae
[0.432s] -- Up-to-date: /home/lauren/husky_ws/install/husky_description/share/husky_description/meshes/accessories
[0.433s] -- Up-to-date: /home/lauren/husky_ws/install/husky_description/share/husky_description/meshes/accessories/510_mm_sensor_arch.dae
[0.433s] -- Up-to-date: /home/lauren/husky_ws/install/husky_description/share/husky_description/meshes/accessories/300_mm_sensor_arch.dae
[0.433s] -- Up-to-date: /home/lauren/husky_ws/install/husky_description/share/husky_description/meshes/accessories/510_mm_sensor_arch.stl
[0.433s] -- Up-to-date: /home/lauren/husky_ws/install/husky_description/share/husky_description/meshes/accessories/lms1xx_mount.stl
[0.433s] -- Up-to-date: /home/lauren/husky_ws/install/husky_description/share/husky_description/meshes/accessories/lidar_mount.stl
[0.433s] -- Up-to-date: /home/lauren/husky_ws/install/husky_description/share/husky_description/meshes/accessories/lms1xx_mount.dae
[0.434s] -- Up-to-date: /home/lauren/husky_ws/install/husky_description/share/husky_description/meshes/accessories/300_mm_sensor_arch.stl
[0.434s] -- Up-to-date: /home/lauren/husky_ws/install/husky_description/share/husky_description/meshes/large_top_plate_collision.stl
[0.434s] -- Up-to-date: /home/lauren/husky_ws/install/husky_description/share/husky_description/meshes/wheel.dae
[0.434s] -- Up-to-date: /home/lauren/husky_ws/install/husky_description/share/husky_description/meshes/base_link.stl
[0.436s] -- Up-to-date: /home/lauren/husky_ws/install/husky_description/share/husky_description/meshes/top_chassis.stl
[0.436s] -- Up-to-date: /home/lauren/husky_ws/install/husky_description/share/husky_description/urdf
[0.436s] -- Up-to-date: /home/lauren/husky_ws/install/husky_description/share/husky_description/urdf/empty.urdf
[0.436s] -- Up-to-date: /home/lauren/husky_ws/install/husky_description/share/husky_description/urdf/husky.urdf.xacro
[0.437s] -- Up-to-date: /home/lauren/husky_ws/install/husky_description/share/husky_description/urdf/wheel.urdf.xacro
[0.437s] -- Up-to-date: /home/lauren/husky_ws/install/husky_description/share/husky_description/urdf/husky_macro.urdf.xacro
[0.437s] -- Up-to-date: /home/lauren/husky_ws/install/husky_description/share/husky_description/urdf/decorations.urdf.xacro
[0.439s] -- Up-to-date: /home/lauren/husky_ws/install/husky_description/share/husky_description/urdf/accessories
[0.439s] -- Up-to-date: /home/lauren/husky_ws/install/husky_description/share/husky_description/urdf/accessories/sensor_arch.urdf.xacro
[0.440s] -- Up-to-date: /home/lauren/husky_ws/install/husky_description/share/husky_description/urdf/accessories/sick_lms1xx_mount.urdf.xacro
[0.440s] -- Up-to-date: /home/lauren/husky_ws/install/husky_description/share/husky_description/urdf/accessories/intel_realsense.urdf.xacro
[0.455s] Invoked command in '/home/lauren/husky_ws/build/husky_description' returned '1': CMAKE_PREFIX_PATH=/opt/ros/foxy:${CMAKE_PREFIX_PATH} /usr/bin/cmake --install /home/lauren/husky_ws/build/husky_description
