[0.017s] Invoking command in '/home/lauren/husky_ws/build/husky_robot': AMENT_PREFIX_PATH=/home/lauren/husky_ws/install/husky_bringup:/home/lauren/husky_ws/install/husky_control:/home/lauren/husky_ws/install/husky_base:/home/lauren/husky_ws/install/husky_msgs:/home/lauren/husky_ws/install/husky_description:${AMENT_PREFIX_PATH} CMAKE_PREFIX_PATH=/home/lauren/husky_ws/install/husky_bringup:/home/lauren/husky_ws/install/husky_control:/home/lauren/husky_ws/install/husky_base:/home/lauren/husky_ws/install/husky_msgs:/home/lauren/husky_ws/install/husky_description:/opt/ros/foxy:${CMAKE_PREFIX_PATH} LD_LIBRARY_PATH=/home/lauren/husky_ws/install/husky_base/lib:/home/lauren/husky_ws/install/husky_msgs/lib:${LD_LIBRARY_PATH} PYTHONPATH=/home/lauren/husky_ws/install/husky_msgs/lib/python3.8/site-packages:${PYTHONPATH} /usr/bin/cmake --build /home/lauren/husky_ws/build/husky_robot -- -j8 -l8
[0.057s] Invoked command in '/home/lauren/husky_ws/build/husky_robot' returned '0': AMENT_PREFIX_PATH=/home/lauren/husky_ws/install/husky_bringup:/home/lauren/husky_ws/install/husky_control:/home/lauren/husky_ws/install/husky_base:/home/lauren/husky_ws/install/husky_msgs:/home/lauren/husky_ws/install/husky_description:${AMENT_PREFIX_PATH} CMAKE_PREFIX_PATH=/home/lauren/husky_ws/install/husky_bringup:/home/lauren/husky_ws/install/husky_control:/home/lauren/husky_ws/install/husky_base:/home/lauren/husky_ws/install/husky_msgs:/home/lauren/husky_ws/install/husky_description:/opt/ros/foxy:${CMAKE_PREFIX_PATH} LD_LIBRARY_PATH=/home/lauren/husky_ws/install/husky_base/lib:/home/lauren/husky_ws/install/husky_msgs/lib:${LD_LIBRARY_PATH} PYTHONPATH=/home/lauren/husky_ws/install/husky_msgs/lib/python3.8/site-packages:${PYTHONPATH} /usr/bin/cmake --build /home/lauren/husky_ws/build/husky_robot -- -j8 -l8
[0.082s] Invoking command in '/home/lauren/husky_ws/build/husky_robot': AMENT_PREFIX_PATH=/home/lauren/husky_ws/install/husky_bringup:/home/lauren/husky_ws/install/husky_control:/home/lauren/husky_ws/install/husky_base:/home/lauren/husky_ws/install/husky_msgs:/home/lauren/husky_ws/install/husky_description:${AMENT_PREFIX_PATH} CMAKE_PREFIX_PATH=/home/lauren/husky_ws/install/husky_bringup:/home/lauren/husky_ws/install/husky_control:/home/lauren/husky_ws/install/husky_base:/home/lauren/husky_ws/install/husky_msgs:/home/lauren/husky_ws/install/husky_description:/opt/ros/foxy:${CMAKE_PREFIX_PATH} LD_LIBRARY_PATH=/home/lauren/husky_ws/install/husky_base/lib:/home/lauren/husky_ws/install/husky_msgs/lib:${LD_LIBRARY_PATH} PYTHONPATH=/home/lauren/husky_ws/install/husky_msgs/lib/python3.8/site-packages:${PYTHONPATH} /usr/bin/cmake --install /home/lauren/husky_ws/build/husky_robot
[0.089s] -- Install configuration: ""
[0.090s] -- Up-to-date: /home/lauren/husky_ws/install/husky_robot/share/ament_index/resource_index/package_run_dependencies/husky_robot
[0.090s] -- Up-to-date: /home/lauren/husky_ws/install/husky_robot/share/ament_index/resource_index/parent_prefix_path/husky_robot
[0.090s] -- Up-to-date: /home/lauren/husky_ws/install/husky_robot/share/husky_robot/environment/ament_prefix_path.sh
[0.090s] -- Up-to-date: /home/lauren/husky_ws/install/husky_robot/share/husky_robot/environment/ament_prefix_path.dsv
[0.090s] -- Up-to-date: /home/lauren/husky_ws/install/husky_robot/share/husky_robot/environment/path.sh
[0.091s] -- Up-to-date: /home/lauren/husky_ws/install/husky_robot/share/husky_robot/environment/path.dsv
[0.091s] -- Up-to-date: /home/lauren/husky_ws/install/husky_robot/share/husky_robot/local_setup.bash
[0.091s] -- Up-to-date: /home/lauren/husky_ws/install/husky_robot/share/husky_robot/local_setup.sh
[0.091s] -- Up-to-date: /home/lauren/husky_ws/install/husky_robot/share/husky_robot/local_setup.zsh
[0.091s] -- Up-to-date: /home/lauren/husky_ws/install/husky_robot/share/husky_robot/local_setup.dsv
[0.091s] -- Installing: /home/lauren/husky_ws/install/husky_robot/share/husky_robot/package.dsv
[0.091s] -- Up-to-date: /home/lauren/husky_ws/install/husky_robot/share/ament_index/resource_index/packages/husky_robot
[0.092s] -- Up-to-date: /home/lauren/husky_ws/install/husky_robot/share/husky_robot/cmake/husky_robotConfig.cmake
[0.092s] -- Up-to-date: /home/lauren/husky_ws/install/husky_robot/share/husky_robot/cmake/husky_robotConfig-version.cmake
[0.092s] -- Up-to-date: /home/lauren/husky_ws/install/husky_robot/share/husky_robot/package.xml
[0.096s] Invoked command in '/home/lauren/husky_ws/build/husky_robot' returned '0': AMENT_PREFIX_PATH=/home/lauren/husky_ws/install/husky_bringup:/home/lauren/husky_ws/install/husky_control:/home/lauren/husky_ws/install/husky_base:/home/lauren/husky_ws/install/husky_msgs:/home/lauren/husky_ws/install/husky_description:${AMENT_PREFIX_PATH} CMAKE_PREFIX_PATH=/home/lauren/husky_ws/install/husky_bringup:/home/lauren/husky_ws/install/husky_control:/home/lauren/husky_ws/install/husky_base:/home/lauren/husky_ws/install/husky_msgs:/home/lauren/husky_ws/install/husky_description:/opt/ros/foxy:${CMAKE_PREFIX_PATH} LD_LIBRARY_PATH=/home/lauren/husky_ws/install/husky_base/lib:/home/lauren/husky_ws/install/husky_msgs/lib:${LD_LIBRARY_PATH} PYTHONPATH=/home/lauren/husky_ws/install/husky_msgs/lib/python3.8/site-packages:${PYTHONPATH} /usr/bin/cmake --install /home/lauren/husky_ws/build/husky_robot
