[0.025s] Invoking command in '/home/lauren/husky_ws/build/husky_description': CMAKE_PREFIX_PATH=/opt/ros/foxy:${CMAKE_PREFIX_PATH} /usr/bin/cmake --build /home/lauren/husky_ws/build/husky_description -- -j8 -l8
[0.051s] -- Found ament_cmake: 0.9.9 (/opt/ros/foxy/share/ament_cmake/cmake)
[0.072s] -- Using PYTHON_EXECUTABLE: /usr/bin/python3
[0.285s] -- Found urdf: 2.4.0 (/opt/ros/foxy/share/urdf/cmake)
[0.361s] -- Configuring done
[0.365s] -- Generating done
[0.365s] -- Build files have been written to: /home/lauren/husky_ws/build/husky_description
[0.385s] Invoked command in '/home/lauren/husky_ws/build/husky_description' returned '0': CMAKE_PREFIX_PATH=/opt/ros/foxy:${CMAKE_PREFIX_PATH} /usr/bin/cmake --build /home/lauren/husky_ws/build/husky_description -- -j8 -l8
[0.408s] Invoking command in '/home/lauren/husky_ws/build/husky_description': CMAKE_PREFIX_PATH=/opt/ros/foxy:${CMAKE_PREFIX_PATH} /usr/bin/cmake --install /home/lauren/husky_ws/build/husky_description
[0.416s] -- Install configuration: ""
[0.417s] -- Up-to-date: /home/lauren/husky_ws/install/husky_description/share/husky_description/launch
[0.417s] -- Up-to-date: /home/lauren/husky_ws/install/husky_description/share/husky_description/launch/description.launch.py
[0.417s] -- Up-to-date: /home/lauren/husky_ws/install/husky_description/share/husky_description/launch/description.launch
[0.417s] -- Up-to-date: /home/lauren/husky_ws/install/husky_description/share/husky_description/meshes
[0.417s] -- Up-to-date: /home/lauren/husky_ws/install/husky_description/share/husky_description/meshes/base_link.dae
[0.417s] -- Up-to-date: /home/lauren/husky_ws/install/husky_description/share/husky_description/meshes/wheel.stl
[0.417s] -- Up-to-date: /home/lauren/husky_ws/install/husky_description/share/husky_description/meshes/user_rail.stl
[0.418s] -- Up-to-date: /home/lauren/husky_ws/install/husky_description/share/husky_description/meshes/top_plate.dae
[0.418s] -- Up-to-date: /home/lauren/husky_ws/install/husky_description/share/husky_description/meshes/top_chassis.dae
[0.418s] -- Up-to-date: /home/lauren/husky_ws/install/husky_description/share/husky_description/meshes/user_rail.dae
[0.418s] -- Up-to-date: /home/lauren/husky_ws/install/husky_description/share/husky_description/meshes/bumper_extension.dae
[0.418s] -- Up-to-date: /home/lauren/husky_ws/install/husky_description/share/husky_description/meshes/large_top_plate.dae
[0.418s] -- Up-to-date: /home/lauren/husky_ws/install/husky_description/share/husky_description/meshes/top_plate.stl
[0.419s] -- Up-to-date: /home/lauren/husky_ws/install/husky_description/share/husky_description/meshes/bumper.dae
[0.419s] -- Up-to-date: /home/lauren/husky_ws/install/husky_description/share/husky_description/meshes/accessories
[0.419s] -- Up-to-date: /home/lauren/husky_ws/install/husky_description/share/husky_description/meshes/accessories/510_mm_sensor_arch.dae
[0.420s] -- Up-to-date: /home/lauren/husky_ws/install/husky_description/share/husky_description/meshes/accessories/300_mm_sensor_arch.dae
[0.420s] -- Up-to-date: /home/lauren/husky_ws/install/husky_description/share/husky_description/meshes/accessories/510_mm_sensor_arch.stl
[0.421s] -- Up-to-date: /home/lauren/husky_ws/install/husky_description/share/husky_description/meshes/accessories/lms1xx_mount.stl
[0.421s] -- Up-to-date: /home/lauren/husky_ws/install/husky_description/share/husky_description/meshes/accessories/lidar_mount.stl
[0.421s] -- Up-to-date: /home/lauren/husky_ws/install/husky_description/share/husky_description/meshes/accessories/lms1xx_mount.dae
[0.421s] -- Up-to-date: /home/lauren/husky_ws/install/husky_description/share/husky_description/meshes/accessories/300_mm_sensor_arch.stl
[0.422s] -- Up-to-date: /home/lauren/husky_ws/install/husky_description/share/husky_description/meshes/large_top_plate_collision.stl
[0.426s] -- Up-to-date: /home/lauren/husky_ws/install/husky_description/share/husky_description/meshes/wheel.dae
[0.426s] -- Up-to-date: /home/lauren/husky_ws/install/husky_description/share/husky_description/meshes/base_link.stl
[0.426s] -- Up-to-date: /home/lauren/husky_ws/install/husky_description/share/husky_description/meshes/top_chassis.stl
[0.427s] -- Up-to-date: /home/lauren/husky_ws/install/husky_description/share/husky_description/urdf
[0.427s] -- Up-to-date: /home/lauren/husky_ws/install/husky_description/share/husky_description/urdf/empty.urdf
[0.427s] -- Up-to-date: /home/lauren/husky_ws/install/husky_description/share/husky_description/urdf/husky.urdf.xacro
[0.427s] -- Up-to-date: /home/lauren/husky_ws/install/husky_description/share/husky_description/urdf/wheel.urdf.xacro
[0.427s] -- Up-to-date: /home/lauren/husky_ws/install/husky_description/share/husky_description/urdf/husky_macro.urdf.xacro
[0.427s] -- Up-to-date: /home/lauren/husky_ws/install/husky_description/share/husky_description/urdf/decorations.urdf.xacro
[0.427s] -- Up-to-date: /home/lauren/husky_ws/install/husky_description/share/husky_description/urdf/accessories
[0.427s] -- Up-to-date: /home/lauren/husky_ws/install/husky_description/share/husky_description/urdf/accessories/sensor_arch.urdf.xacro
[0.428s] -- Up-to-date: /home/lauren/husky_ws/install/husky_description/share/husky_description/urdf/accessories/sick_lms1xx_mount.urdf.xacro
[0.428s] -- Up-to-date: /home/lauren/husky_ws/install/husky_description/share/husky_description/urdf/accessories/intel_realsense.urdf.xacro
[0.428s] CMake Error at cmake_install.cmake:49 (file):
[0.428s]   file INSTALL cannot find
[0.428s]   "/home/lauren/husky_ws/src/husky/husky_description/src": No such file or
[0.428s]   directory.
[0.428s] 
[0.428s] 
[0.428s] Invoked command in '/home/lauren/husky_ws/build/husky_description' returned '1': CMAKE_PREFIX_PATH=/opt/ros/foxy:${CMAKE_PREFIX_PATH} /usr/bin/cmake --install /home/lauren/husky_ws/build/husky_description
