[0.017s] Invoking command in '/home/lauren/husky_ws/build/husky_bringup': AMENT_PREFIX_PATH=/home/lauren/husky_ws/install/husky_control:/home/lauren/husky_ws/install/husky_base:/home/lauren/husky_ws/install/husky_msgs:/home/lauren/husky_ws/install/husky_description:${AMENT_PREFIX_PATH} CMAKE_PREFIX_PATH=/home/lauren/husky_ws/install/husky_control:/home/lauren/husky_ws/install/husky_base:/home/lauren/husky_ws/install/husky_msgs:/home/lauren/husky_ws/install/husky_description:/opt/ros/foxy:${CMAKE_PREFIX_PATH} LD_LIBRARY_PATH=/home/lauren/husky_ws/install/husky_base/lib:/home/lauren/husky_ws/install/husky_msgs/lib:${LD_LIBRARY_PATH} PYTHONPATH=/home/lauren/husky_ws/install/husky_msgs/lib/python3.8/site-packages:${PYTHONPATH} /usr/bin/cmake /home/lauren/husky_ws/src/husky/husky_bringup -DCMAKE_INSTALL_PREFIX=/home/lauren/husky_ws/install/husky_bringup
[0.066s] -- The C compiler identification is GNU 9.4.0
[0.119s] -- The CXX compiler identification is GNU 9.4.0
[0.124s] -- Check for working C compiler: /usr/bin/cc
[0.188s] -- Check for working C compiler: /usr/bin/cc -- works
[0.189s] -- Detecting C compiler ABI info
[0.253s] -- Detecting C compiler ABI info - done
[0.264s] -- Detecting C compile features
[0.264s] -- Detecting C compile features - done
[0.266s] -- Check for working CXX compiler: /usr/bin/c++
[0.341s] -- Check for working CXX compiler: /usr/bin/c++ -- works
[0.342s] -- Detecting CXX compiler ABI info
[0.416s] -- Detecting CXX compiler ABI info - done
[0.427s] -- Detecting CXX compile features
[0.427s] -- Detecting CXX compile features - done
[0.430s] -- Found ament_cmake: 0.9.9 (/opt/ros/foxy/share/ament_cmake/cmake)
[0.454s] -- Found PythonInterp: /usr/bin/python3 (found suitable version "3.8.10", minimum required is "3") 
[0.454s] -- Using PYTHON_EXECUTABLE: /usr/bin/python3
[0.727s] -- Configuring done
[0.728s] -- Generating done
[0.729s] -- Build files have been written to: /home/lauren/husky_ws/build/husky_bringup
[0.734s] Invoked command in '/home/lauren/husky_ws/build/husky_bringup' returned '0': AMENT_PREFIX_PATH=/home/lauren/husky_ws/install/husky_control:/home/lauren/husky_ws/install/husky_base:/home/lauren/husky_ws/install/husky_msgs:/home/lauren/husky_ws/install/husky_description:${AMENT_PREFIX_PATH} CMAKE_PREFIX_PATH=/home/lauren/husky_ws/install/husky_control:/home/lauren/husky_ws/install/husky_base:/home/lauren/husky_ws/install/husky_msgs:/home/lauren/husky_ws/install/husky_description:/opt/ros/foxy:${CMAKE_PREFIX_PATH} LD_LIBRARY_PATH=/home/lauren/husky_ws/install/husky_base/lib:/home/lauren/husky_ws/install/husky_msgs/lib:${LD_LIBRARY_PATH} PYTHONPATH=/home/lauren/husky_ws/install/husky_msgs/lib/python3.8/site-packages:${PYTHONPATH} /usr/bin/cmake /home/lauren/husky_ws/src/husky/husky_bringup -DCMAKE_INSTALL_PREFIX=/home/lauren/husky_ws/install/husky_bringup
[0.736s] Invoking command in '/home/lauren/husky_ws/build/husky_bringup': AMENT_PREFIX_PATH=/home/lauren/husky_ws/install/husky_control:/home/lauren/husky_ws/install/husky_base:/home/lauren/husky_ws/install/husky_msgs:/home/lauren/husky_ws/install/husky_description:${AMENT_PREFIX_PATH} CMAKE_PREFIX_PATH=/home/lauren/husky_ws/install/husky_control:/home/lauren/husky_ws/install/husky_base:/home/lauren/husky_ws/install/husky_msgs:/home/lauren/husky_ws/install/husky_description:/opt/ros/foxy:${CMAKE_PREFIX_PATH} LD_LIBRARY_PATH=/home/lauren/husky_ws/install/husky_base/lib:/home/lauren/husky_ws/install/husky_msgs/lib:${LD_LIBRARY_PATH} PYTHONPATH=/home/lauren/husky_ws/install/husky_msgs/lib/python3.8/site-packages:${PYTHONPATH} /usr/bin/cmake --build /home/lauren/husky_ws/build/husky_bringup -- -j8 -l8
[0.771s] Invoked command in '/home/lauren/husky_ws/build/husky_bringup' returned '0': AMENT_PREFIX_PATH=/home/lauren/husky_ws/install/husky_control:/home/lauren/husky_ws/install/husky_base:/home/lauren/husky_ws/install/husky_msgs:/home/lauren/husky_ws/install/husky_description:${AMENT_PREFIX_PATH} CMAKE_PREFIX_PATH=/home/lauren/husky_ws/install/husky_control:/home/lauren/husky_ws/install/husky_base:/home/lauren/husky_ws/install/husky_msgs:/home/lauren/husky_ws/install/husky_description:/opt/ros/foxy:${CMAKE_PREFIX_PATH} LD_LIBRARY_PATH=/home/lauren/husky_ws/install/husky_base/lib:/home/lauren/husky_ws/install/husky_msgs/lib:${LD_LIBRARY_PATH} PYTHONPATH=/home/lauren/husky_ws/install/husky_msgs/lib/python3.8/site-packages:${PYTHONPATH} /usr/bin/cmake --build /home/lauren/husky_ws/build/husky_bringup -- -j8 -l8
[0.794s] Invoking command in '/home/lauren/husky_ws/build/husky_bringup': AMENT_PREFIX_PATH=/home/lauren/husky_ws/install/husky_control:/home/lauren/husky_ws/install/husky_base:/home/lauren/husky_ws/install/husky_msgs:/home/lauren/husky_ws/install/husky_description:${AMENT_PREFIX_PATH} CMAKE_PREFIX_PATH=/home/lauren/husky_ws/install/husky_control:/home/lauren/husky_ws/install/husky_base:/home/lauren/husky_ws/install/husky_msgs:/home/lauren/husky_ws/install/husky_description:/opt/ros/foxy:${CMAKE_PREFIX_PATH} LD_LIBRARY_PATH=/home/lauren/husky_ws/install/husky_base/lib:/home/lauren/husky_ws/install/husky_msgs/lib:${LD_LIBRARY_PATH} PYTHONPATH=/home/lauren/husky_ws/install/husky_msgs/lib/python3.8/site-packages:${PYTHONPATH} /usr/bin/cmake --install /home/lauren/husky_ws/build/husky_bringup
[0.802s] -- Install configuration: ""
[0.802s] -- Installing: /home/lauren/husky_ws/install/husky_bringup/share/husky_bringup/config
[0.802s] -- Installing: /home/lauren/husky_ws/install/husky_bringup/share/husky_bringup/config/mag_config_default.yaml
[0.802s] -- Installing: /home/lauren/husky_ws/install/husky_bringup/share/husky_bringup/launch
[0.802s] -- Installing: /home/lauren/husky_ws/install/husky_bringup/share/husky_bringup/launch/accessories.launch.py
[0.802s] -- Installing: /home/lauren/husky_ws/install/husky_bringup/share/husky_bringup/udev
[0.803s] -- Installing: /home/lauren/husky_ws/install/husky_bringup/share/husky_bringup/udev/41-hokuyo.rules
[0.803s] -- Installing: /home/lauren/husky_ws/install/husky_bringup/share/husky_bringup/udev/10-microstrain.rules
[0.803s] -- Installing: /home/lauren/husky_ws/install/husky_bringup/share/husky_bringup/udev/41-clearpath.rules
[0.803s] -- Installing: /home/lauren/husky_ws/install/husky_bringup/share/husky_bringup/udev/README.md
[0.803s] -- Installing: /home/lauren/husky_ws/install/husky_bringup/share/husky_bringup/udev/41-logitech.rules
[0.803s] -- Installing: /home/lauren/husky_ws/install/husky_bringup/share/husky_bringup/udev/52-ftdi.rules
[0.803s] -- Installing: /home/lauren/husky_ws/install/husky_bringup/lib/husky_bringup/install
[0.803s] -- Installing: /home/lauren/husky_ws/install/husky_bringup/share/ament_index/resource_index/package_run_dependencies/husky_bringup
[0.803s] -- Installing: /home/lauren/husky_ws/install/husky_bringup/share/ament_index/resource_index/parent_prefix_path/husky_bringup
[0.803s] -- Installing: /home/lauren/husky_ws/install/husky_bringup/share/husky_bringup/environment/ament_prefix_path.sh
[0.803s] -- Installing: /home/lauren/husky_ws/install/husky_bringup/share/husky_bringup/environment/ament_prefix_path.dsv
[0.804s] -- Installing: /home/lauren/husky_ws/install/husky_bringup/share/husky_bringup/environment/path.sh
[0.804s] -- Installing: /home/lauren/husky_ws/install/husky_bringup/share/husky_bringup/environment/path.dsv
[0.804s] -- Installing: /home/lauren/husky_ws/install/husky_bringup/share/husky_bringup/local_setup.bash
[0.804s] -- Installing: /home/lauren/husky_ws/install/husky_bringup/share/husky_bringup/local_setup.sh
[0.804s] -- Installing: /home/lauren/husky_ws/install/husky_bringup/share/husky_bringup/local_setup.zsh
[0.804s] -- Installing: /home/lauren/husky_ws/install/husky_bringup/share/husky_bringup/local_setup.dsv
[0.804s] -- Installing: /home/lauren/husky_ws/install/husky_bringup/share/husky_bringup/package.dsv
[0.804s] -- Installing: /home/lauren/husky_ws/install/husky_bringup/share/ament_index/resource_index/packages/husky_bringup
[0.805s] -- Installing: /home/lauren/husky_ws/install/husky_bringup/share/husky_bringup/cmake/husky_bringupConfig.cmake
[0.805s] -- Installing: /home/lauren/husky_ws/install/husky_bringup/share/husky_bringup/cmake/husky_bringupConfig-version.cmake
[0.805s] -- Installing: /home/lauren/husky_ws/install/husky_bringup/share/husky_bringup/package.xml
[0.809s] Invoked command in '/home/lauren/husky_ws/build/husky_bringup' returned '0': AMENT_PREFIX_PATH=/home/lauren/husky_ws/install/husky_control:/home/lauren/husky_ws/install/husky_base:/home/lauren/husky_ws/install/husky_msgs:/home/lauren/husky_ws/install/husky_description:${AMENT_PREFIX_PATH} CMAKE_PREFIX_PATH=/home/lauren/husky_ws/install/husky_control:/home/lauren/husky_ws/install/husky_base:/home/lauren/husky_ws/install/husky_msgs:/home/lauren/husky_ws/install/husky_description:/opt/ros/foxy:${CMAKE_PREFIX_PATH} LD_LIBRARY_PATH=/home/lauren/husky_ws/install/husky_base/lib:/home/lauren/husky_ws/install/husky_msgs/lib:${LD_LIBRARY_PATH} PYTHONPATH=/home/lauren/husky_ws/install/husky_msgs/lib/python3.8/site-packages:${PYTHONPATH} /usr/bin/cmake --install /home/lauren/husky_ws/build/husky_bringup
