[0.016s] Invoking command in '/home/lauren/husky_ws/build/husky_bringup': AMENT_PREFIX_PATH=/home/lauren/husky_ws/install/husky_control:/home/lauren/husky_ws/install/husky_base:/home/lauren/husky_ws/install/husky_msgs:/home/lauren/husky_ws/install/husky_description:${AMENT_PREFIX_PATH} CMAKE_PREFIX_PATH=/home/lauren/husky_ws/install/husky_control:/home/lauren/husky_ws/install/husky_base:/home/lauren/husky_ws/install/husky_msgs:/home/lauren/husky_ws/install/husky_description:/opt/ros/foxy:${CMAKE_PREFIX_PATH} LD_LIBRARY_PATH=/home/lauren/husky_ws/install/husky_base/lib:/home/lauren/husky_ws/install/husky_msgs/lib:${LD_LIBRARY_PATH} PYTHONPATH=/home/lauren/husky_ws/install/husky_msgs/lib/python3.8/site-packages:${PYTHONPATH} /usr/bin/cmake --build /home/lauren/husky_ws/build/husky_bringup -- -j8 -l8
[0.051s] Invoked command in '/home/lauren/husky_ws/build/husky_bringup' returned '0': AMENT_PREFIX_PATH=/home/lauren/husky_ws/install/husky_control:/home/lauren/husky_ws/install/husky_base:/home/lauren/husky_ws/install/husky_msgs:/home/lauren/husky_ws/install/husky_description:${AMENT_PREFIX_PATH} CMAKE_PREFIX_PATH=/home/lauren/husky_ws/install/husky_control:/home/lauren/husky_ws/install/husky_base:/home/lauren/husky_ws/install/husky_msgs:/home/lauren/husky_ws/install/husky_description:/opt/ros/foxy:${CMAKE_PREFIX_PATH} LD_LIBRARY_PATH=/home/lauren/husky_ws/install/husky_base/lib:/home/lauren/husky_ws/install/husky_msgs/lib:${LD_LIBRARY_PATH} PYTHONPATH=/home/lauren/husky_ws/install/husky_msgs/lib/python3.8/site-packages:${PYTHONPATH} /usr/bin/cmake --build /home/lauren/husky_ws/build/husky_bringup -- -j8 -l8
[0.071s] Invoking command in '/home/lauren/husky_ws/build/husky_bringup': AMENT_PREFIX_PATH=/home/lauren/husky_ws/install/husky_control:/home/lauren/husky_ws/install/husky_base:/home/lauren/husky_ws/install/husky_msgs:/home/lauren/husky_ws/install/husky_description:${AMENT_PREFIX_PATH} CMAKE_PREFIX_PATH=/home/lauren/husky_ws/install/husky_control:/home/lauren/husky_ws/install/husky_base:/home/lauren/husky_ws/install/husky_msgs:/home/lauren/husky_ws/install/husky_description:/opt/ros/foxy:${CMAKE_PREFIX_PATH} LD_LIBRARY_PATH=/home/lauren/husky_ws/install/husky_base/lib:/home/lauren/husky_ws/install/husky_msgs/lib:${LD_LIBRARY_PATH} PYTHONPATH=/home/lauren/husky_ws/install/husky_msgs/lib/python3.8/site-packages:${PYTHONPATH} /usr/bin/cmake --install /home/lauren/husky_ws/build/husky_bringup
[0.081s] -- Install configuration: ""
[0.081s] -- Up-to-date: /home/lauren/husky_ws/install/husky_bringup/share/husky_bringup/config
[0.081s] -- Up-to-date: /home/lauren/husky_ws/install/husky_bringup/share/husky_bringup/config/mag_config_default.yaml
[0.082s] -- Up-to-date: /home/lauren/husky_ws/install/husky_bringup/share/husky_bringup/launch
[0.082s] -- Up-to-date: /home/lauren/husky_ws/install/husky_bringup/share/husky_bringup/launch/accessories.launch.py
[0.082s] -- Up-to-date: /home/lauren/husky_ws/install/husky_bringup/share/husky_bringup/udev
[0.082s] -- Up-to-date: /home/lauren/husky_ws/install/husky_bringup/share/husky_bringup/udev/41-hokuyo.rules
[0.082s] -- Up-to-date: /home/lauren/husky_ws/install/husky_bringup/share/husky_bringup/udev/10-microstrain.rules
[0.082s] -- Up-to-date: /home/lauren/husky_ws/install/husky_bringup/share/husky_bringup/udev/41-clearpath.rules
[0.082s] -- Up-to-date: /home/lauren/husky_ws/install/husky_bringup/share/husky_bringup/udev/README.md
[0.082s] -- Up-to-date: /home/lauren/husky_ws/install/husky_bringup/share/husky_bringup/udev/41-logitech.rules
[0.082s] -- Up-to-date: /home/lauren/husky_ws/install/husky_bringup/share/husky_bringup/udev/52-ftdi.rules
[0.082s] -- Up-to-date: /home/lauren/husky_ws/install/husky_bringup/lib/husky_bringup/install
[0.082s] -- Up-to-date: /home/lauren/husky_ws/install/husky_bringup/share/ament_index/resource_index/package_run_dependencies/husky_bringup
[0.082s] -- Up-to-date: /home/lauren/husky_ws/install/husky_bringup/share/ament_index/resource_index/parent_prefix_path/husky_bringup
[0.082s] -- Up-to-date: /home/lauren/husky_ws/install/husky_bringup/share/husky_bringup/environment/ament_prefix_path.sh
[0.083s] -- Up-to-date: /home/lauren/husky_ws/install/husky_bringup/share/husky_bringup/environment/ament_prefix_path.dsv
[0.083s] -- Up-to-date: /home/lauren/husky_ws/install/husky_bringup/share/husky_bringup/environment/path.sh
[0.083s] -- Up-to-date: /home/lauren/husky_ws/install/husky_bringup/share/husky_bringup/environment/path.dsv
[0.083s] -- Up-to-date: /home/lauren/husky_ws/install/husky_bringup/share/husky_bringup/local_setup.bash
[0.083s] -- Up-to-date: /home/lauren/husky_ws/install/husky_bringup/share/husky_bringup/local_setup.sh
[0.083s] -- Up-to-date: /home/lauren/husky_ws/install/husky_bringup/share/husky_bringup/local_setup.zsh
[0.083s] -- Up-to-date: /home/lauren/husky_ws/install/husky_bringup/share/husky_bringup/local_setup.dsv
[0.083s] -- Installing: /home/lauren/husky_ws/install/husky_bringup/share/husky_bringup/package.dsv
[0.083s] -- Up-to-date: /home/lauren/husky_ws/install/husky_bringup/share/ament_index/resource_index/packages/husky_bringup
[0.083s] -- Up-to-date: /home/lauren/husky_ws/install/husky_bringup/share/husky_bringup/cmake/husky_bringupConfig.cmake
[0.083s] -- Up-to-date: /home/lauren/husky_ws/install/husky_bringup/share/husky_bringup/cmake/husky_bringupConfig-version.cmake
[0.083s] -- Up-to-date: /home/lauren/husky_ws/install/husky_bringup/share/husky_bringup/package.xml
[0.086s] Invoked command in '/home/lauren/husky_ws/build/husky_bringup' returned '0': AMENT_PREFIX_PATH=/home/lauren/husky_ws/install/husky_control:/home/lauren/husky_ws/install/husky_base:/home/lauren/husky_ws/install/husky_msgs:/home/lauren/husky_ws/install/husky_description:${AMENT_PREFIX_PATH} CMAKE_PREFIX_PATH=/home/lauren/husky_ws/install/husky_control:/home/lauren/husky_ws/install/husky_base:/home/lauren/husky_ws/install/husky_msgs:/home/lauren/husky_ws/install/husky_description:/opt/ros/foxy:${CMAKE_PREFIX_PATH} LD_LIBRARY_PATH=/home/lauren/husky_ws/install/husky_base/lib:/home/lauren/husky_ws/install/husky_msgs/lib:${LD_LIBRARY_PATH} PYTHONPATH=/home/lauren/husky_ws/install/husky_msgs/lib/python3.8/site-packages:${PYTHONPATH} /usr/bin/cmake --install /home/lauren/husky_ws/build/husky_bringup
