[0.043s] Invoking command in '/home/lauren/husky_ws/build/husky_desktop': CMAKE_PREFIX_PATH=/home/lauren/husky_ws/install/husky_viz:/home/lauren/husky_ws/install/husky_msgs:/home/lauren/husky_ws/install/husky_description:/home/lauren/husky_ws/install/husky_desktop:/home/lauren/husky_ws/install/husky_simulator:/home/lauren/husky_ws/install/husky_robot:/home/lauren/husky_ws/install/husky_bringup:/home/lauren/husky_ws/install/husky_base:/home/lauren/husky_ws/install/husky_gazebo:/home/lauren/husky_ws/install/husky_control:/opt/ros/foxy:/home/lauren/catkin_ws/devel:/home/lauren/rbe502_ros/devel:/opt/ros/noetic LD_LIBRARY_PATH=/home/lauren/husky_ws/install/husky_msgs/lib:/home/lauren/husky_ws/install/husky_base/lib:/usr/lib/x86_64-linux-gnu/gazebo-11/plugins:/opt/ros/foxy/opt/yaml_cpp_vendor/lib:/opt/ros/foxy/opt/rviz_ogre_vendor/lib:/opt/ros/foxy/lib/x86_64-linux-gnu:/opt/ros/foxy/lib:/home/lauren/catkin_ws/devel/lib:/home/lauren/rbe502_ros/devel/lib:/opt/ros/noetic/lib /usr/bin/cmake --build /home/lauren/husky_ws/build/husky_desktop -- -j8 -l8
[0.083s] Invoked command in '/home/lauren/husky_ws/build/husky_desktop' returned '0': CMAKE_PREFIX_PATH=/home/lauren/husky_ws/install/husky_viz:/home/lauren/husky_ws/install/husky_msgs:/home/lauren/husky_ws/install/husky_description:/home/lauren/husky_ws/install/husky_desktop:/home/lauren/husky_ws/install/husky_simulator:/home/lauren/husky_ws/install/husky_robot:/home/lauren/husky_ws/install/husky_bringup:/home/lauren/husky_ws/install/husky_base:/home/lauren/husky_ws/install/husky_gazebo:/home/lauren/husky_ws/install/husky_control:/opt/ros/foxy:/home/lauren/catkin_ws/devel:/home/lauren/rbe502_ros/devel:/opt/ros/noetic LD_LIBRARY_PATH=/home/lauren/husky_ws/install/husky_msgs/lib:/home/lauren/husky_ws/install/husky_base/lib:/usr/lib/x86_64-linux-gnu/gazebo-11/plugins:/opt/ros/foxy/opt/yaml_cpp_vendor/lib:/opt/ros/foxy/opt/rviz_ogre_vendor/lib:/opt/ros/foxy/lib/x86_64-linux-gnu:/opt/ros/foxy/lib:/home/lauren/catkin_ws/devel/lib:/home/lauren/rbe502_ros/devel/lib:/opt/ros/noetic/lib /usr/bin/cmake --build /home/lauren/husky_ws/build/husky_desktop -- -j8 -l8
[0.107s] Invoking command in '/home/lauren/husky_ws/build/husky_desktop': CMAKE_PREFIX_PATH=/home/lauren/husky_ws/install/husky_viz:/home/lauren/husky_ws/install/husky_msgs:/home/lauren/husky_ws/install/husky_description:/home/lauren/husky_ws/install/husky_desktop:/home/lauren/husky_ws/install/husky_simulator:/home/lauren/husky_ws/install/husky_robot:/home/lauren/husky_ws/install/husky_bringup:/home/lauren/husky_ws/install/husky_base:/home/lauren/husky_ws/install/husky_gazebo:/home/lauren/husky_ws/install/husky_control:/opt/ros/foxy:/home/lauren/catkin_ws/devel:/home/lauren/rbe502_ros/devel:/opt/ros/noetic LD_LIBRARY_PATH=/home/lauren/husky_ws/install/husky_msgs/lib:/home/lauren/husky_ws/install/husky_base/lib:/usr/lib/x86_64-linux-gnu/gazebo-11/plugins:/opt/ros/foxy/opt/yaml_cpp_vendor/lib:/opt/ros/foxy/opt/rviz_ogre_vendor/lib:/opt/ros/foxy/lib/x86_64-linux-gnu:/opt/ros/foxy/lib:/home/lauren/catkin_ws/devel/lib:/home/lauren/rbe502_ros/devel/lib:/opt/ros/noetic/lib /usr/bin/cmake --install /home/lauren/husky_ws/build/husky_desktop
[0.116s] -- Install configuration: ""
[0.117s] -- Up-to-date: /home/lauren/husky_ws/install/husky_desktop/share/ament_index/resource_index/package_run_dependencies/husky_desktop
[0.117s] -- Up-to-date: /home/lauren/husky_ws/install/husky_desktop/share/ament_index/resource_index/parent_prefix_path/husky_desktop
[0.117s] -- Up-to-date: /home/lauren/husky_ws/install/husky_desktop/share/husky_desktop/environment/ament_prefix_path.sh
[0.117s] -- Up-to-date: /home/lauren/husky_ws/install/husky_desktop/share/husky_desktop/environment/ament_prefix_path.dsv
[0.117s] -- Up-to-date: /home/lauren/husky_ws/install/husky_desktop/share/husky_desktop/environment/path.sh
[0.117s] -- Up-to-date: /home/lauren/husky_ws/install/husky_desktop/share/husky_desktop/environment/path.dsv
[0.118s] -- Up-to-date: /home/lauren/husky_ws/install/husky_desktop/share/husky_desktop/local_setup.bash
[0.121s] -- Up-to-date: /home/lauren/husky_ws/install/husky_desktop/share/husky_desktop/local_setup.sh
[0.121s] -- Up-to-date: /home/lauren/husky_ws/install/husky_desktop/share/husky_desktop/local_setup.zsh
[0.121s] -- Up-to-date: /home/lauren/husky_ws/install/husky_desktop/share/husky_desktop/local_setup.dsv
[0.121s] -- Installing: /home/lauren/husky_ws/install/husky_desktop/share/husky_desktop/package.dsv
[0.121s] -- Up-to-date: /home/lauren/husky_ws/install/husky_desktop/share/ament_index/resource_index/packages/husky_desktop
[0.122s] -- Up-to-date: /home/lauren/husky_ws/install/husky_desktop/share/husky_desktop/cmake/husky_desktopConfig.cmake
[0.122s] -- Up-to-date: /home/lauren/husky_ws/install/husky_desktop/share/husky_desktop/cmake/husky_desktopConfig-version.cmake
[0.122s] -- Up-to-date: /home/lauren/husky_ws/install/husky_desktop/share/husky_desktop/package.xml
[0.122s] Invoked command in '/home/lauren/husky_ws/build/husky_desktop' returned '0': CMAKE_PREFIX_PATH=/home/lauren/husky_ws/install/husky_viz:/home/lauren/husky_ws/install/husky_msgs:/home/lauren/husky_ws/install/husky_description:/home/lauren/husky_ws/install/husky_desktop:/home/lauren/husky_ws/install/husky_simulator:/home/lauren/husky_ws/install/husky_robot:/home/lauren/husky_ws/install/husky_bringup:/home/lauren/husky_ws/install/husky_base:/home/lauren/husky_ws/install/husky_gazebo:/home/lauren/husky_ws/install/husky_control:/opt/ros/foxy:/home/lauren/catkin_ws/devel:/home/lauren/rbe502_ros/devel:/opt/ros/noetic LD_LIBRARY_PATH=/home/lauren/husky_ws/install/husky_msgs/lib:/home/lauren/husky_ws/install/husky_base/lib:/usr/lib/x86_64-linux-gnu/gazebo-11/plugins:/opt/ros/foxy/opt/yaml_cpp_vendor/lib:/opt/ros/foxy/opt/rviz_ogre_vendor/lib:/opt/ros/foxy/lib/x86_64-linux-gnu:/opt/ros/foxy/lib:/home/lauren/catkin_ws/devel/lib:/home/lauren/rbe502_ros/devel/lib:/opt/ros/noetic/lib /usr/bin/cmake --install /home/lauren/husky_ws/build/husky_desktop
