[0.017s] Invoking command in '/home/lauren/husky_ws/build/husky_viz': AMENT_PREFIX_PATH=/home/lauren/husky_ws/install/husky_description:${AMENT_PREFIX_PATH} CMAKE_PREFIX_PATH=/home/lauren/husky_ws/install/husky_description:/opt/ros/foxy:${CMAKE_PREFIX_PATH} /usr/bin/cmake /home/lauren/husky_ws/src/husky/husky_viz -DCMAKE_INSTALL_PREFIX=/home/lauren/husky_ws/install/husky_viz
[0.071s] -- The C compiler identification is GNU 9.4.0
[0.125s] -- The CXX compiler identification is GNU 9.4.0
[0.129s] -- Check for working C compiler: /usr/bin/cc
[0.195s] -- Check for working C compiler: /usr/bin/cc -- works
[0.196s] -- Detecting C compiler ABI info
[0.264s] -- Detecting C compiler ABI info - done
[0.275s] -- Detecting C compile features
[0.276s] -- Detecting C compile features - done
[0.279s] -- Check for working CXX compiler: /usr/bin/c++
[0.355s] -- Check for working CXX compiler: /usr/bin/c++ -- works
[0.356s] -- Detecting CXX compiler ABI info
[0.432s] -- Detecting CXX compiler ABI info - done
[0.454s] -- Detecting CXX compile features
[0.455s] -- Detecting CXX compile features - done
[0.458s] -- Found ament_cmake: 0.9.9 (/opt/ros/foxy/share/ament_cmake/cmake)
[0.485s] -- Found PythonInterp: /usr/bin/python3 (found suitable version "3.8.10", minimum required is "3") 
[0.485s] -- Using PYTHON_EXECUTABLE: /usr/bin/python3
[0.796s] -- Configuring done
[0.797s] -- Generating done
[0.798s] -- Build files have been written to: /home/lauren/husky_ws/build/husky_viz
[0.801s] Invoked command in '/home/lauren/husky_ws/build/husky_viz' returned '0': AMENT_PREFIX_PATH=/home/lauren/husky_ws/install/husky_description:${AMENT_PREFIX_PATH} CMAKE_PREFIX_PATH=/home/lauren/husky_ws/install/husky_description:/opt/ros/foxy:${CMAKE_PREFIX_PATH} /usr/bin/cmake /home/lauren/husky_ws/src/husky/husky_viz -DCMAKE_INSTALL_PREFIX=/home/lauren/husky_ws/install/husky_viz
[0.804s] Invoking command in '/home/lauren/husky_ws/build/husky_viz': AMENT_PREFIX_PATH=/home/lauren/husky_ws/install/husky_description:${AMENT_PREFIX_PATH} CMAKE_PREFIX_PATH=/home/lauren/husky_ws/install/husky_description:/opt/ros/foxy:${CMAKE_PREFIX_PATH} /usr/bin/cmake --build /home/lauren/husky_ws/build/husky_viz -- -j8 -l8
[0.843s] Invoked command in '/home/lauren/husky_ws/build/husky_viz' returned '0': AMENT_PREFIX_PATH=/home/lauren/husky_ws/install/husky_description:${AMENT_PREFIX_PATH} CMAKE_PREFIX_PATH=/home/lauren/husky_ws/install/husky_description:/opt/ros/foxy:${CMAKE_PREFIX_PATH} /usr/bin/cmake --build /home/lauren/husky_ws/build/husky_viz -- -j8 -l8
[0.878s] Invoking command in '/home/lauren/husky_ws/build/husky_viz': AMENT_PREFIX_PATH=/home/lauren/husky_ws/install/husky_description:${AMENT_PREFIX_PATH} CMAKE_PREFIX_PATH=/home/lauren/husky_ws/install/husky_description:/opt/ros/foxy:${CMAKE_PREFIX_PATH} /usr/bin/cmake --install /home/lauren/husky_ws/build/husky_viz
[0.888s] -- Install configuration: ""
[0.888s] -- Installing: /home/lauren/husky_ws/install/husky_viz/share/husky_viz/launch
[0.888s] -- Installing: /home/lauren/husky_ws/install/husky_viz/share/husky_viz/launch/view_robot.launch
[0.888s] -- Installing: /home/lauren/husky_ws/install/husky_viz/share/husky_viz/launch/view_robot.launch.py
[0.889s] -- Installing: /home/lauren/husky_ws/install/husky_viz/share/husky_viz/launch/view_model.launch
[0.889s] -- Installing: /home/lauren/husky_ws/install/husky_viz/share/husky_viz/launch/view_model.launch.py
[0.889s] -- Installing: /home/lauren/husky_ws/install/husky_viz/share/husky_viz/rviz
[0.889s] -- Installing: /home/lauren/husky_ws/install/husky_viz/share/husky_viz/rviz/test.rviz
[0.889s] -- Installing: /home/lauren/husky_ws/install/husky_viz/share/husky_viz/rviz/model.rviz
[0.890s] -- Installing: /home/lauren/husky_ws/install/husky_viz/share/husky_viz/rviz/robot.rviz
[0.890s] -- Installing: /home/lauren/husky_ws/install/husky_viz/share/ament_index/resource_index/package_run_dependencies/husky_viz
[0.890s] -- Installing: /home/lauren/husky_ws/install/husky_viz/share/ament_index/resource_index/parent_prefix_path/husky_viz
[0.890s] -- Installing: /home/lauren/husky_ws/install/husky_viz/share/husky_viz/environment/ament_prefix_path.sh
[0.890s] -- Installing: /home/lauren/husky_ws/install/husky_viz/share/husky_viz/environment/ament_prefix_path.dsv
[0.891s] -- Installing: /home/lauren/husky_ws/install/husky_viz/share/husky_viz/environment/path.sh
[0.891s] -- Installing: /home/lauren/husky_ws/install/husky_viz/share/husky_viz/environment/path.dsv
[0.891s] -- Installing: /home/lauren/husky_ws/install/husky_viz/share/husky_viz/local_setup.bash
[0.891s] -- Installing: /home/lauren/husky_ws/install/husky_viz/share/husky_viz/local_setup.sh
[0.891s] -- Installing: /home/lauren/husky_ws/install/husky_viz/share/husky_viz/local_setup.zsh
[0.891s] -- Installing: /home/lauren/husky_ws/install/husky_viz/share/husky_viz/local_setup.dsv
[0.891s] -- Installing: /home/lauren/husky_ws/install/husky_viz/share/husky_viz/package.dsv
[0.892s] -- Installing: /home/lauren/husky_ws/install/husky_viz/share/ament_index/resource_index/packages/husky_viz
[0.892s] -- Installing: /home/lauren/husky_ws/install/husky_viz/share/husky_viz/cmake/husky_vizConfig.cmake
[0.892s] -- Installing: /home/lauren/husky_ws/install/husky_viz/share/husky_viz/cmake/husky_vizConfig-version.cmake
[0.896s] -- Installing: /home/lauren/husky_ws/install/husky_viz/share/husky_viz/package.xml
[0.896s] Invoked command in '/home/lauren/husky_ws/build/husky_viz' returned '0': AMENT_PREFIX_PATH=/home/lauren/husky_ws/install/husky_description:${AMENT_PREFIX_PATH} CMAKE_PREFIX_PATH=/home/lauren/husky_ws/install/husky_description:/opt/ros/foxy:${CMAKE_PREFIX_PATH} /usr/bin/cmake --install /home/lauren/husky_ws/build/husky_viz
