[0.027s] Invoking command in '/home/lauren/husky_ws/build/husky_description': CMAKE_PREFIX_PATH=/opt/ros/foxy:${CMAKE_PREFIX_PATH} /usr/bin/cmake /home/lauren/husky_ws/src/husky/husky_description -DCMAKE_INSTALL_PREFIX=/home/lauren/husky_ws/install/husky_description
[0.081s] -- The C compiler identification is GNU 9.4.0
[0.135s] -- The CXX compiler identification is GNU 9.4.0
[0.140s] -- Check for working C compiler: /usr/bin/cc
[0.206s] -- Check for working C compiler: /usr/bin/cc -- works
[0.207s] -- Detecting C compiler ABI info
[0.273s] -- Detecting C compiler ABI info - done
[0.292s] -- Detecting C compile features
[0.292s] -- Detecting C compile features - done
[0.295s] -- Check for working CXX compiler: /usr/bin/c++
[0.370s] -- Check for working CXX compiler: /usr/bin/c++ -- works
[0.371s] -- Detecting CXX compiler ABI info
[0.449s] -- Detecting CXX compiler ABI info - done
[0.470s] -- Detecting CXX compile features
[0.471s] -- Detecting CXX compile features - done
[0.474s] -- Found ament_cmake: 0.9.9 (/opt/ros/foxy/share/ament_cmake/cmake)
[0.497s] -- Found PythonInterp: /usr/bin/python3 (found suitable version "3.8.10", minimum required is "3") 
[0.497s] -- Using PYTHON_EXECUTABLE: /usr/bin/python3
[0.731s] -- Found urdf: 2.4.0 (/opt/ros/foxy/share/urdf/cmake)
[0.817s] -- Configuring done
[0.819s] -- Generating done
[0.820s] -- Build files have been written to: /home/lauren/husky_ws/build/husky_description
[0.825s] Invoked command in '/home/lauren/husky_ws/build/husky_description' returned '0': CMAKE_PREFIX_PATH=/opt/ros/foxy:${CMAKE_PREFIX_PATH} /usr/bin/cmake /home/lauren/husky_ws/src/husky/husky_description -DCMAKE_INSTALL_PREFIX=/home/lauren/husky_ws/install/husky_description
[0.829s] Invoking command in '/home/lauren/husky_ws/build/husky_description': CMAKE_PREFIX_PATH=/opt/ros/foxy:${CMAKE_PREFIX_PATH} /usr/bin/cmake --build /home/lauren/husky_ws/build/husky_description -- -j8 -l8
[0.866s] Invoked command in '/home/lauren/husky_ws/build/husky_description' returned '0': CMAKE_PREFIX_PATH=/opt/ros/foxy:${CMAKE_PREFIX_PATH} /usr/bin/cmake --build /home/lauren/husky_ws/build/husky_description -- -j8 -l8
[0.899s] Invoking command in '/home/lauren/husky_ws/build/husky_description': CMAKE_PREFIX_PATH=/opt/ros/foxy:${CMAKE_PREFIX_PATH} /usr/bin/cmake --install /home/lauren/husky_ws/build/husky_description
[0.906s] -- Install configuration: ""
[0.907s] -- Installing: /home/lauren/husky_ws/install/husky_description/share/husky_description/launch
[0.907s] -- Installing: /home/lauren/husky_ws/install/husky_description/share/husky_description/launch/description.launch.py
[0.907s] -- Installing: /home/lauren/husky_ws/install/husky_description/share/husky_description/launch/description.launch
[0.907s] -- Installing: /home/lauren/husky_ws/install/husky_description/share/husky_description/meshes
[0.907s] -- Installing: /home/lauren/husky_ws/install/husky_description/share/husky_description/meshes/base_link.dae
[0.907s] -- Installing: /home/lauren/husky_ws/install/husky_description/share/husky_description/meshes/wheel.stl
[0.909s] -- Installing: /home/lauren/husky_ws/install/husky_description/share/husky_description/meshes/user_rail.stl
[0.909s] -- Installing: /home/lauren/husky_ws/install/husky_description/share/husky_description/meshes/top_plate.dae
[0.909s] -- Installing: /home/lauren/husky_ws/install/husky_description/share/husky_description/meshes/top_chassis.dae
[0.910s] -- Installing: /home/lauren/husky_ws/install/husky_description/share/husky_description/meshes/user_rail.dae
[0.911s] -- Installing: /home/lauren/husky_ws/install/husky_description/share/husky_description/meshes/bumper_extension.dae
[0.911s] -- Installing: /home/lauren/husky_ws/install/husky_description/share/husky_description/meshes/large_top_plate.dae
[0.911s] -- Installing: /home/lauren/husky_ws/install/husky_description/share/husky_description/meshes/top_plate.stl
[0.912s] -- Installing: /home/lauren/husky_ws/install/husky_description/share/husky_description/meshes/bumper.dae
[0.912s] -- Installing: /home/lauren/husky_ws/install/husky_description/share/husky_description/meshes/accessories
[0.912s] -- Installing: /home/lauren/husky_ws/install/husky_description/share/husky_description/meshes/accessories/510_mm_sensor_arch.dae
[0.912s] -- Installing: /home/lauren/husky_ws/install/husky_description/share/husky_description/meshes/accessories/300_mm_sensor_arch.dae
[0.912s] -- Installing: /home/lauren/husky_ws/install/husky_description/share/husky_description/meshes/accessories/510_mm_sensor_arch.stl
[0.912s] -- Installing: /home/lauren/husky_ws/install/husky_description/share/husky_description/meshes/accessories/lms1xx_mount.stl
[0.912s] -- Installing: /home/lauren/husky_ws/install/husky_description/share/husky_description/meshes/accessories/lidar_mount.stl
[0.912s] -- Installing: /home/lauren/husky_ws/install/husky_description/share/husky_description/meshes/accessories/lms1xx_mount.dae
[0.912s] -- Installing: /home/lauren/husky_ws/install/husky_description/share/husky_description/meshes/accessories/300_mm_sensor_arch.stl
[0.912s] -- Installing: /home/lauren/husky_ws/install/husky_description/share/husky_description/meshes/large_top_plate_collision.stl
[0.913s] -- Installing: /home/lauren/husky_ws/install/husky_description/share/husky_description/meshes/wheel.dae
[0.916s] -- Installing: /home/lauren/husky_ws/install/husky_description/share/husky_description/meshes/base_link.stl
[0.916s] -- Installing: /home/lauren/husky_ws/install/husky_description/share/husky_description/meshes/top_chassis.stl
[0.917s] -- Installing: /home/lauren/husky_ws/install/husky_description/share/husky_description/urdf
[0.917s] -- Installing: /home/lauren/husky_ws/install/husky_description/share/husky_description/urdf/empty.urdf
[0.917s] -- Installing: /home/lauren/husky_ws/install/husky_description/share/husky_description/urdf/husky.urdf.xacro
[0.918s] -- Installing: /home/lauren/husky_ws/install/husky_description/share/husky_description/urdf/wheel.urdf.xacro
[0.918s] -- Installing: /home/lauren/husky_ws/install/husky_description/share/husky_description/urdf/husky_macro.urdf.xacro
[0.918s] -- Installing: /home/lauren/husky_ws/install/husky_description/share/husky_description/urdf/decorations.urdf.xacro
[0.918s] -- Installing: /home/lauren/husky_ws/install/husky_description/share/husky_description/urdf/accessories
[0.918s] -- Installing: /home/lauren/husky_ws/install/husky_description/share/husky_description/urdf/accessories/sensor_arch.urdf.xacro
[0.918s] -- Installing: /home/lauren/husky_ws/install/husky_description/share/husky_description/urdf/accessories/sick_lms1xx_mount.urdf.xacro
[0.918s] -- Installing: /home/lauren/husky_ws/install/husky_description/share/husky_description/urdf/accessories/intel_realsense.urdf.xacro
[0.918s] -- Installing: /home/lauren/husky_ws/install/husky_description/share/ament_index/resource_index/package_run_dependencies/husky_description
[0.918s] -- Installing: /home/lauren/husky_ws/install/husky_description/share/ament_index/resource_index/parent_prefix_path/husky_description
[0.918s] -- Installing: /home/lauren/husky_ws/install/husky_description/share/husky_description/environment/ament_prefix_path.sh
[0.918s] -- Installing: /home/lauren/husky_ws/install/husky_description/share/husky_description/environment/ament_prefix_path.dsv
[0.919s] -- Installing: /home/lauren/husky_ws/install/husky_description/share/husky_description/environment/path.sh
[0.919s] -- Installing: /home/lauren/husky_ws/install/husky_description/share/husky_description/environment/path.dsv
[0.919s] -- Installing: /home/lauren/husky_ws/install/husky_description/share/husky_description/local_setup.bash
[0.919s] -- Installing: /home/lauren/husky_ws/install/husky_description/share/husky_description/local_setup.sh
[0.919s] -- Installing: /home/lauren/husky_ws/install/husky_description/share/husky_description/local_setup.zsh
[0.919s] -- Installing: /home/lauren/husky_ws/install/husky_description/share/husky_description/local_setup.dsv
[0.919s] -- Installing: /home/lauren/husky_ws/install/husky_description/share/husky_description/package.dsv
[0.919s] -- Installing: /home/lauren/husky_ws/install/husky_description/share/ament_index/resource_index/packages/husky_description
[0.919s] -- Installing: /home/lauren/husky_ws/install/husky_description/share/husky_description/cmake/ament_cmake_export_dependencies-extras.cmake
[0.920s] -- Installing: /home/lauren/husky_ws/install/husky_description/share/husky_description/cmake/husky_descriptionConfig.cmake
[0.920s] -- Installing: /home/lauren/husky_ws/install/husky_description/share/husky_description/cmake/husky_descriptionConfig-version.cmake
[0.920s] -- Installing: /home/lauren/husky_ws/install/husky_description/share/husky_description/package.xml
[0.922s] Invoked command in '/home/lauren/husky_ws/build/husky_description' returned '0': CMAKE_PREFIX_PATH=/opt/ros/foxy:${CMAKE_PREFIX_PATH} /usr/bin/cmake --install /home/lauren/husky_ws/build/husky_description
